{"/home/melau/Desktop/HudumaConnect/HudumaConnect-Backend/src/__tests__/setup.js": {"path":"/home/melau/Desktop/HudumaConnect/HudumaConnect-Backend/src/__tests__/setup.js","statementMap":{"0":{"start":{"line":2,"column":0},"end":{"line":2,"column":30}},"1":{"start":{"line":3,"column":0},"end":{"line":3,"column":39}},"2":{"start":{"line":4,"column":0},"end":{"line":4,"column":30}},"3":{"start":{"line":5,"column":0},"end":{"line":5,"column":51}},"4":{"start":{"line":8,"column":0},"end":{"line":13,"column":3}},"5":{"start":{"line":9,"column":2},"end":{"line":12,"column":4}}},"fnMap":{"0":{"name":"(anonymous_0)","decl":{"start":{"line":8,"column":23},"end":{"line":8,"column":24}},"loc":{"start":{"line":8,"column":29},"end":{"line":13,"column":1}},"line":8},"1":{"name":"(anonymous_1)","decl":{"start":{"line":10,"column":4},"end":{"line":10,"column":5}},"loc":{"start":{"line":10,"column":9},"end":{"line":10,"column":11}},"line":10},"2":{"name":"(anonymous_2)","decl":{"start":{"line":11,"column":4},"end":{"line":11,"column":5}},"loc":{"start":{"line":11,"column":11},"end":{"line":11,"column":13}},"line":11}},"branchMap":{},"s":{"0":0,"1":0,"2":0,"3":0,"4":0,"5":0},"f":{"0":0,"1":0,"2":0},"b":{}}
,"/home/melau/Desktop/HudumaConnect/HudumaConnect-Backend/src/controllers/adminController.js": {"path":"/home/melau/Desktop/HudumaConnect/HudumaConnect-Backend/src/controllers/adminController.js","statementMap":{"0":{"start":{"line":1,"column":17},"end":{"line":1,"column":46}},"1":{"start":{"line":2,"column":13},"end":{"line":2,"column":38}},"2":{"start":{"line":3,"column":23},"end":{"line":3,"column":58}},"3":{"start":{"line":4,"column":21},"end":{"line":4,"column":54}},"4":{"start":{"line":5,"column":17},"end":{"line":5,"column":36}},"5":{"start":{"line":6,"column":26},"end":{"line":6,"column":54}},"6":{"start":{"line":13,"column":26},"end":{"line":88,"column":1}},"7":{"start":{"line":14,"column":2},"end":{"line":87,"column":3}},"8":{"start":{"line":27,"column":8},"end":{"line":48,"column":6}},"9":{"start":{"line":51,"column":28},"end":{"line":58,"column":5}},"10":{"start":{"line":60,"column":4},"end":{"line":64,"column":7}},"11":{"start":{"line":61,"column":6},"end":{"line":63,"column":7}},"12":{"start":{"line":62,"column":8},"end":{"line":62,"column":47}},"13":{"start":{"line":66,"column":20},"end":{"line":66,"column":71}},"14":{"start":{"line":68,"column":18},"end":{"line":79,"column":5}},"15":{"start":{"line":81,"column":4},"end":{"line":84,"column":7}},"16":{"start":{"line":86,"column":4},"end":{"line":86,"column":16}},"17":{"start":{"line":95,"column":21},"end":{"line":139,"column":1}},"18":{"start":{"line":96,"column":2},"end":{"line":138,"column":3}},"19":{"start":{"line":97,"column":61},"end":{"line":97,"column":70}},"20":{"start":{"line":99,"column":18},"end":{"line":99,"column":20}},"21":{"start":{"line":100,"column":4},"end":{"line":102,"column":5}},"22":{"start":{"line":101,"column":6},"end":{"line":101,"column":44}},"23":{"start":{"line":105,"column":4},"end":{"line":114,"column":5}},"24":{"start":{"line":106,"column":26},"end":{"line":106,"column":47}},"25":{"start":{"line":107,"column":6},"end":{"line":113,"column":7}},"26":{"start":{"line":108,"column":8},"end":{"line":112,"column":10}},"27":{"start":{"line":116,"column":17},"end":{"line":116,"column":55}},"28":{"start":{"line":118,"column":31},"end":{"line":126,"column":6}},"29":{"start":{"line":128,"column":4},"end":{"line":135,"column":7}},"30":{"start":{"line":137,"column":4},"end":{"line":137,"column":16}},"31":{"start":{"line":146,"column":24},"end":{"line":205,"column":1}},"32":{"start":{"line":147,"column":2},"end":{"line":204,"column":3}},"33":{"start":{"line":148,"column":19},"end":{"line":148,"column":29}},"34":{"start":{"line":149,"column":23},"end":{"line":149,"column":31}},"35":{"start":{"line":151,"column":4},"end":{"line":153,"column":5}},"36":{"start":{"line":152,"column":6},"end":{"line":152,"column":86}},"37":{"start":{"line":155,"column":21},"end":{"line":164,"column":38}},"38":{"start":{"line":166,"column":4},"end":{"line":168,"column":5}},"39":{"start":{"line":167,"column":6},"end":{"line":167,"column":85}},"40":{"start":{"line":171,"column":15},"end":{"line":171,"column":32}},"41":{"start":{"line":172,"column":32},"end":{"line":172,"column":111}},"42":{"start":{"line":174,"column":4},"end":{"line":195,"column":5}},"43":{"start":{"line":175,"column":27},"end":{"line":182,"column":8}},"44":{"start":{"line":185,"column":6},"end":{"line":191,"column":9}},"45":{"start":{"line":193,"column":6},"end":{"line":193,"column":64}},"46":{"start":{"line":197,"column":4},"end":{"line":201,"column":7}},"47":{"start":{"line":203,"column":4},"end":{"line":203,"column":16}},"48":{"start":{"line":212,"column":23},"end":{"line":274,"column":1}},"49":{"start":{"line":213,"column":2},"end":{"line":273,"column":3}},"50":{"start":{"line":214,"column":19},"end":{"line":214,"column":29}},"51":{"start":{"line":215,"column":32},"end":{"line":215,"column":40}},"52":{"start":{"line":217,"column":4},"end":{"line":219,"column":5}},"53":{"start":{"line":218,"column":6},"end":{"line":218,"column":95}},"54":{"start":{"line":221,"column":4},"end":{"line":223,"column":5}},"55":{"start":{"line":222,"column":6},"end":{"line":222,"column":86}},"56":{"start":{"line":225,"column":21},"end":{"line":233,"column":38}},"57":{"start":{"line":235,"column":4},"end":{"line":237,"column":5}},"58":{"start":{"line":236,"column":6},"end":{"line":236,"column":85}},"59":{"start":{"line":240,"column":15},"end":{"line":240,"column":32}},"60":{"start":{"line":241,"column":32},"end":{"line":241,"column":101}},"61":{"start":{"line":243,"column":4},"end":{"line":264,"column":5}},"62":{"start":{"line":244,"column":27},"end":{"line":251,"column":8}},"63":{"start":{"line":254,"column":6},"end":{"line":260,"column":9}},"64":{"start":{"line":262,"column":6},"end":{"line":262,"column":64}},"65":{"start":{"line":266,"column":4},"end":{"line":270,"column":7}},"66":{"start":{"line":272,"column":4},"end":{"line":272,"column":16}},"67":{"start":{"line":281,"column":17},"end":{"line":324,"column":1}},"68":{"start":{"line":282,"column":2},"end":{"line":323,"column":3}},"69":{"start":{"line":283,"column":51},"end":{"line":283,"column":60}},"70":{"start":{"line":285,"column":18},"end":{"line":285,"column":20}},"71":{"start":{"line":286,"column":4},"end":{"line":288,"column":5}},"72":{"start":{"line":287,"column":6},"end":{"line":287,"column":24}},"73":{"start":{"line":291,"column":4},"end":{"line":300,"column":5}},"74":{"start":{"line":292,"column":26},"end":{"line":292,"column":47}},"75":{"start":{"line":293,"column":6},"end":{"line":299,"column":7}},"76":{"start":{"line":294,"column":8},"end":{"line":298,"column":10}},"77":{"start":{"line":302,"column":17},"end":{"line":302,"column":55}},"78":{"start":{"line":304,"column":27},"end":{"line":311,"column":6}},"79":{"start":{"line":313,"column":4},"end":{"line":320,"column":7}},"80":{"start":{"line":322,"column":4},"end":{"line":322,"column":16}},"81":{"start":{"line":331,"column":16},"end":{"line":362,"column":1}},"82":{"start":{"line":332,"column":2},"end":{"line":361,"column":3}},"83":{"start":{"line":333,"column":19},"end":{"line":333,"column":29}},"84":{"start":{"line":335,"column":4},"end":{"line":337,"column":5}},"85":{"start":{"line":336,"column":6},"end":{"line":336,"column":82}},"86":{"start":{"line":340,"column":4},"end":{"line":342,"column":5}},"87":{"start":{"line":341,"column":6},"end":{"line":341,"column":90}},"88":{"start":{"line":344,"column":17},"end":{"line":348,"column":25}},"89":{"start":{"line":350,"column":4},"end":{"line":352,"column":5}},"90":{"start":{"line":351,"column":6},"end":{"line":351,"column":81}},"91":{"start":{"line":354,"column":4},"end":{"line":358,"column":7}},"92":{"start":{"line":360,"column":4},"end":{"line":360,"column":16}},"93":{"start":{"line":369,"column":18},"end":{"line":395,"column":1}},"94":{"start":{"line":370,"column":2},"end":{"line":394,"column":3}},"95":{"start":{"line":371,"column":19},"end":{"line":371,"column":29}},"96":{"start":{"line":373,"column":4},"end":{"line":375,"column":5}},"97":{"start":{"line":374,"column":6},"end":{"line":374,"column":82}},"98":{"start":{"line":377,"column":17},"end":{"line":381,"column":25}},"99":{"start":{"line":383,"column":4},"end":{"line":385,"column":5}},"100":{"start":{"line":384,"column":6},"end":{"line":384,"column":81}},"101":{"start":{"line":387,"column":4},"end":{"line":391,"column":7}},"102":{"start":{"line":393,"column":4},"end":{"line":393,"column":16}},"103":{"start":{"line":402,"column":27},"end":{"line":434,"column":1}},"104":{"start":{"line":403,"column":2},"end":{"line":433,"column":3}},"105":{"start":{"line":404,"column":45},"end":{"line":404,"column":54}},"106":{"start":{"line":406,"column":18},"end":{"line":406,"column":20}},"107":{"start":{"line":407,"column":4},"end":{"line":409,"column":5}},"108":{"start":{"line":408,"column":6},"end":{"line":408,"column":28}},"109":{"start":{"line":411,"column":17},"end":{"line":411,"column":55}},"110":{"start":{"line":413,"column":30},"end":{"line":421,"column":6}},"111":{"start":{"line":423,"column":4},"end":{"line":430,"column":7}},"112":{"start":{"line":432,"column":4},"end":{"line":432,"column":16}},"113":{"start":{"line":441,"column":22},"end":{"line":458,"column":1}},"114":{"start":{"line":442,"column":2},"end":{"line":457,"column":3}},"115":{"start":{"line":443,"column":37},"end":{"line":443,"column":46}},"116":{"start":{"line":447,"column":4},"end":{"line":454,"column":7}},"117":{"start":{"line":456,"column":4},"end":{"line":456,"column":16}},"118":{"start":{"line":465,"column":18},"end":{"line":479,"column":1}},"119":{"start":{"line":466,"column":2},"end":{"line":478,"column":3}},"120":{"start":{"line":467,"column":19},"end":{"line":469,"column":30}},"121":{"start":{"line":471,"column":4},"end":{"line":475,"column":7}},"122":{"start":{"line":477,"column":4},"end":{"line":477,"column":16}},"123":{"start":{"line":481,"column":0},"end":{"line":492,"column":2}}},"fnMap":{"0":{"name":"(anonymous_0)","decl":{"start":{"line":13,"column":26},"end":{"line":13,"column":27}},"loc":{"start":{"line":13,"column":52},"end":{"line":88,"column":1}},"line":13},"1":{"name":"(anonymous_1)","decl":{"start":{"line":60,"column":25},"end":{"line":60,"column":26}},"loc":{"start":{"line":60,"column":33},"end":{"line":64,"column":5}},"line":60},"2":{"name":"(anonymous_2)","decl":{"start":{"line":95,"column":21},"end":{"line":95,"column":22}},"loc":{"start":{"line":95,"column":47},"end":{"line":139,"column":1}},"line":95},"3":{"name":"(anonymous_3)","decl":{"start":{"line":146,"column":24},"end":{"line":146,"column":25}},"loc":{"start":{"line":146,"column":50},"end":{"line":205,"column":1}},"line":146},"4":{"name":"(anonymous_4)","decl":{"start":{"line":212,"column":23},"end":{"line":212,"column":24}},"loc":{"start":{"line":212,"column":49},"end":{"line":274,"column":1}},"line":212},"5":{"name":"(anonymous_5)","decl":{"start":{"line":281,"column":17},"end":{"line":281,"column":18}},"loc":{"start":{"line":281,"column":43},"end":{"line":324,"column":1}},"line":281},"6":{"name":"(anonymous_6)","decl":{"start":{"line":331,"column":16},"end":{"line":331,"column":17}},"loc":{"start":{"line":331,"column":42},"end":{"line":362,"column":1}},"line":331},"7":{"name":"(anonymous_7)","decl":{"start":{"line":369,"column":18},"end":{"line":369,"column":19}},"loc":{"start":{"line":369,"column":44},"end":{"line":395,"column":1}},"line":369},"8":{"name":"(anonymous_8)","decl":{"start":{"line":402,"column":27},"end":{"line":402,"column":28}},"loc":{"start":{"line":402,"column":53},"end":{"line":434,"column":1}},"line":402},"9":{"name":"(anonymous_9)","decl":{"start":{"line":441,"column":22},"end":{"line":441,"column":23}},"loc":{"start":{"line":441,"column":48},"end":{"line":458,"column":1}},"line":441},"10":{"name":"(anonymous_10)","decl":{"start":{"line":465,"column":18},"end":{"line":465,"column":19}},"loc":{"start":{"line":465,"column":44},"end":{"line":479,"column":1}},"line":465}},"branchMap":{"0":{"loc":{"start":{"line":61,"column":6},"end":{"line":63,"column":7}},"type":"if","locations":[{"start":{"line":61,"column":6},"end":{"line":63,"column":7}},{"start":{},"end":{}}],"line":61},"1":{"loc":{"start":{"line":66,"column":20},"end":{"line":66,"column":71}},"type":"cond-expr","locations":[{"start":{"line":66,"column":46},"end":{"line":66,"column":67}},{"start":{"line":66,"column":70},"end":{"line":66,"column":71}}],"line":66},"2":{"loc":{"start":{"line":97,"column":36},"end":{"line":97,"column":44}},"type":"default-arg","locations":[{"start":{"line":97,"column":43},"end":{"line":97,"column":44}}],"line":97},"3":{"loc":{"start":{"line":97,"column":46},"end":{"line":97,"column":56}},"type":"default-arg","locations":[{"start":{"line":97,"column":54},"end":{"line":97,"column":56}}],"line":97},"4":{"loc":{"start":{"line":100,"column":4},"end":{"line":102,"column":5}},"type":"if","locations":[{"start":{"line":100,"column":4},"end":{"line":102,"column":5}},{"start":{},"end":{}}],"line":100},"5":{"loc":{"start":{"line":105,"column":4},"end":{"line":114,"column":5}},"type":"if","locations":[{"start":{"line":105,"column":4},"end":{"line":114,"column":5}},{"start":{},"end":{}}],"line":105},"6":{"loc":{"start":{"line":107,"column":6},"end":{"line":113,"column":7}},"type":"if","locations":[{"start":{"line":107,"column":6},"end":{"line":113,"column":7}},{"start":{},"end":{}}],"line":107},"7":{"loc":{"start":{"line":151,"column":4},"end":{"line":153,"column":5}},"type":"if","locations":[{"start":{"line":151,"column":4},"end":{"line":153,"column":5}},{"start":{},"end":{}}],"line":151},"8":{"loc":{"start":{"line":166,"column":4},"end":{"line":168,"column":5}},"type":"if","locations":[{"start":{"line":166,"column":4},"end":{"line":168,"column":5}},{"start":{},"end":{}}],"line":166},"9":{"loc":{"start":{"line":217,"column":4},"end":{"line":219,"column":5}},"type":"if","locations":[{"start":{"line":217,"column":4},"end":{"line":219,"column":5}},{"start":{},"end":{}}],"line":217},"10":{"loc":{"start":{"line":217,"column":8},"end":{"line":217,"column":57}},"type":"binary-expr","locations":[{"start":{"line":217,"column":8},"end":{"line":217,"column":24}},{"start":{"line":217,"column":28},"end":{"line":217,"column":57}}],"line":217},"11":{"loc":{"start":{"line":221,"column":4},"end":{"line":223,"column":5}},"type":"if","locations":[{"start":{"line":221,"column":4},"end":{"line":223,"column":5}},{"start":{},"end":{}}],"line":221},"12":{"loc":{"start":{"line":235,"column":4},"end":{"line":237,"column":5}},"type":"if","locations":[{"start":{"line":235,"column":4},"end":{"line":237,"column":5}},{"start":{},"end":{}}],"line":235},"13":{"loc":{"start":{"line":283,"column":26},"end":{"line":283,"column":34}},"type":"default-arg","locations":[{"start":{"line":283,"column":33},"end":{"line":283,"column":34}}],"line":283},"14":{"loc":{"start":{"line":283,"column":36},"end":{"line":283,"column":46}},"type":"default-arg","locations":[{"start":{"line":283,"column":44},"end":{"line":283,"column":46}}],"line":283},"15":{"loc":{"start":{"line":286,"column":4},"end":{"line":288,"column":5}},"type":"if","locations":[{"start":{"line":286,"column":4},"end":{"line":288,"column":5}},{"start":{},"end":{}}],"line":286},"16":{"loc":{"start":{"line":291,"column":4},"end":{"line":300,"column":5}},"type":"if","locations":[{"start":{"line":291,"column":4},"end":{"line":300,"column":5}},{"start":{},"end":{}}],"line":291},"17":{"loc":{"start":{"line":293,"column":6},"end":{"line":299,"column":7}},"type":"if","locations":[{"start":{"line":293,"column":6},"end":{"line":299,"column":7}},{"start":{},"end":{}}],"line":293},"18":{"loc":{"start":{"line":335,"column":4},"end":{"line":337,"column":5}},"type":"if","locations":[{"start":{"line":335,"column":4},"end":{"line":337,"column":5}},{"start":{},"end":{}}],"line":335},"19":{"loc":{"start":{"line":340,"column":4},"end":{"line":342,"column":5}},"type":"if","locations":[{"start":{"line":340,"column":4},"end":{"line":342,"column":5}},{"start":{},"end":{}}],"line":340},"20":{"loc":{"start":{"line":350,"column":4},"end":{"line":352,"column":5}},"type":"if","locations":[{"start":{"line":350,"column":4},"end":{"line":352,"column":5}},{"start":{},"end":{}}],"line":350},"21":{"loc":{"start":{"line":373,"column":4},"end":{"line":375,"column":5}},"type":"if","locations":[{"start":{"line":373,"column":4},"end":{"line":375,"column":5}},{"start":{},"end":{}}],"line":373},"22":{"loc":{"start":{"line":383,"column":4},"end":{"line":385,"column":5}},"type":"if","locations":[{"start":{"line":383,"column":4},"end":{"line":385,"column":5}},{"start":{},"end":{}}],"line":383},"23":{"loc":{"start":{"line":404,"column":20},"end":{"line":404,"column":28}},"type":"default-arg","locations":[{"start":{"line":404,"column":27},"end":{"line":404,"column":28}}],"line":404},"24":{"loc":{"start":{"line":404,"column":30},"end":{"line":404,"column":40}},"type":"default-arg","locations":[{"start":{"line":404,"column":38},"end":{"line":404,"column":40}}],"line":404},"25":{"loc":{"start":{"line":407,"column":4},"end":{"line":409,"column":5}},"type":"if","locations":[{"start":{"line":407,"column":4},"end":{"line":409,"column":5}},{"start":{},"end":{}}],"line":407},"26":{"loc":{"start":{"line":443,"column":12},"end":{"line":443,"column":20}},"type":"default-arg","locations":[{"start":{"line":443,"column":19},"end":{"line":443,"column":20}}],"line":443},"27":{"loc":{"start":{"line":443,"column":22},"end":{"line":443,"column":32}},"type":"default-arg","locations":[{"start":{"line":443,"column":30},"end":{"line":443,"column":32}}],"line":443}},"s":{"0":0,"1":0,"2":0,"3":0,"4":0,"5":0,"6":0,"7":0,"8":0,"9":0,"10":0,"11":0,"12":0,"13":0,"14":0,"15":0,"16":0,"17":0,"18":0,"19":0,"20":0,"21":0,"22":0,"23":0,"24":0,"25":0,"26":0,"27":0,"28":0,"29":0,"30":0,"31":0,"32":0,"33":0,"34":0,"35":0,"36":0,"37":0,"38":0,"39":0,"40":0,"41":0,"42":0,"43":0,"44":0,"45":0,"46":0,"47":0,"48":0,"49":0,"50":0,"51":0,"52":0,"53":0,"54":0,"55":0,"56":0,"57":0,"58":0,"59":0,"60":0,"61":0,"62":0,"63":0,"64":0,"65":0,"66":0,"67":0,"68":0,"69":0,"70":0,"71":0,"72":0,"73":0,"74":0,"75":0,"76":0,"77":0,"78":0,"79":0,"80":0,"81":0,"82":0,"83":0,"84":0,"85":0,"86":0,"87":0,"88":0,"89":0,"90":0,"91":0,"92":0,"93":0,"94":0,"95":0,"96":0,"97":0,"98":0,"99":0,"100":0,"101":0,"102":0,"103":0,"104":0,"105":0,"106":0,"107":0,"108":0,"109":0,"110":0,"111":0,"112":0,"113":0,"114":0,"115":0,"116":0,"117":0,"118":0,"119":0,"120":0,"121":0,"122":0,"123":0},"f":{"0":0,"1":0,"2":0,"3":0,"4":0,"5":0,"6":0,"7":0,"8":0,"9":0,"10":0},"b":{"0":[0,0],"1":[0,0],"2":[0],"3":[0],"4":[0,0],"5":[0,0],"6":[0,0],"7":[0,0],"8":[0,0],"9":[0,0],"10":[0,0],"11":[0,0],"12":[0,0],"13":[0],"14":[0],"15":[0,0],"16":[0,0],"17":[0,0],"18":[0,0],"19":[0,0],"20":[0,0],"21":[0,0],"22":[0,0],"23":[0],"24":[0],"25":[0,0],"26":[0],"27":[0]}}
,"/home/melau/Desktop/HudumaConnect/HudumaConnect-Backend/src/controllers/authController.js": {"path":"/home/melau/Desktop/HudumaConnect/HudumaConnect-Backend/src/controllers/authController.js","statementMap":{"0":{"start":{"line":1,"column":13},"end":{"line":1,"column":38}},"1":{"start":{"line":2,"column":17},"end":{"line":2,"column":46}},"2":{"start":{"line":3,"column":62},"end":{"line":3,"column":86}},"3":{"start":{"line":4,"column":21},"end":{"line":4,"column":46}},"4":{"start":{"line":5,"column":15},"end":{"line":5,"column":32}},"5":{"start":{"line":12,"column":17},"end":{"line":74,"column":1}},"6":{"start":{"line":13,"column":2},"end":{"line":73,"column":3}},"7":{"start":{"line":14,"column":51},"end":{"line":14,"column":59}},"8":{"start":{"line":17,"column":23},"end":{"line":17,"column":52}},"9":{"start":{"line":18,"column":4},"end":{"line":23,"column":5}},"10":{"start":{"line":19,"column":6},"end":{"line":22,"column":9}},"11":{"start":{"line":26,"column":4},"end":{"line":26,"column":49}},"12":{"start":{"line":27,"column":4},"end":{"line":32,"column":5}},"13":{"start":{"line":28,"column":6},"end":{"line":31,"column":9}},"14":{"start":{"line":35,"column":35},"end":{"line":35,"column":56}},"15":{"start":{"line":36,"column":37},"end":{"line":36,"column":79}},"16":{"start":{"line":39,"column":17},"end":{"line":47,"column":6}},"17":{"start":{"line":50,"column":4},"end":{"line":56,"column":5}},"18":{"start":{"line":51,"column":30},"end":{"line":51,"column":98}},"19":{"start":{"line":52,"column":6},"end":{"line":52,"column":65}},"20":{"start":{"line":54,"column":6},"end":{"line":54,"column":52}},"21":{"start":{"line":59,"column":4},"end":{"line":68,"column":5}},"22":{"start":{"line":60,"column":6},"end":{"line":67,"column":9}},"23":{"start":{"line":70,"column":4},"end":{"line":70,"column":114}},"24":{"start":{"line":72,"column":4},"end":{"line":72,"column":16}},"25":{"start":{"line":81,"column":14},"end":{"line":182,"column":1}},"26":{"start":{"line":82,"column":2},"end":{"line":181,"column":3}},"27":{"start":{"line":83,"column":46},"end":{"line":83,"column":54}},"28":{"start":{"line":86,"column":4},"end":{"line":91,"column":5}},"29":{"start":{"line":87,"column":6},"end":{"line":90,"column":9}},"30":{"start":{"line":94,"column":17},"end":{"line":94,"column":66}},"31":{"start":{"line":96,"column":4},"end":{"line":101,"column":5}},"32":{"start":{"line":97,"column":6},"end":{"line":100,"column":9}},"33":{"start":{"line":104,"column":4},"end":{"line":111,"column":5}},"34":{"start":{"line":105,"column":31},"end":{"line":105,"column":79}},"35":{"start":{"line":106,"column":6},"end":{"line":110,"column":9}},"36":{"start":{"line":114,"column":20},"end":{"line":114,"column":56}},"37":{"start":{"line":116,"column":4},"end":{"line":153,"column":5}},"38":{"start":{"line":118,"column":6},"end":{"line":118,"column":69}},"39":{"start":{"line":121,"column":6},"end":{"line":143,"column":7}},"40":{"start":{"line":122,"column":8},"end":{"line":122,"column":63}},"41":{"start":{"line":123,"column":8},"end":{"line":123,"column":55}},"42":{"start":{"line":126,"column":8},"end":{"line":136,"column":9}},"43":{"start":{"line":127,"column":29},"end":{"line":127,"column":70}},"44":{"start":{"line":128,"column":10},"end":{"line":132,"column":13}},"45":{"start":{"line":134,"column":10},"end":{"line":134,"column":76}},"46":{"start":{"line":138,"column":8},"end":{"line":142,"column":11}},"47":{"start":{"line":146,"column":6},"end":{"line":146,"column":53}},"48":{"start":{"line":148,"column":6},"end":{"line":152,"column":9}},"49":{"start":{"line":156,"column":4},"end":{"line":161,"column":5}},"50":{"start":{"line":157,"column":6},"end":{"line":160,"column":9}},"51":{"start":{"line":163,"column":4},"end":{"line":168,"column":5}},"52":{"start":{"line":164,"column":6},"end":{"line":167,"column":9}},"53":{"start":{"line":171,"column":4},"end":{"line":171,"column":33}},"54":{"start":{"line":172,"column":4},"end":{"line":172,"column":26}},"55":{"start":{"line":175,"column":4},"end":{"line":175,"column":34}},"56":{"start":{"line":176,"column":4},"end":{"line":176,"column":51}},"57":{"start":{"line":178,"column":4},"end":{"line":178,"column":58}},"58":{"start":{"line":180,"column":4},"end":{"line":180,"column":16}},"59":{"start":{"line":189,"column":15},"end":{"line":204,"column":1}},"60":{"start":{"line":190,"column":2},"end":{"line":203,"column":3}},"61":{"start":{"line":191,"column":4},"end":{"line":200,"column":9}},"62":{"start":{"line":202,"column":4},"end":{"line":202,"column":16}},"63":{"start":{"line":211,"column":14},"end":{"line":238,"column":1}},"64":{"start":{"line":212,"column":2},"end":{"line":237,"column":3}},"65":{"start":{"line":213,"column":17},"end":{"line":213,"column":49}},"66":{"start":{"line":215,"column":18},"end":{"line":215,"column":22}},"67":{"start":{"line":216,"column":4},"end":{"line":218,"column":5}},"68":{"start":{"line":217,"column":6},"end":{"line":217,"column":61}},"69":{"start":{"line":220,"column":4},"end":{"line":234,"column":7}},"70":{"start":{"line":236,"column":4},"end":{"line":236,"column":16}},"71":{"start":{"line":245,"column":22},"end":{"line":280,"column":1}},"72":{"start":{"line":246,"column":2},"end":{"line":279,"column":3}},"73":{"start":{"line":247,"column":27},"end":{"line":250,"column":5}},"74":{"start":{"line":253,"column":4},"end":{"line":255,"column":6}},"75":{"start":{"line":254,"column":6},"end":{"line":254,"column":69}},"76":{"start":{"line":257,"column":17},"end":{"line":260,"column":6}},"77":{"start":{"line":262,"column":4},"end":{"line":276,"column":7}},"78":{"start":{"line":278,"column":4},"end":{"line":278,"column":16}},"79":{"start":{"line":287,"column":23},"end":{"line":309,"column":1}},"80":{"start":{"line":288,"column":2},"end":{"line":308,"column":3}},"81":{"start":{"line":289,"column":45},"end":{"line":289,"column":53}},"82":{"start":{"line":292,"column":17},"end":{"line":292,"column":69}},"83":{"start":{"line":295,"column":4},"end":{"line":300,"column":5}},"84":{"start":{"line":296,"column":6},"end":{"line":299,"column":9}},"85":{"start":{"line":302,"column":4},"end":{"line":302,"column":32}},"86":{"start":{"line":303,"column":4},"end":{"line":303,"column":22}},"87":{"start":{"line":305,"column":4},"end":{"line":305,"column":71}},"88":{"start":{"line":307,"column":4},"end":{"line":307,"column":16}},"89":{"start":{"line":316,"column":23},"end":{"line":363,"column":1}},"90":{"start":{"line":317,"column":2},"end":{"line":362,"column":3}},"91":{"start":{"line":318,"column":17},"end":{"line":318,"column":62}},"92":{"start":{"line":320,"column":4},"end":{"line":325,"column":5}},"93":{"start":{"line":321,"column":6},"end":{"line":324,"column":9}},"94":{"start":{"line":328,"column":23},"end":{"line":328,"column":44}},"95":{"start":{"line":331,"column":4},"end":{"line":331,"column":52}},"96":{"start":{"line":334,"column":4},"end":{"line":334,"column":60}},"97":{"start":{"line":336,"column":4},"end":{"line":336,"column":51}},"98":{"start":{"line":339,"column":21},"end":{"line":339,"column":79}},"99":{"start":{"line":341,"column":4},"end":{"line":359,"column":5}},"100":{"start":{"line":342,"column":6},"end":{"line":342,"column":64}},"101":{"start":{"line":344,"column":6},"end":{"line":347,"column":9}},"102":{"start":{"line":349,"column":6},"end":{"line":349,"column":48}},"103":{"start":{"line":350,"column":6},"end":{"line":350,"column":42}},"104":{"start":{"line":351,"column":6},"end":{"line":351,"column":44}},"105":{"start":{"line":353,"column":6},"end":{"line":353,"column":53}},"106":{"start":{"line":355,"column":6},"end":{"line":358,"column":9}},"107":{"start":{"line":361,"column":4},"end":{"line":361,"column":16}},"108":{"start":{"line":370,"column":22},"end":{"line":397,"column":1}},"109":{"start":{"line":371,"column":2},"end":{"line":396,"column":3}},"110":{"start":{"line":373,"column":31},"end":{"line":373,"column":63}},"111":{"start":{"line":375,"column":17},"end":{"line":378,"column":6}},"112":{"start":{"line":380,"column":4},"end":{"line":385,"column":5}},"113":{"start":{"line":381,"column":6},"end":{"line":384,"column":9}},"114":{"start":{"line":388,"column":4},"end":{"line":388,"column":38}},"115":{"start":{"line":389,"column":4},"end":{"line":389,"column":40}},"116":{"start":{"line":390,"column":4},"end":{"line":390,"column":42}},"117":{"start":{"line":391,"column":4},"end":{"line":391,"column":22}},"118":{"start":{"line":393,"column":4},"end":{"line":393,"column":67}},"119":{"start":{"line":395,"column":4},"end":{"line":395,"column":16}},"120":{"start":{"line":404,"column":20},"end":{"line":431,"column":1}},"121":{"start":{"line":405,"column":2},"end":{"line":430,"column":3}},"122":{"start":{"line":407,"column":35},"end":{"line":407,"column":62}},"123":{"start":{"line":409,"column":17},"end":{"line":412,"column":6}},"124":{"start":{"line":414,"column":4},"end":{"line":419,"column":5}},"125":{"start":{"line":415,"column":6},"end":{"line":418,"column":9}},"126":{"start":{"line":422,"column":4},"end":{"line":422,"column":32}},"127":{"start":{"line":423,"column":4},"end":{"line":423,"column":44}},"128":{"start":{"line":424,"column":4},"end":{"line":424,"column":46}},"129":{"start":{"line":425,"column":4},"end":{"line":425,"column":22}},"130":{"start":{"line":427,"column":4},"end":{"line":427,"column":69}},"131":{"start":{"line":429,"column":4},"end":{"line":429,"column":16}},"132":{"start":{"line":438,"column":27},"end":{"line":475,"column":1}},"133":{"start":{"line":439,"column":2},"end":{"line":474,"column":3}},"134":{"start":{"line":440,"column":17},"end":{"line":440,"column":49}},"135":{"start":{"line":442,"column":4},"end":{"line":447,"column":5}},"136":{"start":{"line":443,"column":6},"end":{"line":446,"column":9}},"137":{"start":{"line":450,"column":35},"end":{"line":450,"column":56}},"138":{"start":{"line":451,"column":4},"end":{"line":451,"column":68}},"139":{"start":{"line":452,"column":4},"end":{"line":452,"column":69}},"140":{"start":{"line":454,"column":4},"end":{"line":454,"column":51}},"141":{"start":{"line":457,"column":4},"end":{"line":471,"column":5}},"142":{"start":{"line":458,"column":30},"end":{"line":458,"column":98}},"143":{"start":{"line":459,"column":6},"end":{"line":459,"column":70}},"144":{"start":{"line":461,"column":6},"end":{"line":464,"column":9}},"145":{"start":{"line":466,"column":6},"end":{"line":466,"column":55}},"146":{"start":{"line":467,"column":6},"end":{"line":470,"column":9}},"147":{"start":{"line":473,"column":4},"end":{"line":473,"column":16}},"148":{"start":{"line":482,"column":22},"end":{"line":522,"column":1}},"149":{"start":{"line":483,"column":2},"end":{"line":521,"column":3}},"150":{"start":{"line":484,"column":25},"end":{"line":484,"column":33}},"151":{"start":{"line":487,"column":17},"end":{"line":487,"column":69}},"152":{"start":{"line":490,"column":4},"end":{"line":495,"column":5}},"153":{"start":{"line":491,"column":6},"end":{"line":494,"column":9}},"154":{"start":{"line":498,"column":4},"end":{"line":498,"column":26}},"155":{"start":{"line":499,"column":4},"end":{"line":499,"column":22}},"156":{"start":{"line":502,"column":4},"end":{"line":507,"column":5}},"157":{"start":{"line":503,"column":6},"end":{"line":506,"column":8}},"158":{"start":{"line":509,"column":4},"end":{"line":518,"column":9}},"159":{"start":{"line":520,"column":4},"end":{"line":520,"column":16}},"160":{"start":{"line":524,"column":0},"end":{"line":536,"column":2}}},"fnMap":{"0":{"name":"(anonymous_0)","decl":{"start":{"line":12,"column":17},"end":{"line":12,"column":18}},"loc":{"start":{"line":12,"column":43},"end":{"line":74,"column":1}},"line":12},"1":{"name":"(anonymous_1)","decl":{"start":{"line":81,"column":14},"end":{"line":81,"column":15}},"loc":{"start":{"line":81,"column":40},"end":{"line":182,"column":1}},"line":81},"2":{"name":"(anonymous_2)","decl":{"start":{"line":189,"column":15},"end":{"line":189,"column":16}},"loc":{"start":{"line":189,"column":41},"end":{"line":204,"column":1}},"line":189},"3":{"name":"(anonymous_3)","decl":{"start":{"line":211,"column":14},"end":{"line":211,"column":15}},"loc":{"start":{"line":211,"column":40},"end":{"line":238,"column":1}},"line":211},"4":{"name":"(anonymous_4)","decl":{"start":{"line":245,"column":22},"end":{"line":245,"column":23}},"loc":{"start":{"line":245,"column":48},"end":{"line":280,"column":1}},"line":245},"5":{"name":"(anonymous_5)","decl":{"start":{"line":253,"column":40},"end":{"line":253,"column":41}},"loc":{"start":{"line":254,"column":6},"end":{"line":254,"column":69}},"line":254},"6":{"name":"(anonymous_6)","decl":{"start":{"line":287,"column":23},"end":{"line":287,"column":24}},"loc":{"start":{"line":287,"column":49},"end":{"line":309,"column":1}},"line":287},"7":{"name":"(anonymous_7)","decl":{"start":{"line":316,"column":23},"end":{"line":316,"column":24}},"loc":{"start":{"line":316,"column":49},"end":{"line":363,"column":1}},"line":316},"8":{"name":"(anonymous_8)","decl":{"start":{"line":370,"column":22},"end":{"line":370,"column":23}},"loc":{"start":{"line":370,"column":48},"end":{"line":397,"column":1}},"line":370},"9":{"name":"(anonymous_9)","decl":{"start":{"line":404,"column":20},"end":{"line":404,"column":21}},"loc":{"start":{"line":404,"column":46},"end":{"line":431,"column":1}},"line":404},"10":{"name":"(anonymous_10)","decl":{"start":{"line":438,"column":27},"end":{"line":438,"column":28}},"loc":{"start":{"line":438,"column":53},"end":{"line":475,"column":1}},"line":438},"11":{"name":"(anonymous_11)","decl":{"start":{"line":482,"column":22},"end":{"line":482,"column":23}},"loc":{"start":{"line":482,"column":48},"end":{"line":522,"column":1}},"line":482}},"branchMap":{"0":{"loc":{"start":{"line":18,"column":4},"end":{"line":23,"column":5}},"type":"if","locations":[{"start":{"line":18,"column":4},"end":{"line":23,"column":5}},{"start":{},"end":{}}],"line":18},"1":{"loc":{"start":{"line":27,"column":4},"end":{"line":32,"column":5}},"type":"if","locations":[{"start":{"line":27,"column":4},"end":{"line":32,"column":5}},{"start":{},"end":{}}],"line":27},"2":{"loc":{"start":{"line":59,"column":4},"end":{"line":68,"column":5}},"type":"if","locations":[{"start":{"line":59,"column":4},"end":{"line":68,"column":5}},{"start":{},"end":{}}],"line":59},"3":{"loc":{"start":{"line":86,"column":4},"end":{"line":91,"column":5}},"type":"if","locations":[{"start":{"line":86,"column":4},"end":{"line":91,"column":5}},{"start":{},"end":{}}],"line":86},"4":{"loc":{"start":{"line":86,"column":8},"end":{"line":86,"column":27}},"type":"binary-expr","locations":[{"start":{"line":86,"column":8},"end":{"line":86,"column":14}},{"start":{"line":86,"column":18},"end":{"line":86,"column":27}}],"line":86},"5":{"loc":{"start":{"line":96,"column":4},"end":{"line":101,"column":5}},"type":"if","locations":[{"start":{"line":96,"column":4},"end":{"line":101,"column":5}},{"start":{},"end":{}}],"line":96},"6":{"loc":{"start":{"line":104,"column":4},"end":{"line":111,"column":5}},"type":"if","locations":[{"start":{"line":104,"column":4},"end":{"line":111,"column":5}},{"start":{},"end":{}}],"line":104},"7":{"loc":{"start":{"line":104,"column":8},"end":{"line":104,"column":53}},"type":"binary-expr","locations":[{"start":{"line":104,"column":8},"end":{"line":104,"column":22}},{"start":{"line":104,"column":26},"end":{"line":104,"column":53}}],"line":104},"8":{"loc":{"start":{"line":108,"column":85},"end":{"line":108,"column":118}},"type":"cond-expr","locations":[{"start":{"line":108,"column":110},"end":{"line":108,"column":113}},{"start":{"line":108,"column":116},"end":{"line":108,"column":118}}],"line":108},"9":{"loc":{"start":{"line":116,"column":4},"end":{"line":153,"column":5}},"type":"if","locations":[{"start":{"line":116,"column":4},"end":{"line":153,"column":5}},{"start":{},"end":{}}],"line":116},"10":{"loc":{"start":{"line":118,"column":34},"end":{"line":118,"column":63}},"type":"binary-expr","locations":[{"start":{"line":118,"column":34},"end":{"line":118,"column":58}},{"start":{"line":118,"column":62},"end":{"line":118,"column":63}}],"line":118},"11":{"loc":{"start":{"line":121,"column":6},"end":{"line":143,"column":7}},"type":"if","locations":[{"start":{"line":121,"column":6},"end":{"line":143,"column":7}},{"start":{},"end":{}}],"line":121},"12":{"loc":{"start":{"line":156,"column":4},"end":{"line":161,"column":5}},"type":"if","locations":[{"start":{"line":156,"column":4},"end":{"line":161,"column":5}},{"start":{},"end":{}}],"line":156},"13":{"loc":{"start":{"line":156,"column":8},"end":{"line":156,"column":50}},"type":"binary-expr","locations":[{"start":{"line":156,"column":8},"end":{"line":156,"column":20}},{"start":{"line":156,"column":24},"end":{"line":156,"column":50}}],"line":156},"14":{"loc":{"start":{"line":163,"column":4},"end":{"line":168,"column":5}},"type":"if","locations":[{"start":{"line":163,"column":4},"end":{"line":168,"column":5}},{"start":{},"end":{}}],"line":163},"15":{"loc":{"start":{"line":216,"column":4},"end":{"line":218,"column":5}},"type":"if","locations":[{"start":{"line":216,"column":4},"end":{"line":218,"column":5}},{"start":{},"end":{}}],"line":216},"16":{"loc":{"start":{"line":254,"column":6},"end":{"line":254,"column":69}},"type":"binary-expr","locations":[{"start":{"line":254,"column":6},"end":{"line":254,"column":39}},{"start":{"line":254,"column":43},"end":{"line":254,"column":69}}],"line":254},"17":{"loc":{"start":{"line":295,"column":4},"end":{"line":300,"column":5}},"type":"if","locations":[{"start":{"line":295,"column":4},"end":{"line":300,"column":5}},{"start":{},"end":{}}],"line":295},"18":{"loc":{"start":{"line":320,"column":4},"end":{"line":325,"column":5}},"type":"if","locations":[{"start":{"line":320,"column":4},"end":{"line":325,"column":5}},{"start":{},"end":{}}],"line":320},"19":{"loc":{"start":{"line":380,"column":4},"end":{"line":385,"column":5}},"type":"if","locations":[{"start":{"line":380,"column":4},"end":{"line":385,"column":5}},{"start":{},"end":{}}],"line":380},"20":{"loc":{"start":{"line":414,"column":4},"end":{"line":419,"column":5}},"type":"if","locations":[{"start":{"line":414,"column":4},"end":{"line":419,"column":5}},{"start":{},"end":{}}],"line":414},"21":{"loc":{"start":{"line":442,"column":4},"end":{"line":447,"column":5}},"type":"if","locations":[{"start":{"line":442,"column":4},"end":{"line":447,"column":5}},{"start":{},"end":{}}],"line":442},"22":{"loc":{"start":{"line":490,"column":4},"end":{"line":495,"column":5}},"type":"if","locations":[{"start":{"line":490,"column":4},"end":{"line":495,"column":5}},{"start":{},"end":{}}],"line":490},"23":{"loc":{"start":{"line":502,"column":4},"end":{"line":507,"column":5}},"type":"if","locations":[{"start":{"line":502,"column":4},"end":{"line":507,"column":5}},{"start":{},"end":{}}],"line":502}},"s":{"0":1,"1":1,"2":1,"3":1,"4":1,"5":1,"6":0,"7":0,"8":0,"9":0,"10":0,"11":0,"12":0,"13":0,"14":0,"15":0,"16":0,"17":0,"18":0,"19":0,"20":0,"21":0,"22":0,"23":0,"24":0,"25":1,"26":0,"27":0,"28":0,"29":0,"30":0,"31":0,"32":0,"33":0,"34":0,"35":0,"36":0,"37":0,"38":0,"39":0,"40":0,"41":0,"42":0,"43":0,"44":0,"45":0,"46":0,"47":0,"48":0,"49":0,"50":0,"51":0,"52":0,"53":0,"54":0,"55":0,"56":0,"57":0,"58":0,"59":1,"60":0,"61":0,"62":0,"63":1,"64":0,"65":0,"66":0,"67":0,"68":0,"69":0,"70":0,"71":1,"72":0,"73":0,"74":0,"75":0,"76":0,"77":0,"78":0,"79":1,"80":0,"81":0,"82":0,"83":0,"84":0,"85":0,"86":0,"87":0,"88":0,"89":1,"90":0,"91":0,"92":0,"93":0,"94":0,"95":0,"96":0,"97":0,"98":0,"99":0,"100":0,"101":0,"102":0,"103":0,"104":0,"105":0,"106":0,"107":0,"108":1,"109":0,"110":0,"111":0,"112":0,"113":0,"114":0,"115":0,"116":0,"117":0,"118":0,"119":0,"120":1,"121":0,"122":0,"123":0,"124":0,"125":0,"126":0,"127":0,"128":0,"129":0,"130":0,"131":0,"132":1,"133":0,"134":0,"135":0,"136":0,"137":0,"138":0,"139":0,"140":0,"141":0,"142":0,"143":0,"144":0,"145":0,"146":0,"147":0,"148":1,"149":0,"150":0,"151":0,"152":0,"153":0,"154":0,"155":0,"156":0,"157":0,"158":0,"159":0,"160":1},"f":{"0":0,"1":0,"2":0,"3":0,"4":0,"5":0,"6":0,"7":0,"8":0,"9":0,"10":0,"11":0},"b":{"0":[0,0],"1":[0,0],"2":[0,0],"3":[0,0],"4":[0,0],"5":[0,0],"6":[0,0],"7":[0,0],"8":[0,0],"9":[0,0],"10":[0,0],"11":[0,0],"12":[0,0],"13":[0,0],"14":[0,0],"15":[0,0],"16":[0,0],"17":[0,0],"18":[0,0],"19":[0,0],"20":[0,0],"21":[0,0],"22":[0,0],"23":[0,0]},"_coverageSchema":"1a1c01bbd47fc00a2c39e90264f33305004495a9","hash":"84dfd5afea46ead1649483f5592a99c0c190bf1a"}
,"/home/melau/Desktop/HudumaConnect/HudumaConnect-Backend/src/controllers/complaintController.js": {"path":"/home/melau/Desktop/HudumaConnect/HudumaConnect-Backend/src/controllers/complaintController.js","statementMap":{"0":{"start":{"line":1,"column":18},"end":{"line":1,"column":48}},"1":{"start":{"line":2,"column":23},"end":{"line":2,"column":58}},"2":{"start":{"line":3,"column":13},"end":{"line":3,"column":38}},"3":{"start":{"line":4,"column":21},"end":{"line":4,"column":54}},"4":{"start":{"line":11,"column":24},"end":{"line":73,"column":1}},"5":{"start":{"line":12,"column":2},"end":{"line":72,"column":3}},"6":{"start":{"line":22,"column":8},"end":{"line":22,"column":16}},"7":{"start":{"line":25,"column":4},"end":{"line":40,"column":5}},"8":{"start":{"line":26,"column":29},"end":{"line":26,"column":69}},"9":{"start":{"line":27,"column":6},"end":{"line":32,"column":7}},"10":{"start":{"line":28,"column":8},"end":{"line":31,"column":11}},"11":{"start":{"line":34,"column":6},"end":{"line":39,"column":7}},"12":{"start":{"line":35,"column":8},"end":{"line":38,"column":11}},"13":{"start":{"line":43,"column":4},"end":{"line":51,"column":5}},"14":{"start":{"line":44,"column":23},"end":{"line":44,"column":54}},"15":{"start":{"line":45,"column":6},"end":{"line":50,"column":7}},"16":{"start":{"line":46,"column":8},"end":{"line":49,"column":11}},"17":{"start":{"line":53,"column":22},"end":{"line":63,"column":6}},"18":{"start":{"line":65,"column":4},"end":{"line":69,"column":7}},"19":{"start":{"line":71,"column":4},"end":{"line":71,"column":16}},"20":{"start":{"line":80,"column":22},"end":{"line":134,"column":1}},"21":{"start":{"line":81,"column":2},"end":{"line":133,"column":3}},"22":{"start":{"line":90,"column":8},"end":{"line":90,"column":17}},"23":{"start":{"line":92,"column":16},"end":{"line":92,"column":18}},"24":{"start":{"line":95,"column":4},"end":{"line":104,"column":5}},"25":{"start":{"line":96,"column":6},"end":{"line":96,"column":37}},"26":{"start":{"line":97,"column":11},"end":{"line":104,"column":5}},"27":{"start":{"line":98,"column":6},"end":{"line":98,"column":37}},"28":{"start":{"line":99,"column":11},"end":{"line":104,"column":5}},"29":{"start":{"line":101,"column":6},"end":{"line":103,"column":7}},"30":{"start":{"line":102,"column":8},"end":{"line":102,"column":39}},"31":{"start":{"line":107,"column":4},"end":{"line":107,"column":38}},"32":{"start":{"line":107,"column":16},"end":{"line":107,"column":38}},"33":{"start":{"line":108,"column":4},"end":{"line":108,"column":32}},"34":{"start":{"line":108,"column":14},"end":{"line":108,"column":32}},"35":{"start":{"line":109,"column":4},"end":{"line":109,"column":44}},"36":{"start":{"line":109,"column":18},"end":{"line":109,"column":44}},"37":{"start":{"line":111,"column":17},"end":{"line":111,"column":55}},"38":{"start":{"line":113,"column":24},"end":{"line":113,"column":26}},"39":{"start":{"line":114,"column":4},"end":{"line":114,"column":58}},"40":{"start":{"line":116,"column":23},"end":{"line":119,"column":29}},"41":{"start":{"line":121,"column":18},"end":{"line":121,"column":55}},"42":{"start":{"line":123,"column":4},"end":{"line":130,"column":7}},"43":{"start":{"line":132,"column":4},"end":{"line":132,"column":16}},"44":{"start":{"line":141,"column":21},"end":{"line":173,"column":1}},"45":{"start":{"line":142,"column":2},"end":{"line":172,"column":3}},"46":{"start":{"line":143,"column":22},"end":{"line":143,"column":61}},"47":{"start":{"line":145,"column":4},"end":{"line":150,"column":5}},"48":{"start":{"line":146,"column":6},"end":{"line":149,"column":9}},"49":{"start":{"line":154,"column":6},"end":{"line":157,"column":79}},"50":{"start":{"line":159,"column":4},"end":{"line":164,"column":5}},"51":{"start":{"line":160,"column":6},"end":{"line":163,"column":9}},"52":{"start":{"line":166,"column":4},"end":{"line":169,"column":7}},"53":{"start":{"line":171,"column":4},"end":{"line":171,"column":16}},"54":{"start":{"line":180,"column":30},"end":{"line":222,"column":1}},"55":{"start":{"line":181,"column":2},"end":{"line":221,"column":3}},"56":{"start":{"line":182,"column":49},"end":{"line":182,"column":57}},"57":{"start":{"line":184,"column":22},"end":{"line":184,"column":61}},"58":{"start":{"line":186,"column":4},"end":{"line":191,"column":5}},"59":{"start":{"line":187,"column":6},"end":{"line":190,"column":9}},"60":{"start":{"line":193,"column":4},"end":{"line":193,"column":80}},"61":{"start":{"line":196,"column":4},"end":{"line":212,"column":5}},"62":{"start":{"line":197,"column":6},"end":{"line":209,"column":9}},"63":{"start":{"line":211,"column":6},"end":{"line":211,"column":95}},"64":{"start":{"line":214,"column":4},"end":{"line":218,"column":7}},"65":{"start":{"line":220,"column":4},"end":{"line":220,"column":16}},"66":{"start":{"line":229,"column":25},"end":{"line":265,"column":1}},"67":{"start":{"line":230,"column":2},"end":{"line":264,"column":3}},"68":{"start":{"line":231,"column":25},"end":{"line":231,"column":33}},"69":{"start":{"line":233,"column":22},"end":{"line":241,"column":5}},"70":{"start":{"line":243,"column":4},"end":{"line":248,"column":5}},"71":{"start":{"line":244,"column":6},"end":{"line":247,"column":9}},"72":{"start":{"line":251,"column":4},"end":{"line":255,"column":5}},"73":{"start":{"line":252,"column":6},"end":{"line":252,"column":82}},"74":{"start":{"line":254,"column":6},"end":{"line":254,"column":90}},"75":{"start":{"line":257,"column":4},"end":{"line":261,"column":7}},"76":{"start":{"line":263,"column":4},"end":{"line":263,"column":16}},"77":{"start":{"line":272,"column":24},"end":{"line":295,"column":1}},"78":{"start":{"line":273,"column":2},"end":{"line":294,"column":3}},"79":{"start":{"line":274,"column":21},"end":{"line":274,"column":29}},"80":{"start":{"line":276,"column":22},"end":{"line":276,"column":61}},"81":{"start":{"line":278,"column":4},"end":{"line":283,"column":5}},"82":{"start":{"line":279,"column":6},"end":{"line":282,"column":9}},"83":{"start":{"line":285,"column":4},"end":{"line":285,"column":55}},"84":{"start":{"line":287,"column":4},"end":{"line":291,"column":7}},"85":{"start":{"line":293,"column":4},"end":{"line":293,"column":16}},"86":{"start":{"line":302,"column":26},"end":{"line":348,"column":1}},"87":{"start":{"line":303,"column":2},"end":{"line":347,"column":3}},"88":{"start":{"line":304,"column":22},"end":{"line":304,"column":61}},"89":{"start":{"line":306,"column":4},"end":{"line":311,"column":5}},"90":{"start":{"line":307,"column":6},"end":{"line":310,"column":9}},"91":{"start":{"line":313,"column":4},"end":{"line":318,"column":5}},"92":{"start":{"line":314,"column":6},"end":{"line":317,"column":9}},"93":{"start":{"line":320,"column":4},"end":{"line":320,"column":31}},"94":{"start":{"line":323,"column":4},"end":{"line":338,"column":5}},"95":{"start":{"line":324,"column":6},"end":{"line":335,"column":9}},"96":{"start":{"line":337,"column":6},"end":{"line":337,"column":92}},"97":{"start":{"line":340,"column":4},"end":{"line":344,"column":7}},"98":{"start":{"line":346,"column":4},"end":{"line":346,"column":16}},"99":{"start":{"line":355,"column":24},"end":{"line":389,"column":1}},"100":{"start":{"line":356,"column":2},"end":{"line":388,"column":3}},"101":{"start":{"line":357,"column":27},"end":{"line":357,"column":35}},"102":{"start":{"line":360,"column":17},"end":{"line":360,"column":48}},"103":{"start":{"line":361,"column":4},"end":{"line":366,"column":5}},"104":{"start":{"line":362,"column":6},"end":{"line":365,"column":9}},"105":{"start":{"line":368,"column":22},"end":{"line":372,"column":5}},"106":{"start":{"line":374,"column":4},"end":{"line":379,"column":5}},"107":{"start":{"line":375,"column":6},"end":{"line":378,"column":9}},"108":{"start":{"line":381,"column":4},"end":{"line":385,"column":7}},"109":{"start":{"line":387,"column":4},"end":{"line":387,"column":16}},"110":{"start":{"line":396,"column":26},"end":{"line":446,"column":1}},"111":{"start":{"line":397,"column":2},"end":{"line":445,"column":3}},"112":{"start":{"line":398,"column":31},"end":{"line":398,"column":40}},"113":{"start":{"line":402,"column":16},"end":{"line":402,"column":26}},"114":{"start":{"line":404,"column":4},"end":{"line":416,"column":5}},"115":{"start":{"line":406,"column":8},"end":{"line":406,"column":70}},"116":{"start":{"line":407,"column":8},"end":{"line":407,"column":14}},"117":{"start":{"line":409,"column":8},"end":{"line":409,"column":71}},"118":{"start":{"line":410,"column":8},"end":{"line":410,"column":14}},"119":{"start":{"line":412,"column":8},"end":{"line":412,"column":71}},"120":{"start":{"line":413,"column":8},"end":{"line":413,"column":14}},"121":{"start":{"line":415,"column":8},"end":{"line":415,"column":71}},"122":{"start":{"line":418,"column":18},"end":{"line":420,"column":6}},"123":{"start":{"line":423,"column":30},"end":{"line":423,"column":59}},"124":{"start":{"line":426,"column":29},"end":{"line":426,"column":57}},"125":{"start":{"line":428,"column":4},"end":{"line":442,"column":7}},"126":{"start":{"line":444,"column":4},"end":{"line":444,"column":16}},"127":{"start":{"line":453,"column":29},"end":{"line":465,"column":1}},"128":{"start":{"line":454,"column":2},"end":{"line":464,"column":3}},"129":{"start":{"line":455,"column":30},"end":{"line":455,"column":59}},"130":{"start":{"line":457,"column":4},"end":{"line":461,"column":7}},"131":{"start":{"line":463,"column":4},"end":{"line":463,"column":16}},"132":{"start":{"line":472,"column":28},"end":{"line":484,"column":1}},"133":{"start":{"line":473,"column":2},"end":{"line":483,"column":3}},"134":{"start":{"line":474,"column":29},"end":{"line":474,"column":57}},"135":{"start":{"line":476,"column":4},"end":{"line":480,"column":7}},"136":{"start":{"line":482,"column":4},"end":{"line":482,"column":16}},"137":{"start":{"line":486,"column":0},"end":{"line":498,"column":2}}},"fnMap":{"0":{"name":"(anonymous_0)","decl":{"start":{"line":11,"column":24},"end":{"line":11,"column":25}},"loc":{"start":{"line":11,"column":50},"end":{"line":73,"column":1}},"line":11},"1":{"name":"(anonymous_1)","decl":{"start":{"line":80,"column":22},"end":{"line":80,"column":23}},"loc":{"start":{"line":80,"column":48},"end":{"line":134,"column":1}},"line":80},"2":{"name":"(anonymous_2)","decl":{"start":{"line":141,"column":21},"end":{"line":141,"column":22}},"loc":{"start":{"line":141,"column":47},"end":{"line":173,"column":1}},"line":141},"3":{"name":"(anonymous_3)","decl":{"start":{"line":180,"column":30},"end":{"line":180,"column":31}},"loc":{"start":{"line":180,"column":56},"end":{"line":222,"column":1}},"line":180},"4":{"name":"(anonymous_4)","decl":{"start":{"line":229,"column":25},"end":{"line":229,"column":26}},"loc":{"start":{"line":229,"column":51},"end":{"line":265,"column":1}},"line":229},"5":{"name":"(anonymous_5)","decl":{"start":{"line":272,"column":24},"end":{"line":272,"column":25}},"loc":{"start":{"line":272,"column":50},"end":{"line":295,"column":1}},"line":272},"6":{"name":"(anonymous_6)","decl":{"start":{"line":302,"column":26},"end":{"line":302,"column":27}},"loc":{"start":{"line":302,"column":52},"end":{"line":348,"column":1}},"line":302},"7":{"name":"(anonymous_7)","decl":{"start":{"line":355,"column":24},"end":{"line":355,"column":25}},"loc":{"start":{"line":355,"column":50},"end":{"line":389,"column":1}},"line":355},"8":{"name":"(anonymous_8)","decl":{"start":{"line":396,"column":26},"end":{"line":396,"column":27}},"loc":{"start":{"line":396,"column":52},"end":{"line":446,"column":1}},"line":396},"9":{"name":"(anonymous_9)","decl":{"start":{"line":453,"column":29},"end":{"line":453,"column":30}},"loc":{"start":{"line":453,"column":55},"end":{"line":465,"column":1}},"line":453},"10":{"name":"(anonymous_10)","decl":{"start":{"line":472,"column":28},"end":{"line":472,"column":29}},"loc":{"start":{"line":472,"column":54},"end":{"line":484,"column":1}},"line":472}},"branchMap":{"0":{"loc":{"start":{"line":25,"column":4},"end":{"line":40,"column":5}},"type":"if","locations":[{"start":{"line":25,"column":4},"end":{"line":40,"column":5}},{"start":{},"end":{}}],"line":25},"1":{"loc":{"start":{"line":27,"column":6},"end":{"line":32,"column":7}},"type":"if","locations":[{"start":{"line":27,"column":6},"end":{"line":32,"column":7}},{"start":{},"end":{}}],"line":27},"2":{"loc":{"start":{"line":34,"column":6},"end":{"line":39,"column":7}},"type":"if","locations":[{"start":{"line":34,"column":6},"end":{"line":39,"column":7}},{"start":{},"end":{}}],"line":34},"3":{"loc":{"start":{"line":43,"column":4},"end":{"line":51,"column":5}},"type":"if","locations":[{"start":{"line":43,"column":4},"end":{"line":51,"column":5}},{"start":{},"end":{}}],"line":43},"4":{"loc":{"start":{"line":45,"column":6},"end":{"line":50,"column":7}},"type":"if","locations":[{"start":{"line":45,"column":6},"end":{"line":50,"column":7}},{"start":{},"end":{}}],"line":45},"5":{"loc":{"start":{"line":45,"column":10},"end":{"line":45,"column":51}},"type":"binary-expr","locations":[{"start":{"line":45,"column":10},"end":{"line":45,"column":19}},{"start":{"line":45,"column":23},"end":{"line":45,"column":51}}],"line":45},"6":{"loc":{"start":{"line":60,"column":16},"end":{"line":60,"column":36}},"type":"binary-expr","locations":[{"start":{"line":60,"column":16},"end":{"line":60,"column":24}},{"start":{"line":60,"column":28},"end":{"line":60,"column":36}}],"line":60},"7":{"loc":{"start":{"line":61,"column":19},"end":{"line":61,"column":39}},"type":"binary-expr","locations":[{"start":{"line":61,"column":19},"end":{"line":61,"column":30}},{"start":{"line":61,"column":34},"end":{"line":61,"column":39}}],"line":61},"8":{"loc":{"start":{"line":62,"column":19},"end":{"line":62,"column":36}},"type":"binary-expr","locations":[{"start":{"line":62,"column":19},"end":{"line":62,"column":30}},{"start":{"line":62,"column":34},"end":{"line":62,"column":36}}],"line":62},"9":{"loc":{"start":{"line":87,"column":6},"end":{"line":87,"column":14}},"type":"default-arg","locations":[{"start":{"line":87,"column":13},"end":{"line":87,"column":14}}],"line":87},"10":{"loc":{"start":{"line":88,"column":6},"end":{"line":88,"column":16}},"type":"default-arg","locations":[{"start":{"line":88,"column":14},"end":{"line":88,"column":16}}],"line":88},"11":{"loc":{"start":{"line":89,"column":6},"end":{"line":89,"column":26}},"type":"default-arg","locations":[{"start":{"line":89,"column":15},"end":{"line":89,"column":26}}],"line":89},"12":{"loc":{"start":{"line":95,"column":4},"end":{"line":104,"column":5}},"type":"if","locations":[{"start":{"line":95,"column":4},"end":{"line":104,"column":5}},{"start":{"line":97,"column":11},"end":{"line":104,"column":5}}],"line":95},"13":{"loc":{"start":{"line":97,"column":11},"end":{"line":104,"column":5}},"type":"if","locations":[{"start":{"line":97,"column":11},"end":{"line":104,"column":5}},{"start":{"line":99,"column":11},"end":{"line":104,"column":5}}],"line":97},"14":{"loc":{"start":{"line":99,"column":11},"end":{"line":104,"column":5}},"type":"if","locations":[{"start":{"line":99,"column":11},"end":{"line":104,"column":5}},{"start":{},"end":{}}],"line":99},"15":{"loc":{"start":{"line":101,"column":6},"end":{"line":103,"column":7}},"type":"if","locations":[{"start":{"line":101,"column":6},"end":{"line":103,"column":7}},{"start":{},"end":{}}],"line":101},"16":{"loc":{"start":{"line":107,"column":4},"end":{"line":107,"column":38}},"type":"if","locations":[{"start":{"line":107,"column":4},"end":{"line":107,"column":38}},{"start":{},"end":{}}],"line":107},"17":{"loc":{"start":{"line":108,"column":4},"end":{"line":108,"column":32}},"type":"if","locations":[{"start":{"line":108,"column":4},"end":{"line":108,"column":32}},{"start":{},"end":{}}],"line":108},"18":{"loc":{"start":{"line":109,"column":4},"end":{"line":109,"column":44}},"type":"if","locations":[{"start":{"line":109,"column":4},"end":{"line":109,"column":44}},{"start":{},"end":{}}],"line":109},"19":{"loc":{"start":{"line":114,"column":26},"end":{"line":114,"column":57}},"type":"cond-expr","locations":[{"start":{"line":114,"column":51},"end":{"line":114,"column":53}},{"start":{"line":114,"column":56},"end":{"line":114,"column":57}}],"line":114},"20":{"loc":{"start":{"line":145,"column":4},"end":{"line":150,"column":5}},"type":"if","locations":[{"start":{"line":145,"column":4},"end":{"line":150,"column":5}},{"start":{},"end":{}}],"line":145},"21":{"loc":{"start":{"line":154,"column":6},"end":{"line":157,"column":79}},"type":"binary-expr","locations":[{"start":{"line":154,"column":6},"end":{"line":154,"column":31}},{"start":{"line":155,"column":7},"end":{"line":155,"column":35}},{"start":{"line":155,"column":39},"end":{"line":155,"column":86}},{"start":{"line":156,"column":7},"end":{"line":156,"column":35}},{"start":{"line":156,"column":39},"end":{"line":156,"column":59}},{"start":{"line":156,"column":63},"end":{"line":156,"column":110}},{"start":{"line":157,"column":7},"end":{"line":157,"column":27}},{"start":{"line":157,"column":31},"end":{"line":157,"column":78}}],"line":154},"22":{"loc":{"start":{"line":159,"column":4},"end":{"line":164,"column":5}},"type":"if","locations":[{"start":{"line":159,"column":4},"end":{"line":164,"column":5}},{"start":{},"end":{}}],"line":159},"23":{"loc":{"start":{"line":186,"column":4},"end":{"line":191,"column":5}},"type":"if","locations":[{"start":{"line":186,"column":4},"end":{"line":191,"column":5}},{"start":{},"end":{}}],"line":186},"24":{"loc":{"start":{"line":202,"column":18},"end":{"line":202,"column":60}},"type":"cond-expr","locations":[{"start":{"line":202,"column":42},"end":{"line":202,"column":51}},{"start":{"line":202,"column":54},"end":{"line":202,"column":60}}],"line":202},"25":{"loc":{"start":{"line":203,"column":18},"end":{"line":203,"column":69}},"type":"cond-expr","locations":[{"start":{"line":203,"column":52},"end":{"line":203,"column":58}},{"start":{"line":203,"column":61},"end":{"line":203,"column":69}}],"line":203},"26":{"loc":{"start":{"line":207,"column":19},"end":{"line":207,"column":34}},"type":"binary-expr","locations":[{"start":{"line":207,"column":19},"end":{"line":207,"column":26}},{"start":{"line":207,"column":30},"end":{"line":207,"column":34}}],"line":207},"27":{"loc":{"start":{"line":243,"column":4},"end":{"line":248,"column":5}},"type":"if","locations":[{"start":{"line":243,"column":4},"end":{"line":248,"column":5}},{"start":{},"end":{}}],"line":243},"28":{"loc":{"start":{"line":278,"column":4},"end":{"line":283,"column":5}},"type":"if","locations":[{"start":{"line":278,"column":4},"end":{"line":283,"column":5}},{"start":{},"end":{}}],"line":278},"29":{"loc":{"start":{"line":306,"column":4},"end":{"line":311,"column":5}},"type":"if","locations":[{"start":{"line":306,"column":4},"end":{"line":311,"column":5}},{"start":{},"end":{}}],"line":306},"30":{"loc":{"start":{"line":313,"column":4},"end":{"line":318,"column":5}},"type":"if","locations":[{"start":{"line":313,"column":4},"end":{"line":318,"column":5}},{"start":{},"end":{}}],"line":313},"31":{"loc":{"start":{"line":361,"column":4},"end":{"line":366,"column":5}},"type":"if","locations":[{"start":{"line":361,"column":4},"end":{"line":366,"column":5}},{"start":{},"end":{}}],"line":361},"32":{"loc":{"start":{"line":361,"column":8},"end":{"line":361,"column":47}},"type":"binary-expr","locations":[{"start":{"line":361,"column":8},"end":{"line":361,"column":13}},{"start":{"line":361,"column":17},"end":{"line":361,"column":47}}],"line":361},"33":{"loc":{"start":{"line":374,"column":4},"end":{"line":379,"column":5}},"type":"if","locations":[{"start":{"line":374,"column":4},"end":{"line":379,"column":5}},{"start":{},"end":{}}],"line":374},"34":{"loc":{"start":{"line":398,"column":12},"end":{"line":398,"column":26}},"type":"default-arg","locations":[{"start":{"line":398,"column":21},"end":{"line":398,"column":26}}],"line":398},"35":{"loc":{"start":{"line":404,"column":4},"end":{"line":416,"column":5}},"type":"switch","locations":[{"start":{"line":405,"column":6},"end":{"line":407,"column":14}},{"start":{"line":408,"column":6},"end":{"line":410,"column":14}},{"start":{"line":411,"column":6},"end":{"line":413,"column":14}},{"start":{"line":414,"column":6},"end":{"line":415,"column":71}}],"line":404},"36":{"loc":{"start":{"line":432,"column":18},"end":{"line":432,"column":84}},"type":"binary-expr","locations":[{"start":{"line":432,"column":18},"end":{"line":432,"column":26}},{"start":{"line":432,"column":30},"end":{"line":432,"column":84}}],"line":432}},"s":{"0":0,"1":0,"2":0,"3":0,"4":0,"5":0,"6":0,"7":0,"8":0,"9":0,"10":0,"11":0,"12":0,"13":0,"14":0,"15":0,"16":0,"17":0,"18":0,"19":0,"20":0,"21":0,"22":0,"23":0,"24":0,"25":0,"26":0,"27":0,"28":0,"29":0,"30":0,"31":0,"32":0,"33":0,"34":0,"35":0,"36":0,"37":0,"38":0,"39":0,"40":0,"41":0,"42":0,"43":0,"44":0,"45":0,"46":0,"47":0,"48":0,"49":0,"50":0,"51":0,"52":0,"53":0,"54":0,"55":0,"56":0,"57":0,"58":0,"59":0,"60":0,"61":0,"62":0,"63":0,"64":0,"65":0,"66":0,"67":0,"68":0,"69":0,"70":0,"71":0,"72":0,"73":0,"74":0,"75":0,"76":0,"77":0,"78":0,"79":0,"80":0,"81":0,"82":0,"83":0,"84":0,"85":0,"86":0,"87":0,"88":0,"89":0,"90":0,"91":0,"92":0,"93":0,"94":0,"95":0,"96":0,"97":0,"98":0,"99":0,"100":0,"101":0,"102":0,"103":0,"104":0,"105":0,"106":0,"107":0,"108":0,"109":0,"110":0,"111":0,"112":0,"113":0,"114":0,"115":0,"116":0,"117":0,"118":0,"119":0,"120":0,"121":0,"122":0,"123":0,"124":0,"125":0,"126":0,"127":0,"128":0,"129":0,"130":0,"131":0,"132":0,"133":0,"134":0,"135":0,"136":0,"137":0},"f":{"0":0,"1":0,"2":0,"3":0,"4":0,"5":0,"6":0,"7":0,"8":0,"9":0,"10":0},"b":{"0":[0,0],"1":[0,0],"2":[0,0],"3":[0,0],"4":[0,0],"5":[0,0],"6":[0,0],"7":[0,0],"8":[0,0],"9":[0],"10":[0],"11":[0],"12":[0,0],"13":[0,0],"14":[0,0],"15":[0,0],"16":[0,0],"17":[0,0],"18":[0,0],"19":[0,0],"20":[0,0],"21":[0,0,0,0,0,0,0,0],"22":[0,0],"23":[0,0],"24":[0,0],"25":[0,0],"26":[0,0],"27":[0,0],"28":[0,0],"29":[0,0],"30":[0,0],"31":[0,0],"32":[0,0],"33":[0,0],"34":[0],"35":[0,0,0,0],"36":[0,0]}}
,"/home/melau/Desktop/HudumaConnect/HudumaConnect-Backend/src/controllers/messageController.js": {"path":"/home/melau/Desktop/HudumaConnect/HudumaConnect-Backend/src/controllers/messageController.js","statementMap":{"0":{"start":{"line":1,"column":16},"end":{"line":1,"column":44}},"1":{"start":{"line":2,"column":23},"end":{"line":2,"column":58}},"2":{"start":{"line":3,"column":13},"end":{"line":3,"column":38}},"3":{"start":{"line":4,"column":17},"end":{"line":4,"column":36}},"4":{"start":{"line":11,"column":20},"end":{"line":125,"column":1}},"5":{"start":{"line":12,"column":2},"end":{"line":124,"column":3}},"6":{"start":{"line":13,"column":73},"end":{"line":13,"column":81}},"7":{"start":{"line":16,"column":4},"end":{"line":21,"column":5}},"8":{"start":{"line":17,"column":6},"end":{"line":20,"column":9}},"9":{"start":{"line":24,"column":4},"end":{"line":29,"column":5}},"10":{"start":{"line":25,"column":6},"end":{"line":28,"column":9}},"11":{"start":{"line":31,"column":4},"end":{"line":36,"column":5}},"12":{"start":{"line":32,"column":6},"end":{"line":35,"column":9}},"13":{"start":{"line":39,"column":27},"end":{"line":39,"column":74}},"14":{"start":{"line":40,"column":4},"end":{"line":45,"column":5}},"15":{"start":{"line":41,"column":6},"end":{"line":44,"column":9}},"16":{"start":{"line":49,"column":6},"end":{"line":50,"column":58}},"17":{"start":{"line":52,"column":4},"end":{"line":57,"column":5}},"18":{"start":{"line":53,"column":6},"end":{"line":56,"column":9}},"19":{"start":{"line":61,"column":6},"end":{"line":62,"column":116}},"20":{"start":{"line":64,"column":4},"end":{"line":69,"column":5}},"21":{"start":{"line":65,"column":6},"end":{"line":68,"column":9}},"22":{"start":{"line":72,"column":31},"end":{"line":72,"column":44}},"23":{"start":{"line":73,"column":4},"end":{"line":78,"column":5}},"24":{"start":{"line":74,"column":6},"end":{"line":77,"column":9}},"25":{"start":{"line":81,"column":20},"end":{"line":87,"column":6}},"26":{"start":{"line":90,"column":4},"end":{"line":90,"column":60}},"27":{"start":{"line":91,"column":4},"end":{"line":91,"column":63}},"28":{"start":{"line":94,"column":15},"end":{"line":94,"column":32}},"29":{"start":{"line":95,"column":4},"end":{"line":114,"column":5}},"30":{"start":{"line":96,"column":6},"end":{"line":104,"column":9}},"31":{"start":{"line":107,"column":6},"end":{"line":113,"column":9}},"32":{"start":{"line":116,"column":4},"end":{"line":120,"column":7}},"33":{"start":{"line":122,"column":4},"end":{"line":122,"column":51}},"34":{"start":{"line":123,"column":4},"end":{"line":123,"column":16}},"35":{"start":{"line":132,"column":24},"end":{"line":216,"column":1}},"36":{"start":{"line":133,"column":2},"end":{"line":215,"column":3}},"37":{"start":{"line":134,"column":26},"end":{"line":134,"column":36}},"38":{"start":{"line":135,"column":37},"end":{"line":135,"column":46}},"39":{"start":{"line":138,"column":4},"end":{"line":143,"column":5}},"40":{"start":{"line":139,"column":6},"end":{"line":142,"column":9}},"41":{"start":{"line":146,"column":27},"end":{"line":146,"column":67}},"42":{"start":{"line":147,"column":4},"end":{"line":152,"column":5}},"43":{"start":{"line":148,"column":6},"end":{"line":151,"column":9}},"44":{"start":{"line":155,"column":6},"end":{"line":156,"column":58}},"45":{"start":{"line":158,"column":4},"end":{"line":163,"column":5}},"46":{"start":{"line":159,"column":6},"end":{"line":162,"column":9}},"47":{"start":{"line":166,"column":21},"end":{"line":166,"column":78}},"48":{"start":{"line":169,"column":27},"end":{"line":171,"column":5}},"49":{"start":{"line":170,"column":13},"end":{"line":170,"column":74}},"50":{"start":{"line":173,"column":4},"end":{"line":204,"column":5}},"51":{"start":{"line":174,"column":6},"end":{"line":184,"column":8}},"52":{"start":{"line":176,"column":46},"end":{"line":176,"column":51}},"53":{"start":{"line":187,"column":17},"end":{"line":187,"column":34}},"54":{"start":{"line":188,"column":6},"end":{"line":194,"column":7}},"55":{"start":{"line":189,"column":8},"end":{"line":193,"column":11}},"56":{"start":{"line":190,"column":46},"end":{"line":190,"column":51}},"57":{"start":{"line":197,"column":30},"end":{"line":197,"column":87}},"58":{"start":{"line":198,"column":6},"end":{"line":203,"column":9}},"59":{"start":{"line":206,"column":4},"end":{"line":211,"column":7}},"60":{"start":{"line":213,"column":4},"end":{"line":213,"column":57}},"61":{"start":{"line":214,"column":4},"end":{"line":214,"column":16}},"62":{"start":{"line":223,"column":19},"end":{"line":274,"column":1}},"63":{"start":{"line":224,"column":2},"end":{"line":273,"column":3}},"64":{"start":{"line":225,"column":26},"end":{"line":225,"column":36}},"65":{"start":{"line":228,"column":4},"end":{"line":233,"column":5}},"66":{"start":{"line":229,"column":6},"end":{"line":232,"column":9}},"67":{"start":{"line":236,"column":20},"end":{"line":236,"column":53}},"68":{"start":{"line":237,"column":4},"end":{"line":242,"column":5}},"69":{"start":{"line":238,"column":6},"end":{"line":241,"column":9}},"70":{"start":{"line":245,"column":4},"end":{"line":250,"column":5}},"71":{"start":{"line":246,"column":6},"end":{"line":249,"column":9}},"72":{"start":{"line":253,"column":4},"end":{"line":253,"column":31}},"73":{"start":{"line":256,"column":15},"end":{"line":256,"column":32}},"74":{"start":{"line":257,"column":4},"end":{"line":263,"column":5}},"75":{"start":{"line":258,"column":6},"end":{"line":262,"column":9}},"76":{"start":{"line":265,"column":4},"end":{"line":269,"column":7}},"77":{"start":{"line":271,"column":4},"end":{"line":271,"column":59}},"78":{"start":{"line":272,"column":4},"end":{"line":272,"column":16}},"79":{"start":{"line":281,"column":26},"end":{"line":311,"column":1}},"80":{"start":{"line":282,"column":2},"end":{"line":310,"column":3}},"81":{"start":{"line":283,"column":37},"end":{"line":283,"column":46}},"82":{"start":{"line":286,"column":26},"end":{"line":286,"column":86}},"83":{"start":{"line":289,"column":25},"end":{"line":289,"column":80}},"84":{"start":{"line":290,"column":27},"end":{"line":290,"column":29}},"85":{"start":{"line":291,"column":4},"end":{"line":293,"column":7}},"86":{"start":{"line":292,"column":6},"end":{"line":292,"column":61}},"87":{"start":{"line":296,"column":36},"end":{"line":299,"column":7}},"88":{"start":{"line":296,"column":63},"end":{"line":299,"column":5}},"89":{"start":{"line":301,"column":4},"end":{"line":306,"column":7}},"90":{"start":{"line":308,"column":4},"end":{"line":308,"column":57}},"91":{"start":{"line":309,"column":4},"end":{"line":309,"column":16}},"92":{"start":{"line":318,"column":22},"end":{"line":368,"column":1}},"93":{"start":{"line":319,"column":2},"end":{"line":367,"column":3}},"94":{"start":{"line":320,"column":26},"end":{"line":320,"column":36}},"95":{"start":{"line":323,"column":4},"end":{"line":328,"column":5}},"96":{"start":{"line":324,"column":6},"end":{"line":327,"column":9}},"97":{"start":{"line":331,"column":20},"end":{"line":331,"column":53}},"98":{"start":{"line":332,"column":4},"end":{"line":337,"column":5}},"99":{"start":{"line":333,"column":6},"end":{"line":336,"column":9}},"100":{"start":{"line":340,"column":4},"end":{"line":345,"column":5}},"101":{"start":{"line":341,"column":6},"end":{"line":344,"column":9}},"102":{"start":{"line":348,"column":27},"end":{"line":348,"column":75}},"103":{"start":{"line":351,"column":15},"end":{"line":351,"column":32}},"104":{"start":{"line":352,"column":4},"end":{"line":357,"column":5}},"105":{"start":{"line":353,"column":6},"end":{"line":356,"column":9}},"106":{"start":{"line":359,"column":4},"end":{"line":363,"column":7}},"107":{"start":{"line":365,"column":4},"end":{"line":365,"column":52}},"108":{"start":{"line":366,"column":4},"end":{"line":366,"column":16}},"109":{"start":{"line":375,"column":23},"end":{"line":387,"column":1}},"110":{"start":{"line":376,"column":2},"end":{"line":386,"column":3}},"111":{"start":{"line":377,"column":24},"end":{"line":377,"column":65}},"112":{"start":{"line":379,"column":4},"end":{"line":382,"column":7}},"113":{"start":{"line":384,"column":4},"end":{"line":384,"column":56}},"114":{"start":{"line":385,"column":4},"end":{"line":385,"column":16}},"115":{"start":{"line":389,"column":0},"end":{"line":396,"column":2}}},"fnMap":{"0":{"name":"(anonymous_0)","decl":{"start":{"line":11,"column":20},"end":{"line":11,"column":21}},"loc":{"start":{"line":11,"column":46},"end":{"line":125,"column":1}},"line":11},"1":{"name":"(anonymous_1)","decl":{"start":{"line":132,"column":24},"end":{"line":132,"column":25}},"loc":{"start":{"line":132,"column":50},"end":{"line":216,"column":1}},"line":132},"2":{"name":"(anonymous_2)","decl":{"start":{"line":170,"column":6},"end":{"line":170,"column":7}},"loc":{"start":{"line":170,"column":13},"end":{"line":170,"column":74}},"line":170},"3":{"name":"(anonymous_3)","decl":{"start":{"line":176,"column":41},"end":{"line":176,"column":42}},"loc":{"start":{"line":176,"column":46},"end":{"line":176,"column":51}},"line":176},"4":{"name":"(anonymous_4)","decl":{"start":{"line":190,"column":41},"end":{"line":190,"column":42}},"loc":{"start":{"line":190,"column":46},"end":{"line":190,"column":51}},"line":190},"5":{"name":"(anonymous_5)","decl":{"start":{"line":223,"column":19},"end":{"line":223,"column":20}},"loc":{"start":{"line":223,"column":45},"end":{"line":274,"column":1}},"line":223},"6":{"name":"(anonymous_6)","decl":{"start":{"line":281,"column":26},"end":{"line":281,"column":27}},"loc":{"start":{"line":281,"column":52},"end":{"line":311,"column":1}},"line":281},"7":{"name":"(anonymous_7)","decl":{"start":{"line":291,"column":25},"end":{"line":291,"column":26}},"loc":{"start":{"line":291,"column":33},"end":{"line":293,"column":5}},"line":291},"8":{"name":"(anonymous_8)","decl":{"start":{"line":296,"column":54},"end":{"line":296,"column":55}},"loc":{"start":{"line":296,"column":63},"end":{"line":299,"column":5}},"line":296},"9":{"name":"(anonymous_9)","decl":{"start":{"line":318,"column":22},"end":{"line":318,"column":23}},"loc":{"start":{"line":318,"column":48},"end":{"line":368,"column":1}},"line":318},"10":{"name":"(anonymous_10)","decl":{"start":{"line":375,"column":23},"end":{"line":375,"column":24}},"loc":{"start":{"line":375,"column":49},"end":{"line":387,"column":1}},"line":375}},"branchMap":{"0":{"loc":{"start":{"line":13,"column":52},"end":{"line":13,"column":68}},"type":"default-arg","locations":[{"start":{"line":13,"column":66},"end":{"line":13,"column":68}}],"line":13},"1":{"loc":{"start":{"line":16,"column":4},"end":{"line":21,"column":5}},"type":"if","locations":[{"start":{"line":16,"column":4},"end":{"line":21,"column":5}},{"start":{},"end":{}}],"line":16},"2":{"loc":{"start":{"line":16,"column":8},"end":{"line":16,"column":53}},"type":"binary-expr","locations":[{"start":{"line":16,"column":8},"end":{"line":16,"column":25}},{"start":{"line":16,"column":29},"end":{"line":16,"column":41}},{"start":{"line":16,"column":45},"end":{"line":16,"column":53}}],"line":16},"3":{"loc":{"start":{"line":24,"column":4},"end":{"line":29,"column":5}},"type":"if","locations":[{"start":{"line":24,"column":4},"end":{"line":29,"column":5}},{"start":{},"end":{}}],"line":24},"4":{"loc":{"start":{"line":31,"column":4},"end":{"line":36,"column":5}},"type":"if","locations":[{"start":{"line":31,"column":4},"end":{"line":36,"column":5}},{"start":{},"end":{}}],"line":31},"5":{"loc":{"start":{"line":40,"column":4},"end":{"line":45,"column":5}},"type":"if","locations":[{"start":{"line":40,"column":4},"end":{"line":45,"column":5}},{"start":{},"end":{}}],"line":40},"6":{"loc":{"start":{"line":49,"column":6},"end":{"line":50,"column":58}},"type":"binary-expr","locations":[{"start":{"line":49,"column":6},"end":{"line":49,"column":58}},{"start":{"line":50,"column":6},"end":{"line":50,"column":58}}],"line":49},"7":{"loc":{"start":{"line":52,"column":4},"end":{"line":57,"column":5}},"type":"if","locations":[{"start":{"line":52,"column":4},"end":{"line":57,"column":5}},{"start":{},"end":{}}],"line":52},"8":{"loc":{"start":{"line":61,"column":6},"end":{"line":62,"column":116}},"type":"binary-expr","locations":[{"start":{"line":61,"column":7},"end":{"line":61,"column":59}},{"start":{"line":61,"column":63},"end":{"line":61,"column":115}},{"start":{"line":62,"column":7},"end":{"line":62,"column":59}},{"start":{"line":62,"column":63},"end":{"line":62,"column":115}}],"line":61},"9":{"loc":{"start":{"line":64,"column":4},"end":{"line":69,"column":5}},"type":"if","locations":[{"start":{"line":64,"column":4},"end":{"line":69,"column":5}},{"start":{},"end":{}}],"line":64},"10":{"loc":{"start":{"line":73,"column":4},"end":{"line":78,"column":5}},"type":"if","locations":[{"start":{"line":73,"column":4},"end":{"line":78,"column":5}},{"start":{},"end":{}}],"line":73},"11":{"loc":{"start":{"line":95,"column":4},"end":{"line":114,"column":5}},"type":"if","locations":[{"start":{"line":95,"column":4},"end":{"line":114,"column":5}},{"start":{},"end":{}}],"line":95},"12":{"loc":{"start":{"line":111,"column":45},"end":{"line":111,"column":77}},"type":"cond-expr","locations":[{"start":{"line":111,"column":67},"end":{"line":111,"column":72}},{"start":{"line":111,"column":75},"end":{"line":111,"column":77}}],"line":111},"13":{"loc":{"start":{"line":135,"column":12},"end":{"line":135,"column":20}},"type":"default-arg","locations":[{"start":{"line":135,"column":19},"end":{"line":135,"column":20}}],"line":135},"14":{"loc":{"start":{"line":135,"column":22},"end":{"line":135,"column":32}},"type":"default-arg","locations":[{"start":{"line":135,"column":30},"end":{"line":135,"column":32}}],"line":135},"15":{"loc":{"start":{"line":138,"column":4},"end":{"line":143,"column":5}},"type":"if","locations":[{"start":{"line":138,"column":4},"end":{"line":143,"column":5}},{"start":{},"end":{}}],"line":138},"16":{"loc":{"start":{"line":147,"column":4},"end":{"line":152,"column":5}},"type":"if","locations":[{"start":{"line":147,"column":4},"end":{"line":152,"column":5}},{"start":{},"end":{}}],"line":147},"17":{"loc":{"start":{"line":155,"column":6},"end":{"line":156,"column":58}},"type":"binary-expr","locations":[{"start":{"line":155,"column":6},"end":{"line":155,"column":58}},{"start":{"line":156,"column":6},"end":{"line":156,"column":58}}],"line":155},"18":{"loc":{"start":{"line":158,"column":4},"end":{"line":163,"column":5}},"type":"if","locations":[{"start":{"line":158,"column":4},"end":{"line":163,"column":5}},{"start":{},"end":{}}],"line":158},"19":{"loc":{"start":{"line":170,"column":13},"end":{"line":170,"column":74}},"type":"binary-expr","locations":[{"start":{"line":170,"column":13},"end":{"line":170,"column":59}},{"start":{"line":170,"column":63},"end":{"line":170,"column":74}}],"line":170},"20":{"loc":{"start":{"line":173,"column":4},"end":{"line":204,"column":5}},"type":"if","locations":[{"start":{"line":173,"column":4},"end":{"line":204,"column":5}},{"start":{},"end":{}}],"line":173},"21":{"loc":{"start":{"line":188,"column":6},"end":{"line":194,"column":7}},"type":"if","locations":[{"start":{"line":188,"column":6},"end":{"line":194,"column":7}},{"start":{},"end":{}}],"line":188},"22":{"loc":{"start":{"line":228,"column":4},"end":{"line":233,"column":5}},"type":"if","locations":[{"start":{"line":228,"column":4},"end":{"line":233,"column":5}},{"start":{},"end":{}}],"line":228},"23":{"loc":{"start":{"line":237,"column":4},"end":{"line":242,"column":5}},"type":"if","locations":[{"start":{"line":237,"column":4},"end":{"line":242,"column":5}},{"start":{},"end":{}}],"line":237},"24":{"loc":{"start":{"line":245,"column":4},"end":{"line":250,"column":5}},"type":"if","locations":[{"start":{"line":245,"column":4},"end":{"line":250,"column":5}},{"start":{},"end":{}}],"line":245},"25":{"loc":{"start":{"line":257,"column":4},"end":{"line":263,"column":5}},"type":"if","locations":[{"start":{"line":257,"column":4},"end":{"line":263,"column":5}},{"start":{},"end":{}}],"line":257},"26":{"loc":{"start":{"line":283,"column":12},"end":{"line":283,"column":20}},"type":"default-arg","locations":[{"start":{"line":283,"column":19},"end":{"line":283,"column":20}}],"line":283},"27":{"loc":{"start":{"line":283,"column":22},"end":{"line":283,"column":32}},"type":"default-arg","locations":[{"start":{"line":283,"column":30},"end":{"line":283,"column":32}}],"line":283},"28":{"loc":{"start":{"line":298,"column":19},"end":{"line":298,"column":59}},"type":"binary-expr","locations":[{"start":{"line":298,"column":19},"end":{"line":298,"column":54}},{"start":{"line":298,"column":58},"end":{"line":298,"column":59}}],"line":298},"29":{"loc":{"start":{"line":323,"column":4},"end":{"line":328,"column":5}},"type":"if","locations":[{"start":{"line":323,"column":4},"end":{"line":328,"column":5}},{"start":{},"end":{}}],"line":323},"30":{"loc":{"start":{"line":332,"column":4},"end":{"line":337,"column":5}},"type":"if","locations":[{"start":{"line":332,"column":4},"end":{"line":337,"column":5}},{"start":{},"end":{}}],"line":332},"31":{"loc":{"start":{"line":340,"column":4},"end":{"line":345,"column":5}},"type":"if","locations":[{"start":{"line":340,"column":4},"end":{"line":345,"column":5}},{"start":{},"end":{}}],"line":340},"32":{"loc":{"start":{"line":352,"column":4},"end":{"line":357,"column":5}},"type":"if","locations":[{"start":{"line":352,"column":4},"end":{"line":357,"column":5}},{"start":{},"end":{}}],"line":352}},"s":{"0":0,"1":0,"2":0,"3":0,"4":0,"5":0,"6":0,"7":0,"8":0,"9":0,"10":0,"11":0,"12":0,"13":0,"14":0,"15":0,"16":0,"17":0,"18":0,"19":0,"20":0,"21":0,"22":0,"23":0,"24":0,"25":0,"26":0,"27":0,"28":0,"29":0,"30":0,"31":0,"32":0,"33":0,"34":0,"35":0,"36":0,"37":0,"38":0,"39":0,"40":0,"41":0,"42":0,"43":0,"44":0,"45":0,"46":0,"47":0,"48":0,"49":0,"50":0,"51":0,"52":0,"53":0,"54":0,"55":0,"56":0,"57":0,"58":0,"59":0,"60":0,"61":0,"62":0,"63":0,"64":0,"65":0,"66":0,"67":0,"68":0,"69":0,"70":0,"71":0,"72":0,"73":0,"74":0,"75":0,"76":0,"77":0,"78":0,"79":0,"80":0,"81":0,"82":0,"83":0,"84":0,"85":0,"86":0,"87":0,"88":0,"89":0,"90":0,"91":0,"92":0,"93":0,"94":0,"95":0,"96":0,"97":0,"98":0,"99":0,"100":0,"101":0,"102":0,"103":0,"104":0,"105":0,"106":0,"107":0,"108":0,"109":0,"110":0,"111":0,"112":0,"113":0,"114":0,"115":0},"f":{"0":0,"1":0,"2":0,"3":0,"4":0,"5":0,"6":0,"7":0,"8":0,"9":0,"10":0},"b":{"0":[0],"1":[0,0],"2":[0,0,0],"3":[0,0],"4":[0,0],"5":[0,0],"6":[0,0],"7":[0,0],"8":[0,0,0,0],"9":[0,0],"10":[0,0],"11":[0,0],"12":[0,0],"13":[0],"14":[0],"15":[0,0],"16":[0,0],"17":[0,0],"18":[0,0],"19":[0,0],"20":[0,0],"21":[0,0],"22":[0,0],"23":[0,0],"24":[0,0],"25":[0,0],"26":[0],"27":[0],"28":[0,0],"29":[0,0],"30":[0,0],"31":[0,0],"32":[0,0]}}
[...]
mn":28},"end":{"line":10,"column":29}},"loc":{"start":{"line":10,"column":79},"end":{"line":37,"column":1}},"line":10},"1":{"name":"(anonymous_1)","decl":{"start":{"line":45,"column":29},"end":{"line":45,"column":30}},"loc":{"start":{"line":45,"column":66},"end":{"line":67,"column":1}},"line":45},"2":{"name":"(anonymous_2)","decl":{"start":{"line":74,"column":30},"end":{"line":74,"column":31}},"loc":{"start":{"line":74,"column":50},"end":{"line":93,"column":1}},"line":74},"3":{"name":"(anonymous_3)","decl":{"start":{"line":101,"column":21},"end":{"line":101,"column":22}},"loc":{"start":{"line":101,"column":56},"end":{"line":128,"column":1}},"line":101},"4":{"name":"(anonymous_4)","decl":{"start":{"line":136,"column":31},"end":{"line":136,"column":32}},"loc":{"start":{"line":136,"column":52},"end":{"line":148,"column":1}},"line":136},"5":{"name":"(anonymous_5)","decl":{"start":{"line":154,"column":26},"end":{"line":154,"column":27}},"loc":{"start":{"line":154,"column":38},"end":{"line":171,"column":1}},"line":154}},"branchMap":{"0":{"loc":{"start":{"line":10,"column":43},"end":{"line":10,"column":59}},"type":"default-arg","locations":[{"start":{"line":10,"column":54},"end":{"line":10,"column":59}}],"line":10},"1":{"loc":{"start":{"line":10,"column":61},"end":{"line":10,"column":74}},"type":"default-arg","locations":[{"start":{"line":10,"column":72},"end":{"line":10,"column":74}}],"line":10},"2":{"loc":{"start":{"line":49,"column":21},"end":{"line":49,"column":72}},"type":"binary-expr","locations":[{"start":{"line":49,"column":21},"end":{"line":49,"column":45}},{"start":{"line":49,"column":49},"end":{"line":49,"column":72}}],"line":49},"3":{"loc":{"start":{"line":56,"column":16},"end":{"line":56,"column":57}},"type":"binary-expr","locations":[{"start":{"line":56,"column":16},"end":{"line":56,"column":49}},{"start":{"line":56,"column":53},"end":{"line":56,"column":57}}],"line":56},"4":{"loc":{"start":{"line":84,"column":16},"end":{"line":84,"column":57}},"type":"binary-expr","locations":[{"start":{"line":84,"column":16},"end":{"line":84,"column":49}},{"start":{"line":84,"column":53},"end":{"line":84,"column":57}}],"line":84},"5":{"loc":{"start":{"line":101,"column":38},"end":{"line":101,"column":51}},"type":"default-arg","locations":[{"start":{"line":101,"column":47},"end":{"line":101,"column":51}}],"line":101},"6":{"loc":{"start":{"line":107,"column":4},"end":{"line":109,"column":5}},"type":"if","locations":[{"start":{"line":107,"column":4},"end":{"line":109,"column":5}},{"start":{},"end":{}}],"line":107},"7":{"loc":{"start":{"line":160,"column":17},"end":{"line":160,"column":50}},"type":"binary-expr","locations":[{"start":{"line":160,"column":17},"end":{"line":160,"column":45}},{"start":{"line":160,"column":49},"end":{"line":160,"column":50}}],"line":160},"8":{"loc":{"start":{"line":161,"column":15},"end":{"line":161,"column":46}},"type":"binary-expr","locations":[{"start":{"line":161,"column":15},"end":{"line":161,"column":41}},{"start":{"line":161,"column":45},"end":{"line":161,"column":46}}],"line":161},"9":{"loc":{"start":{"line":162,"column":16},"end":{"line":162,"column":55}},"type":"binary-expr","locations":[{"start":{"line":162,"column":16},"end":{"line":162,"column":46}},{"start":{"line":162,"column":50},"end":{"line":162,"column":55}}],"line":162}},"s":{"0":0,"1":0,"2":0,"3":0,"4":0,"5":0,"6":0,"7":0,"8":0,"9":0,"10":0,"11":0,"12":0,"13":0,"14":0,"15":0,"16":0,"17":0,"18":0,"19":0,"20":0,"21":0,"22":0,"23":0,"24":0,"25":0,"26":0,"27":0,"28":0,"29":0,"30":0,"31":0,"32":0,"33":0,"34":0,"35":0},"f":{"0":0,"1":0,"2":0,"3":0,"4":0,"5":0},"b":{"0":[0],"1":[0],"2":[0,0],"3":[0,0],"4":[0,0],"5":[0],"6":[0,0],"7":[0,0],"8":[0,0],"9":[0,0]}}
,"/home/melau/Desktop/HudumaConnect/HudumaConnect-Backend/src/utils/auth.js": {"path":"/home/melau/Desktop/HudumaConnect/HudumaConnect-Backend/src/utils/auth.js","statementMap":{"0":{"start":{"line":1,"column":12},"end":{"line":1,"column":35}},"1":{"start":{"line":2,"column":15},"end":{"line":2,"column":32}},"2":{"start":{"line":10,"column":22},"end":{"line":12,"column":1}},"3":{"start":{"line":11,"column":2},"end":{"line":11,"column":66}},"4":{"start":{"line":19,"column":20},"end":{"line":21,"column":1}},"5":{"start":{"line":20,"column":2},"end":{"line":20,"column":51}},"6":{"start":{"line":28,"column":28},"end":{"line":30,"column":1}},"7":{"start":{"line":29,"column":2},"end":{"line":29,"column":51}},"8":{"start":{"line":37,"column":18},"end":{"line":39,"column":1}},"9":{"start":{"line":38,"column":2},"end":{"line":38,"column":65}},"10":{"start":{"line":46,"column":25},"end":{"line":53,"column":1}},"11":{"start":{"line":47,"column":2},"end":{"line":52,"column":4}},"12":{"start":{"line":62,"column":26},"end":{"line":88,"column":1}},"13":{"start":{"line":64,"column":16},"end":{"line":64,"column":39}},"14":{"start":{"line":67,"column":2},"end":{"line":67,"column":28}},"15":{"start":{"line":69,"column":2},"end":{"line":87,"column":7}},"16":{"start":{"line":90,"column":0},"end":{"line":97,"column":2}}},"fnMap":{"0":{"name":"(anonymous_0)","decl":{"start":{"line":10,"column":22},"end":{"line":10,"column":23}},"loc":{"start":{"line":10,"column":83},"end":{"line":12,"column":1}},"line":10},"1":{"name":"(anonymous_1)","decl":{"start":{"line":19,"column":20},"end":{"line":19,"column":21}},"loc":{"start":{"line":19,"column":31},"end":{"line":21,"column":1}},"line":19},"2":{"name":"(anonymous_2)","decl":{"start":{"line":28,"column":28},"end":{"line":28,"column":29}},"loc":{"start":{"line":28,"column":44},"end":{"line":30,"column":1}},"line":28},"3":{"name":"(anonymous_3)","decl":{"start":{"line":37,"column":18},"end":{"line":37,"column":19}},"loc":{"start":{"line":37,"column":29},"end":{"line":39,"column":1}},"line":37},"4":{"name":"(anonymous_4)","decl":{"start":{"line":46,"column":25},"end":{"line":46,"column":26}},"loc":{"start":{"line":46,"column":46},"end":{"line":53,"column":1}},"line":46},"5":{"name":"(anonymous_5)","decl":{"start":{"line":62,"column":26},"end":{"line":62,"column":27}},"loc":{"start":{"line":62,"column":74},"end":{"line":88,"column":1}},"line":62}},"branchMap":{"0":{"loc":{"start":{"line":10,"column":32},"end":{"line":10,"column":78}},"type":"default-arg","locations":[{"start":{"line":10,"column":44},"end":{"line":10,"column":78}}],"line":10},"1":{"loc":{"start":{"line":10,"column":44},"end":{"line":10,"column":78}},"type":"binary-expr","locations":[{"start":{"line":10,"column":44},"end":{"line":10,"column":70}},{"start":{"line":10,"column":74},"end":{"line":10,"column":78}}],"line":10},"2":{"loc":{"start":{"line":28,"column":29},"end":{"line":28,"column":39}},"type":"default-arg","locations":[{"start":{"line":28,"column":37},"end":{"line":28,"column":39}}],"line":28},"3":{"loc":{"start":{"line":46,"column":26},"end":{"line":46,"column":41}},"type":"default-arg","locations":[{"start":{"line":46,"column":37},"end":{"line":46,"column":41}}],"line":46},"4":{"loc":{"start":{"line":62,"column":50},"end":{"line":62,"column":69}},"type":"default-arg","locations":[{"start":{"line":62,"column":60},"end":{"line":62,"column":69}}],"line":62}},"s":{"0":1,"1":1,"2":1,"3":0,"4":1,"5":0,"6":1,"7":0,"8":1,"9":0,"10":1,"11":0,"12":1,"13":0,"14":0,"15":0,"16":1},"f":{"0":0,"1":0,"2":0,"3":0,"4":0,"5":0},"b":{"0":[0],"1":[0,0],"2":[0],"3":[0],"4":[0]},"_coverageSchema":"1a1c01bbd47fc00a2c39e90264f33305004495a9","hash":"c0192d365aa5204891467bf0d43849ad793bdbee"}
,"/home/melau/Desktop/HudumaConnect/HudumaConnect-Backend/src/utils/email.js": {"path":"/home/melau/Desktop/HudumaConnect/HudumaConnect-Backend/src/utils/email.js","statementMap":{"0":{"start":{"line":1,"column":19},"end":{"line":1,"column":40}},"1":{"start":{"line":8,"column":4},"end":{"line":8,"column":48}},"2":{"start":{"line":16,"column":4},"end":{"line":28,"column":5}},"3":{"start":{"line":18,"column":6},"end":{"line":27,"column":8}},"4":{"start":{"line":20,"column":10},"end":{"line":20,"column":63}},"5":{"start":{"line":21,"column":10},"end":{"line":21,"column":41}},"6":{"start":{"line":22,"column":10},"end":{"line":22,"column":51}},"7":{"start":{"line":23,"column":10},"end":{"line":23,"column":45}},"8":{"start":{"line":24,"column":10},"end":{"line":24,"column":45}},"9":{"start":{"line":25,"column":10},"end":{"line":25,"column":60}},"10":{"start":{"line":31,"column":4},"end":{"line":39,"column":7}},"11":{"start":{"line":48,"column":24},"end":{"line":54,"column":5}},"12":{"start":{"line":56,"column":4},"end":{"line":63,"column":5}},"13":{"start":{"line":57,"column":19},"end":{"line":57,"column":63}},"14":{"start":{"line":58,"column":6},"end":{"line":58,"column":52}},"15":{"start":{"line":59,"column":6},"end":{"line":59,"column":18}},"16":{"start":{"line":61,"column":6},"end":{"line":61,"column":50}},"17":{"start":{"line":62,"column":6},"end":{"line":62,"column":18}},"18":{"start":{"line":72,"column":20},"end":{"line":72,"column":47}},"19":{"start":{"line":73,"column":20},"end":{"line":85,"column":5}},"20":{"start":{"line":87,"column":17},"end":{"line":101,"column":5}},"21":{"start":{"line":103,"column":4},"end":{"line":108,"column":7}},"22":{"start":{"line":117,"column":20},"end":{"line":117,"column":60}},"23":{"start":{"line":118,"column":20},"end":{"line":132,"column":5}},"24":{"start":{"line":134,"column":17},"end":{"line":149,"column":5}},"25":{"start":{"line":151,"column":4},"end":{"line":156,"column":7}},"26":{"start":{"line":165,"column":20},"end":{"line":165,"column":55}},"27":{"start":{"line":166,"column":20},"end":{"line":176,"column":5}},"28":{"start":{"line":178,"column":17},"end":{"line":191,"column":5}},"29":{"start":{"line":193,"column":4},"end":{"line":198,"column":7}},"30":{"start":{"line":207,"column":20},"end":{"line":207,"column":63}},"31":{"start":{"line":208,"column":19},"end":{"line":208,"column":80}},"32":{"start":{"line":209,"column":22},"end":{"line":209,"column":67}},"33":{"start":{"line":210,"column":23},"end":{"line":210,"column":64}},"34":{"start":{"line":212,"column":20},"end":{"line":228,"column":5}},"35":{"start":{"line":230,"column":17},"end":{"line":250,"column":5}},"36":{"start":{"line":252,"column":4},"end":{"line":257,"column":7}},"37":{"start":{"line":261,"column":0},"end":{"line":261,"column":36}}},"fnMap":{"0":{"name":"(anonymous_0)","decl":{"start":{"line":7,"column":2},"end":{"line":7,"column":3}},"loc":{"start":{"line":7,"column":16},"end":{"line":9,"column":3}},"line":7},"1":{"name":"(anonymous_1)","decl":{"start":{"line":15,"column":2},"end":{"line":15,"column":3}},"loc":{"start":{"line":15,"column":22},"end":{"line":40,"column":3}},"line":15},"2":{"name":"(anonymous_2)","decl":{"start":{"line":19,"column":18},"end":{"line":19,"column":19}},"loc":{"start":{"line":19,"column":31},"end":{"line":26,"column":9}},"line":19},"3":{"name":"(anonymous_3)","decl":{"start":{"line":47,"column":2},"end":{"line":47,"column":3}},"loc":{"start":{"line":47,"column":27},"end":{"line":64,"column":3}},"line":47},"4":{"name":"(anonymous_4)","decl":{"start":{"line":71,"column":2},"end":{"line":71,"column":3}},"loc":{"start":{"line":71,"column":48},"end":{"line":109,"column":3}},"line":71},"5":{"name":"(anonymous_5)","decl":{"start":{"line":116,"column":2},"end":{"line":116,"column":3}},"loc":{"start":{"line":116,"column":47},"end":{"line":157,"column":3}},"line":116},"6":{"name":"(anonymous_6)","decl":{"start":{"line":164,"column":2},"end":{"line":164,"column":3}},"loc":{"start":{"line":164,"column":53},"end":{"line":199,"column":3}},"line":164},"7":{"name":"(anonymous_7)","decl":{"start":{"line":206,"column":2},"end":{"line":206,"column":3}},"loc":{"start":{"line":206,"column":41},"end":{"line":258,"column":3}},"line":206}},"branchMap":{"0":{"loc":{"start":{"line":16,"column":4},"end":{"line":28,"column":5}},"type":"if","locations":[{"start":{"line":16,"column":4},"end":{"line":28,"column":5}},{"start":{},"end":{}}],"line":16},"1":{"loc":{"start":{"line":49,"column":15},"end":{"line":49,"column":55}},"type":"binary-expr","locations":[{"start":{"line":49,"column":15},"end":{"line":49,"column":36}},{"start":{"line":49,"column":40},"end":{"line":49,"column":55}}],"line":49},"2":{"loc":{"start":{"line":208,"column":19},"end":{"line":208,"column":80}},"type":"binary-expr","locations":[{"start":{"line":208,"column":19},"end":{"line":208,"column":33}},{"start":{"line":208,"column":37},"end":{"line":208,"column":80}}],"line":208},"3":{"loc":{"start":{"line":209,"column":22},"end":{"line":209,"column":67}},"type":"binary-expr","locations":[{"start":{"line":209,"column":22},"end":{"line":209,"column":39}},{"start":{"line":209,"column":43},"end":{"line":209,"column":67}}],"line":209},"4":{"loc":{"start":{"line":210,"column":23},"end":{"line":210,"column":64}},"type":"binary-expr","locations":[{"start":{"line":210,"column":23},"end":{"line":210,"column":41}},{"start":{"line":210,"column":45},"end":{"line":210,"column":64}}],"line":210}},"s":{"0":1,"1":1,"2":1,"3":0,"4":0,"5":0,"6":0,"7":0,"8":0,"9":0,"10":1,"11":0,"12":0,"13":0,"14":0,"15":0,"16":0,"17":0,"18":0,"19":0,"20":0,"21":0,"22":0,"23":0,"24":0,"25":0,"26":0,"27":0,"28":0,"29":0,"30":0,"31":0,"32":0,"33":0,"34":0,"35":0,"36":0,"37":1},"f":{"0":1,"1":1,"2":0,"3":0,"4":0,"5":0,"6":0,"7":0},"b":{"0":[0,1],"1":[0,0],"2":[0,0],"3":[0,0],"4":[0,0]},"_coverageSchema":"1a1c01bbd47fc00a2c39e90264f33305004495a9","hash":"6692a37ec7e928888e0a65084426c05423f37299"}
,"/home/melau/Desktop/HudumaConnect/HudumaConnect-Backend/src/utils/sanitize.js": {"path":"/home/melau/Desktop/HudumaConnect/HudumaConnect-Backend/src/utils/sanitize.js","statementMap":{"0":{"start":{"line":1,"column":19},"end":{"line":1,"column":43}},"1":{"start":{"line":8,"column":2},"end":{"line":8,"column":52}},"2":{"start":{"line":8,"column":43},"end":{"line":8,"column":52}},"3":{"start":{"line":11,"column":2},"end":{"line":11,"column":45}},"4":{"start":{"line":18,"column":2},"end":{"line":18,"column":50}},"5":{"start":{"line":18,"column":41},"end":{"line":18,"column":50}},"6":{"start":{"line":20,"column":2},"end":{"line":20,"column":21}},"7":{"start":{"line":27,"column":2},"end":{"line":27,"column":49}},"8":{"start":{"line":27,"column":39},"end":{"line":27,"column":49}},"9":{"start":{"line":29,"column":20},"end":{"line":29,"column":30}},"10":{"start":{"line":31,"column":2},"end":{"line":35,"column":4}},"11":{"start":{"line":32,"column":4},"end":{"line":34,"column":5}},"12":{"start":{"line":33,"column":6},"end":{"line":33,"column":56}},"13":{"start":{"line":37,"column":2},"end":{"line":37,"column":18}},"14":{"start":{"line":40,"column":0},"end":{"line":44,"column":1}}},"fnMap":{"0":{"name":"sanitizeInput","decl":{"start":{"line":7,"column":9},"end":{"line":7,"column":22}},"loc":{"start":{"line":7,"column":30},"end":{"line":12,"column":1}},"line":7},"1":{"name":"escapeHtml","decl":{"start":{"line":17,"column":9},"end":{"line":17,"column":19}},"loc":{"start":{"line":17,"column":26},"end":{"line":21,"column":1}},"line":17},"2":{"name":"sanitizeObject","decl":{"start":{"line":26,"column":9},"end":{"line":26,"column":23}},"loc":{"start":{"line":26,"column":52},"end":{"line":38,"column":1}},"line":26},"3":{"name":"(anonymous_3)","decl":{"start":{"line":31,"column":27},"end":{"line":31,"column":28}},"loc":{"start":{"line":31,"column":36},"end":{"line":35,"column":3}},"line":31}},"branchMap":{"0":{"loc":{"start":{"line":8,"column":2},"end":{"line":8,"column":52}},"type":"if","locations":[{"start":{"line":8,"column":2},"end":{"line":8,"column":52}},{"start":{},"end":{}}],"line":8},"1":{"loc":{"start":{"line":8,"column":6},"end":{"line":8,"column":41}},"type":"binary-expr","locations":[{"start":{"line":8,"column":6},"end":{"line":8,"column":12}},{"start":{"line":8,"column":16},"end":{"line":8,"column":41}}],"line":8},"2":{"loc":{"start":{"line":18,"column":2},"end":{"line":18,"column":50}},"type":"if","locations":[{"start":{"line":18,"column":2},"end":{"line":18,"column":50}},{"start":{},"end":{}}],"line":18},"3":{"loc":{"start":{"line":18,"column":6},"end":{"line":18,"column":39}},"type":"binary-expr","locations":[{"start":{"line":18,"column":6},"end":{"line":18,"column":11}},{"start":{"line":18,"column":15},"end":{"line":18,"column":39}}],"line":18},"4":{"loc":{"start":{"line":26,"column":29},"end":{"line":26,"column":50}},"type":"default-arg","locations":[{"start":{"line":26,"column":48},"end":{"line":26,"column":50}}],"line":26},"5":{"loc":{"start":{"line":27,"column":2},"end":{"line":27,"column":49}},"type":"if","locations":[{"start":{"line":27,"column":2},"end":{"line":27,"column":49}},{"start":{},"end":{}}],"line":27},"6":{"loc":{"start":{"line":27,"column":6},"end":{"line":27,"column":37}},"type":"binary-expr","locations":[{"start":{"line":27,"column":6},"end":{"line":27,"column":10}},{"start":{"line":27,"column":14},"end":{"line":27,"column":37}}],"line":27},"7":{"loc":{"start":{"line":32,"column":4},"end":{"line":34,"column":5}},"type":"if","locations":[{"start":{"line":32,"column":4},"end":{"line":34,"column":5}},{"start":{},"end":{}}],"line":32},"8":{"loc":{"start":{"line":32,"column":8},"end":{"line":32,"column":64}},"type":"binary-expr","locations":[{"start":{"line":32,"column":8},"end":{"line":32,"column":24}},{"start":{"line":32,"column":28},"end":{"line":32,"column":64}}],"line":32}},"s":{"0":0,"1":0,"2":0,"3":0,"4":0,"5":0,"6":0,"7":0,"8":0,"9":0,"10":0,"11":0,"12":0,"13":0,"14":0},"f":{"0":0,"1":0,"2":0,"3":0},"b":{"0":[0,0],"1":[0,0],"2":[0,0],"3":[0,0],"4":[0],"5":[0,0],"6":[0,0],"7":[0,0],"8":[0,0]}}
,"/home/melau/Desktop/HudumaConnect/HudumaConnect-Backend/src/utils/security.js": {"path":"/home/melau/Desktop/HudumaConnect/HudumaConnect-Backend/src/utils/security.js","statementMap":{"0":{"start":{"line":6,"column":2},"end":{"line":6,"column":22}},"1":{"start":{"line":6,"column":12},"end":{"line":6,"column":22}},"2":{"start":{"line":7,"column":2},"end":{"line":7,"column":52}},"3":{"start":{"line":16,"column":2},"end":{"line":16,"column":57}},"4":{"start":{"line":16,"column":45},"end":{"line":16,"column":57}},"5":{"start":{"line":18,"column":18},"end":{"line":18,"column":44}},"6":{"start":{"line":19,"column":2},"end":{"line":19,"column":40}},"7":{"start":{"line":19,"column":28},"end":{"line":19,"column":40}},"8":{"start":{"line":21,"column":2},"end":{"line":25,"column":3}},"9":{"start":{"line":22,"column":4},"end":{"line":22,"column":40}},"10":{"start":{"line":24,"column":4},"end":{"line":24,"column":16}},"11":{"start":{"line":28,"column":0},"end":{"line":31,"column":1}}},"fnMap":{"0":{"name":"escapeRegex","decl":{"start":{"line":5,"column":9},"end":{"line":5,"column":20}},"loc":{"start":{"line":5,"column":26},"end":{"line":8,"column":1}},"line":5},"1":{"name":"makeSafeRegex","decl":{"start":{"line":15,"column":9},"end":{"line":15,"column":22}},"loc":{"start":{"line":15,"column":46},"end":{"line":26,"column":1}},"line":15}},"branchMap":{"0":{"loc":{"start":{"line":6,"column":2},"end":{"line":6,"column":22}},"type":"if","locations":[{"start":{"line":6,"column":2},"end":{"line":6,"column":22}},{"start":{},"end":{}}],"line":6},"1":{"loc":{"start":{"line":15,"column":31},"end":{"line":15,"column":44}},"type":"default-arg","locations":[{"start":{"line":15,"column":41},"end":{"line":15,"column":44}}],"line":15},"2":{"loc":{"start":{"line":16,"column":2},"end":{"line":16,"column":57}},"type":"if","locations":[{"start":{"line":16,"column":2},"end":{"line":16,"column":57}},{"start":{},"end":{}}],"line":16},"3":{"loc":{"start":{"line":16,"column":6},"end":{"line":16,"column":43}},"type":"binary-expr","locations":[{"start":{"line":16,"column":6},"end":{"line":16,"column":13}},{"start":{"line":16,"column":17},"end":{"line":16,"column":43}}],"line":16},"4":{"loc":{"start":{"line":19,"column":2},"end":{"line":19,"column":40}},"type":"if","locations":[{"start":{"line":19,"column":2},"end":{"line":19,"column":40}},{"start":{},"end":{}}],"line":19}},"s":{"0":0,"1":0,"2":0,"3":0,"4":0,"5":0,"6":0,"7":0,"8":0,"9":0,"10":0,"11":0},"f":{"0":0,"1":0},"b":{"0":[0,0],"1":[0],"2":[0,0],"3":[0,0],"4":[0,0]}}
}
