TN:
SF:src/__tests__/setup.js
FN:8,(anonymous_0)
FN:10,(anonymous_1)
FN:11,(anonymous_2)
FNF:3
FNH:0
FNDA:0,(anonymous_0)
FNDA:0,(anonymous_1)
FNDA:0,(anonymous_2)
DA:2,0
DA:3,0
DA:4,0
DA:5,0
DA:8,0
DA:9,0
LF:6
LH:0
BRF:0
BRH:0
end_of_record
TN:
SF:src/controllers/adminController.js
FN:13,(anonymous_0)
FN:60,(anonymous_1)
FN:95,(anonymous_2)
FN:146,(anonymous_3)
FN:212,(anonymous_4)
FN:281,(anonymous_5)
FN:331,(anonymous_6)
FN:369,(anonymous_7)
FN:402,(anonymous_8)
FN:441,(anonymous_9)
FN:465,(anonymous_10)
FNF:11
FNH:0
FNDA:0,(anonymous_0)
FNDA:0,(anonymous_1)
FNDA:0,(anonymous_2)
FNDA:0,(anonymous_3)
FNDA:0,(anonymous_4)
FNDA:0,(anonymous_5)
FNDA:0,(anonymous_6)
FNDA:0,(anonymous_7)
FNDA:0,(anonymous_8)
FNDA:0,(anonymous_9)
FNDA:0,(anonymous_10)
DA:1,0
DA:2,0
DA:3,0
DA:4,0
DA:5,0
DA:6,0
DA:13,0
DA:14,0
DA:27,0
DA:51,0
DA:60,0
DA:61,0
DA:62,0
DA:66,0
DA:68,0
DA:81,0
DA:86,0
DA:95,0
DA:96,0
DA:97,0
DA:99,0
DA:100,0
DA:101,0
DA:105,0
DA:106,0
DA:107,0
DA:108,0
DA:116,0
DA:118,0
DA:128,0
DA:137,0
DA:146,0
DA:147,0
DA:148,0
DA:149,0
DA:151,0
DA:152,0
DA:155,0
DA:166,0
DA:167,0
DA:171,0
DA:172,0
DA:174,0
DA:175,0
DA:185,0
DA:193,0
DA:197,0
DA:203,0
DA:212,0
DA:213,0
DA:214,0
DA:215,0
DA:217,0
DA:218,0
DA:221,0
DA:222,0
DA:225,0
DA:235,0
DA:236,0
DA:240,0
DA:241,0
DA:243,0
DA:244,0
DA:254,0
DA:262,0
DA:266,0
DA:272,0
DA:281,0
DA:282,0
DA:283,0
DA:285,0
DA:286,0
DA:287,0
DA:291,0
DA:292,0
DA:293,0
DA:294,0
DA:302,0
DA:304,0
DA:313,0
DA:322,0
DA:331,0
DA:332,0
DA:333,0
DA:335,0
DA:336,0
DA:340,0
DA:341,0
DA:344,0
DA:350,0
DA:351,0
DA:354,0
DA:360,0
DA:369,0
DA:370,0
DA:371,0
DA:373,0
DA:374,0
DA:377,0
DA:383,0
DA:384,0
DA:387,0
DA:393,0
DA:402,0
DA:403,0
DA:404,0
DA:406,0
DA:407,0
DA:408,0
DA:411,0
DA:413,0
DA:423,0
DA:432,0
DA:441,0
DA:442,0
DA:443,0
DA:447,0
DA:456,0
DA:465,0
DA:466,0
DA:467,0
DA:471,0
DA:477,0
DA:481,0
LF:124
LH:0
BRDA:61,0,0,0
BRDA:61,0,1,0
BRDA:66,1,0,0
BRDA:66,1,1,0
BRDA:97,2,0,0
BRDA:97,3,0,0
BRDA:100,4,0,0
BRDA:100,4,1,0
BRDA:105,5,0,0
BRDA:105,5,1,0
BRDA:107,6,0,0
BRDA:107,6,1,0
BRDA:151,7,0,0
BRDA:151,7,1,0
BRDA:166,8,0,0
BRDA:166,8,1,0
BRDA:217,9,0,0
BRDA:217,9,1,0
BRDA:217,10,0,0
BRDA:217,10,1,0
BRDA:221,11,0,0
BRDA:221,11,1,0
BRDA:235,12,0,0
BRDA:235,12,1,0
BRDA:283,13,0,0
BRDA:283,14,0,0
BRDA:286,15,0,0
BRDA:286,15,1,0
BRDA:291,16,0,0
BRDA:291,16,1,0
BRDA:293,17,0,0
BRDA:293,17,1,0
BRDA:335,18,0,0
BRDA:335,18,1,0
BRDA:340,19,0,0
BRDA:340,19,1,0
BRDA:350,20,0,0
BRDA:350,20,1,0
BRDA:373,21,0,0
BRDA:373,21,1,0
BRDA:383,22,0,0
BRDA:383,22,1,0
BRDA:404,23,0,0
BRDA:404,24,0,0
BRDA:407,25,0,0
BRDA:407,25,1,0
BRDA:443,26,0,0
BRDA:443,27,0,0
BRF:48
BRH:0
end_of_record
TN:
SF:src/controllers/authController.js
FN:12,(anonymous_0)
FN:81,(anonymous_1)
FN:189,(anonymous_2)
FN:211,(anonymous_3)
FN:245,(anonymous_4)
FN:253,(anonymous_5)
FN:287,(anonymous_6)
FN:316,(anonymous_7)
FN:370,(anonymous_8)
FN:404,(anonymous_9)
FN:438,(anonymous_10)
FN:482,(anonymous_11)
FNF:12
FNH:0
FNDA:0,(anonymous_0)
FNDA:0,(anonymous_1)
FNDA:0,(anonymous_2)
FNDA:0,(anonymous_3)
FNDA:0,(anonymous_4)
FNDA:0,(anonymous_5)
FNDA:0,(anonymous_6)
FNDA:0,(anonymous_7)
FNDA:0,(anonymous_8)
FNDA:0,(anonymous_9)
FNDA:0,(anonymous_10)
FNDA:0,(anonymous_11)
DA:1,1
DA:2,1
DA:3,1
DA:4,1
DA:5,1
DA:12,1
DA:13,0
DA:14,0
DA:17,0
DA:18,0
DA:19,0
DA:26,0
DA:27,0
DA:28,0
DA:35,0
DA:36,0
DA:39,0
DA:50,0
DA:51,0
DA:52,0
DA:54,0
DA:59,0
DA:60,0
DA:70,0
DA:72,0
DA:81,1
DA:82,0
DA:83,0
DA:86,0
DA:87,0
DA:94,0
DA:96,0
DA:97,0
DA:104,0
DA:105,0
DA:106,0
DA:114,0
DA:116,0
DA:118,0
DA:121,0
DA:122,0
DA:123,0
DA:126,0
DA:127,0
DA:128,0
DA:134,0
DA:138,0
DA:146,0
DA:148,0
DA:156,0
DA:157,0
DA:163,0
DA:164,0
DA:171,0
DA:172,0
DA:175,0
DA:176,0
DA:178,0
DA:180,0
DA:189,1
DA:190,0
DA:191,0
DA:202,0
DA:211,1
DA:212,0
DA:213,0
DA:215,0
DA:216,0
DA:217,0
DA:220,0
DA:236,0
DA:245,1
DA:246,0
DA:247,0
DA:253,0
DA:254,0
DA:257,0
DA:262,0
DA:278,0
DA:287,1
DA:288,0
DA:289,0
DA:292,0
DA:295,0
DA:296,0
DA:302,0
DA:303,0
DA:305,0
DA:307,0
DA:316,1
DA:317,0
DA:318,0
DA:320,0
DA:321,0
DA:328,0
DA:331,0
DA:334,0
DA:336,0
DA:339,0
DA:341,0
DA:342,0
DA:344,0
DA:349,0
DA:350,0
DA:351,0
DA:353,0
DA:355,0
DA:361,0
DA:370,1
DA:371,0
DA:373,0
DA:375,0
DA:380,0
DA:381,0
DA:388,0
DA:389,0
DA:390,0
DA:391,0
DA:393,0
DA:395,0
DA:404,1
DA:405,0
DA:407,0
DA:409,0
DA:414,0
DA:415,0
DA:422,0
DA:423,0
DA:424,0
DA:425,0
DA:427,0
DA:429,0
DA:438,1
DA:439,0
DA:440,0
DA:442,0
DA:443,0
DA:450,0
DA:451,0
DA:452,0
DA:454,0
DA:457,0
DA:458,0
DA:459,0
DA:461,0
DA:466,0
DA:467,0
DA:473,0
DA:482,1
DA:483,0
DA:484,0
DA:487,0
DA:490,0
DA:491,0
DA:498,0
DA:499,0
DA:502,0
DA:503,0
DA:509,0
DA:520,0
DA:524,1
LF:161
LH:17
BRDA:18,0,0,0
BRDA:18,0,1,0
BRDA:27,1,0,0
BRDA:27,1,1,0
BRDA:59,2,0,0
BRDA:59,2,1,0
BRDA:86,3,0,0
BRDA:86,3,1,0
BRDA:86,4,0,0
BRDA:86,4,1,0
BRDA:96,5,0,0
BRDA:96,5,1,0
BRDA:104,6,0,0
BRDA:104,6,1,0
BRDA:104,7,0,0
BRDA:104,7,1,0
BRDA:108,8,0,0
BRDA:108,8,1,0
BRDA:116,9,0,0
BRDA:116,9,1,0
BRDA:118,10,0,0
BRDA:118,10,1,0
BRDA:121,11,0,0
BRDA:121,11,1,0
BRDA:156,12,0,0
BRDA:156,12,1,0
BRDA:156,13,0,0
BRDA:156,13,1,0
BRDA:163,14,0,0
BRDA:163,14,1,0
BRDA:216,15,0,0
BRDA:216,15,1,0
BRDA:254,16,0,0
BRDA:254,16,1,0
BRDA:295,17,0,0
BRDA:295,17,1,0
BRDA:320,18,0,0
BRDA:320,18,1,0
BRDA:380,19,0,0
BRDA:380,19,1,0
BRDA:414,20,0,0
BRDA:414,20,1,0
BRDA:442,21,0,0
BRDA:442,21,1,0
BRDA:490,22,0,0
BRDA:490,22,1,0
BRDA:502,23,0,0
BRDA:502,23,1,0
BRF:48
BRH:0
end_of_record
TN:
SF:src/controllers/complaintController.js
FN:11,(anonymous_0)
FN:80,(anonymous_1)
FN:141,(anonymous_2)
FN:180,(anonymous_3)
FN:229,(anonymous_4)
FN:272,(anonymous_5)
FN:302,(anonymous_6)
FN:355,(anonymous_7)
FN:396,(anonymous_8)
FN:453,(anonymous_9)
FN:472,(anonymous_10)
FNF:11
FNH:0
FNDA:0,(anonymous_0)
FNDA:0,(anonymous_1)
FNDA:0,(anonymous_2)
FNDA:0,(anonymous_3)
FNDA:0,(anonymous_4)
FNDA:0,(anonymous_5)
FNDA:0,(anonymous_6)
FNDA:0,(anonymous_7)
FNDA:0,(anonymous_8)
FNDA:0,(anonymous_9)
FNDA:0,(anonymous_10)
DA:1,0
DA:2,0
DA:3,0
DA:4,0
DA:11,0
DA:12,0
DA:22,0
DA:25,0
DA:26,0
DA:27,0
DA:28,0
DA:34,0
DA:35,0
DA:43,0
DA:44,0
DA:45,0
DA:46,0
DA:53,0
DA:65,0
DA:71,0
DA:80,0
DA:81,0
DA:90,0
DA:92,0
DA:95,0
DA:96,0
DA:97,0
DA:98,0
DA:99,0
DA:101,0
DA:102,0
DA:107,0
DA:108,0
DA:109,0
DA:111,0
DA:113,0
DA:114,0
DA:116,0
DA:121,0
DA:123,0
DA:132,0
DA:141,0
DA:142,0
DA:143,0
DA:145,0
DA:146,0
DA:154,0
DA:159,0
DA:160,0
DA:166,0
DA:171,0
DA:180,0
DA:181,0
DA:182,0
DA:184,0
DA:186,0
DA:187,0
DA:193,0
DA:196,0
DA:197,0
DA:211,0
DA:214,0
DA:220,0
DA:229,0
DA:230,0
DA:231,0
DA:233,0
DA:243,0
DA:244,0
DA:251,0
DA:252,0
DA:254,0
DA:257,0
DA:263,0
DA:272,0
DA:273,0
DA:274,0
DA:276,0
DA:278,0
DA:279,0
DA:285,0
DA:287,0
DA:293,0
DA:302,0
DA:303,0
DA:304,0
DA:306,0
DA:307,0
DA:313,0
DA:314,0
DA:320,0
DA:323,0
DA:324,0
DA:337,0
DA:340,0
DA:346,0
DA:355,0
DA:356,0
DA:357,0
DA:360,0
DA:361,0
DA:362,0
DA:368,0
DA:374,0
DA:375,0
DA:381,0
DA:387,0
DA:396,0
DA:397,0
DA:398,0
DA:402,0
DA:404,0
DA:406,0
DA:407,0
DA:409,0
DA:410,0
DA:412,0
DA:413,0
DA:415,0
DA:418,0
DA:423,0
DA:426,0
DA:428,0
DA:444,0
DA:453,0
DA:454,0
DA:455,0
DA:457,0
DA:463,0
DA:472,0
DA:473,0
DA:474,0
DA:476,0
DA:482,0
DA:486,0
LF:135
LH:0
BRDA:25,0,0,0
BRDA:25,0,1,0
BRDA:27,1,0,0
BRDA:27,1,1,0
BRDA:34,2,0,0
BRDA:34,2,1,0
BRDA:43,3,0,0
BRDA:43,3,1,0
BRDA:45,4,0,0
BRDA:45,4,1,0
BRDA:45,5,0,0
BRDA:45,5,1,0
BRDA:60,6,0,0
BRDA:60,6,1,0
BRDA:61,7,0,0
BRDA:61,7,1,0
BRDA:62,8,0,0
BRDA:62,8,1,0
BRDA:87,9,0,0
BRDA:88,10,0,0
BRDA:89,11,0,0
BRDA:95,12,0,0
BRDA:95,12,1,0
BRDA:97,13,0,0
BRDA:97,13,1,0
BRDA:99,14,0,0
BRDA:99,14,1,0
BRDA:101,15,0,0
BRDA:101,15,1,0
BRDA:107,16,0,0
BRDA:107,16,1,0
BRDA:108,17,0,0
BRDA:108,17,1,0
BRDA:109,18,0,0
BRDA:109,18,1,0
BRDA:114,19,0,0
BRDA:114,19,1,0
BRDA:145,20,0,0
BRDA:145,20,1,0
BRDA:154,21,0,0
BRDA:154,21,1,0
BRDA:154,21,2,0
BRDA:154,21,3,0
BRDA:154,21,4,0
BRDA:154,21,5,0
BRDA:154,21,6,0
BRDA:154,21,7,0
BRDA:159,22,0,0
BRDA:159,22,1,0
BRDA:186,23,0,0
BRDA:186,23,1,0
BRDA:202,24,0,0
BRDA:202,24,1,0
BRDA:203,25,0,0
BRDA:203,25,1,0
BRDA:207,26,0,0
BRDA:207,26,1,0
BRDA:243,27,0,0
BRDA:243,27,1,0
BRDA:278,28,0,0
BRDA:278,28,1,0
BRDA:306,29,0,0
BRDA:306,29,1,0
BRDA:313,30,0,0
BRDA:313,30,1,0
BRDA:361,31,0,0
BRDA:361,31,1,0
BRDA:361,32,0,0
BRDA:361,32,1,0
BRDA:374,33,0,0
BRDA:374,33,1,0
BRDA:398,34,0,0
BRDA:404,35,0,0
BRDA:404,35,1,0
BRDA:404,35,2,0
BRDA:404,35,3,0
BRDA:432,36,0,0
BRDA:432,36,1,0
BRF:78
BRH:0
end_of_record
TN:
SF:src/controllers/messageController.js
FN:11,(anonymous_0)
FN:132,(anonymous_1)
FN:170,(anonymous_2)
FN:176,(anonymous_3)
FN:190,(anonymous_4)
FN:223,(anonymous_5)
FN:281,(anonymous_6)
FN:291,(anonymous_7)
FN:296,(anonymous_8)
FN:318,(anonymous_9)
FN:375,(anonymous_10)
FNF:11
FNH:0
FNDA:0,(anonymous_0)
FNDA:0,(anonymous_1)
FNDA:0,(anonymous_2)
FNDA:0,(anonymous_3)
FNDA:0,(anonymous_4)
FNDA:0,(anonymous_5)
FNDA:0,(anonymous_6)
FNDA:0,(anonymous_7)
FNDA:0,(anonymous_8)
FNDA:0,(anonymous_9)
FNDA:0,(anonymous_10)
DA:1,0
DA:2,0
DA:3,0
DA:4,0
DA:11,0
DA:12,0
DA:13,0
DA:16,0
DA:17,0
DA:24,0
DA:25,0
DA:31,0
DA:32,0
DA:39,0
DA:40,0
DA:41,0
DA:49,0
DA:52,0
DA:53,0
DA:61,0
DA:64,0
DA:65,0
DA:72,0
DA:73,0
DA:74,0
DA:81,0
DA:90,0
DA:91,0
DA:94,0
DA:95,0
DA:96,0
DA:107,0
DA:116,0
DA:122,0
DA:123,0
DA:132,0
DA:133,0
DA:134,0
DA:135,0
DA:138,0
DA:139,0
DA:146,0
DA:147,0
DA:148,0
DA:155,0
DA:158,0
DA:159,0
DA:166,0
DA:169,0
DA:170,0
DA:173,0
DA:174,0
DA:176,0
DA:187,0
DA:188,0
DA:189,0
DA:190,0
DA:197,0
DA:198,0
DA:206,0
DA:213,0
DA:214,0
DA:223,0
DA:224,0
DA:225,0
DA:228,0
DA:229,0
DA:236,0
DA:237,0
DA:238,0
DA:245,0
DA:246,0
DA:253,0
DA:256,0
DA:257,0
DA:258,0
DA:265,0
DA:271,0
DA:272,0
DA:281,0
DA:282,0
DA:283,0
DA:286,0
DA:289,0
DA:290,0
DA:291,0
DA:292,0
DA:296,0
DA:301,0
DA:308,0
DA:309,0
DA:318,0
DA:319,0
DA:320,0
DA:323,0
DA:324,0
DA:331,0
DA:332,0
DA:333,0
DA:340,0
DA:341,0
DA:348,0
DA:351,0
DA:352,0
DA:353,0
DA:359,0
DA:365,0
DA:366,0
DA:375,0
DA:376,0
DA:377,0
DA:379,0
DA:384,0
DA:385,0
DA:389,0
LF:115
LH:0
BRDA:13,0,0,0
BRDA:16,1,0,0
BRDA:16,1,1,0
BRDA:16,2,0,0
BRDA:16,2,1,0
BRDA:16,2,2,0
BRDA:24,3,0,0
BRDA:24,3,1,0
BRDA:31,4,0,0
BRDA:31,4,1,0
BRDA:40,5,0,0
BRDA:40,5,1,0
BRDA:49,6,0,0
BRDA:49,6,1,0
BRDA:52,7,0,0
BRDA:52,7,1,0
BRDA:61,8,0,0
BRDA:61,8,1,0
BRDA:61,8,2,0
BRDA:61,8,3,0
BRDA:64,9,0,0
BRDA:64,9,1,0
BRDA:73,10,0,0
BRDA:73,10,1,0
BRDA:95,11,0,0
BRDA:95,11,1,0
BRDA:111,12,0,0
BRDA:111,12,1,0
BRDA:135,13,0,0
BRDA:135,14,0,0
BRDA:138,15,0,0
BRDA:138,15,1,0
BRDA:147,16,0,0
BRDA:147,16,1,0
BRDA:155,17,0,0
BRDA:155,17,1,0
BRDA:158,18,0,0
BRDA:158,18,1,0
BRDA:170,19,0,0
BRDA:170,19,1,0
BRDA:173,20,0,0
BRDA:173,20,1,0
BRDA:188,21,0,0
BRDA:188,21,1,0
BRDA:228,22,0,0
BRDA:228,22,1,0
BRDA:237,23,0,0
BRDA:237,23,1,0
BRDA:245,24,0,0
BRDA:245,24,1,0
BRDA:257,25,0,0
BRDA:257,25,1,0
BRDA:283,26,0,0
BRDA:283,27,0,0
BRDA:298,28,0,0
BRDA:298,28,1,0
BRDA:323,29,0,0
BRDA:323,29,1,0
BRDA:332,30,0,0
BRDA:332,30,1,0
BRDA:340,31,0,0
BRDA:340,31,1,0
BRDA:352,32,0,0
BRDA:352,32,1,0
BRF:64
BRH:0
end_of_record
TN:
SF:src/controllers/notificationController.js
FN:8,(anonymous_0)
FN:58,(anonymous_1)
FN:76,(anonymous_2)
FN:107,(anonymous_3)
FN:125,(anonymous_4)
FN:153,(anonymous_5)
FN:173,(anonymous_6)
FN:214,(anonymous_7)
FN:274,(anonymous_8)
FN:292,(anonymous_9)
FN:346,(anonymous_10)
FNF:11
FNH:0
FNDA:0,(anonymous_0)
FNDA:0,(anonymous_1)
FNDA:0,(anonymous_2)
FNDA:0,(anonymous_3)
FNDA:0,(anonymous_4)
FNDA:0,(anonymous_5)
FNDA:0,(anonymous_6)
FNDA:0,(anonymous_7)
FNDA:0,(anonymous_8)
FNDA:0,(anonymous_9)
FNDA:0,(anonymous_10)
DA:1,0
DA:8,0
DA:9,0
DA:17,0
DA:20,0
DA:22,0
DA:32,0
DA:33,0
DA:34,0
DA:36,0
DA:37,0
DA:39,0
DA:49,0
DA:58,0
DA:59,0
DA:60,0
DA:62,0
DA:67,0
DA:76,0
DA:77,0
DA:78,0
DA:83,0
DA:84,0
DA:90,0
DA:92,0
DA:98,0
DA:107,0
DA:108,0
DA:109,0
DA:111,0
DA:116,0
DA:125,0
DA:126,0
DA:127,0
DA:132,0
DA:133,0
DA:139,0
DA:144,0
DA:153,0
DA:154,0
DA:155,0
DA:159,0
DA:164,0
DA:173,0
DA:174,0
DA:185,0
DA:187,0
DA:199,0
DA:205,0
DA:214,0
DA:215,0
DA:216,0
DA:220,0
DA:222,0
DA:224,0
DA:225,0
DA:227,0
DA:228,0
DA:230,0
DA:231,0
DA:233,0
DA:236,0
DA:241,0
DA:253,0
DA:265,0
DA:274,0
DA:275,0
DA:276,0
DA:278,0
DA:283,0
DA:292,0
DA:293,0
DA:302,0
DA:304,0
DA:307,0
DA:308,0
DA:309,0
DA:310,0
DA:312,0
DA:314,0
DA:315,0
DA:317,0
DA:326,0
DA:328,0
DA:337,0
DA:346,0
DA:347,0
DA:357,0
DA:359,0
DA:360,0
DA:366,0
DA:368,0
DA:369,0
DA:370,0
DA:380,0
DA:382,0
DA:386,0
DA:392,0
DA:396,0
LF:99
LH:0
BRDA:13,0,0,0
BRDA:14,1,0,0
BRDA:15,2,0,0
BRDA:16,3,0,0
BRDA:20,4,0,0
BRDA:20,4,1,0
BRDA:33,5,0,0
BRDA:33,5,1,0
BRDA:34,6,0,0
BRDA:34,6,1,0
BRDA:83,7,0,0
BRDA:83,7,1,0
BRDA:132,8,0,0
BRDA:132,8,1,0
BRDA:179,9,0,0
BRDA:180,10,0,0
BRDA:181,11,0,0
BRDA:182,12,0,0
BRDA:184,13,0,0
BRDA:216,14,0,0
BRDA:222,15,0,0
BRDA:222,15,1,0
BRDA:222,15,2,0
BRDA:222,15,3,0
BRDA:257,16,0,0
BRDA:257,16,1,0
BRDA:299,17,0,0
BRDA:300,18,0,0
BRDA:301,19,0,0
BRDA:307,20,0,0
BRDA:307,20,1,0
BRDA:308,21,0,0
BRDA:308,21,1,0
BRDA:309,22,0,0
BRDA:309,22,1,0
BRDA:310,23,0,0
BRDA:310,23,1,0
BRDA:315,24,0,0
BRDA:315,24,1,0
BRDA:352,25,0,0
BRDA:353,26,0,0
BRDA:354,27,0,0
BRDA:355,28,0,0
BRDA:356,29,0,0
BRDA:359,30,0,0
BRDA:359,30,1,0
BRDA:359,31,0,0
BRDA:359,31,1,0
BRDA:359,31,2,0
BRF:49
BRH:0
end_of_record
TN:
SF:src/controllers/paymentController.js
FN:16,(anonymous_0)
FN:238,(anonymous_1)
FN:347,(anonymous_2)
FN:390,(anonymous_3)
FN:449,(anonymous_4)
FN:516,(anonymous_5)
FN:608,(anonymous_6)
FNF:7
FNH:0
FNDA:0,(anonymous_0)
FNDA:0,(anonymous_1)
FNDA:0,(anonymous_2)
FNDA:0,(anonymous_3)
FNDA:0,(anonymous_4)
FNDA:0,(anonymous_5)
FNDA:0,(anonymous_6)
DA:1,0
DA:2,0
DA:3,0
DA:4,0
DA:5,0
DA:6,0
DA:7,0
DA:8,0
DA:9,0
DA:16,0
DA:17,0
DA:18,0
DA:21,0
DA:22,0
DA:29,0
DA:30,0
DA:31,0
DA:38,0
DA:39,0
DA:40,0
DA:46,0
DA:47,0
DA:54,0
DA:55,0
DA:56,0
DA:62,0
DA:63,0
DA:70,0
DA:74,0
DA:75,0
DA:82,0
DA:88,0
DA:89,0
DA:90,0
DA:95,0
DA:103,0
DA:104,0
DA:105,0
DA:106,0
DA:107,0
DA:110,0
DA:111,0
DA:118,0
DA:119,0
DA:120,0
DA:128,0
DA:132,0
DA:142,0
DA:149,0
DA:151,0
DA:161,0
DA:162,0
DA:163,0
DA:164,0
DA:165,0
DA:167,0
DA:168,0
DA:169,0
DA:170,0
DA:176,0
DA:178,0
DA:179,0
DA:180,0
DA:181,0
DA:184,0
DA:185,0
DA:192,0
DA:193,0
DA:196,0
DA:203,0
DA:204,0
DA:205,0
DA:206,0
DA:207,0
DA:208,0
DA:209,0
DA:211,0
DA:212,0
DA:213,0
DA:214,0
DA:220,0
DA:222,0
DA:223,0
DA:224,0
DA:227,0
DA:229,0
DA:238,0
DA:239,0
DA:240,0
DA:242,0
DA:243,0
DA:244,0
DA:251,0
DA:253,0
DA:257,0
DA:258,0
DA:265,0
DA:266,0
DA:268,0
DA:271,0
DA:272,0
DA:273,0
DA:278,0
DA:280,0
DA:281,0
DA:288,0
DA:289,0
DA:290,0
DA:293,0
DA:294,0
DA:295,0
DA:296,0
DA:297,0
DA:300,0
DA:301,0
DA:302,0
DA:303,0
DA:310,0
DA:314,0
DA:328,0
DA:329,0
DA:331,0
DA:338,0
DA:347,0
DA:348,0
DA:349,0
DA:350,0
DA:352,0
DA:359,0
DA:360,0
DA:363,0
DA:371,0
DA:373,0
DA:381,0
DA:390,0
DA:391,0
DA:392,0
DA:394,0
DA:395,0
DA:396,0
DA:402,0
DA:403,0
DA:410,0
DA:412,0
DA:414,0
DA:415,0
DA:421,0
DA:424,0
DA:427,0
DA:428,0
DA:429,0
DA:432,0
DA:434,0
DA:440,0
DA:449,0
DA:450,0
DA:451,0
DA:452,0
DA:454,0
DA:455,0
DA:461,0
DA:462,0
DA:463,0
DA:466,0
DA:471,0
DA:474,0
DA:498,0
DA:507,0
DA:516,0
DA:517,0
DA:518,0
DA:520,0
DA:521,0
DA:528,0
DA:529,0
DA:536,0
DA:537,0
DA:538,0
DA:545,0
DA:546,0
DA:553,0
DA:562,0
DA:563,0
DA:564,0
DA:565,0
DA:568,0
DA:571,0
DA:572,0
DA:579,0
DA:580,0
DA:581,0
DA:583,0
DA:584,0
DA:586,0
DA:589,0
DA:593,0
DA:599,0
DA:608,0
DA:609,0
DA:610,0
DA:612,0
DA:613,0
DA:614,0
DA:621,0
DA:622,0
DA:629,0
DA:630,0
DA:640,0
DA:641,0
DA:645,0
DA:652,0
DA:658,0
DA:662,0
LF:213
LH:0
BRDA:21,0,0,0
BRDA:21,0,1,0
BRDA:21,1,0,0
BRDA:21,1,1,0
BRDA:21,1,2,0
BRDA:30,2,0,0
BRDA:30,2,1,0
BRDA:39,3,0,0
BRDA:39,3,1,0
BRDA:39,4,0,0
BRDA:39,4,1,0
BRDA:46,5,0,0
BRDA:46,5,1,0
BRDA:55,6,0,0
BRDA:55,6,1,0
BRDA:62,7,0,0
BRDA:62,7,1,0
BRDA:70,8,0,0
BRDA:70,8,1,0
BRDA:74,9,0,0
BRDA:74,9,1,0
BRDA:88,10,0,0
BRDA:88,10,1,0
BRDA:89,11,0,0
BRDA:89,11,1,0
BRDA:103,12,0,0
BRDA:103,12,1,0
BRDA:105,13,0,0
BRDA:105,13,1,0
BRDA:110,14,0,0
BRDA:110,14,1,0
BRDA:119,15,0,0
BRDA:119,15,1,0
BRDA:128,16,0,0
BRDA:128,16,1,0
BRDA:149,17,0,0
BRDA:149,17,1,0
BRDA:161,18,0,0
BRDA:161,18,1,0
BRDA:176,19,0,0
BRDA:176,19,1,0
BRDA:179,20,0,0
BRDA:179,20,1,0
BRDA:184,21,0,0
BRDA:184,21,1,0
BRDA:203,22,0,0
BRDA:203,22,1,0
BRDA:209,23,0,0
BRDA:209,23,1,0
BRDA:220,24,0,0
BRDA:220,24,1,0
BRDA:243,25,0,0
BRDA:243,25,1,0
BRDA:251,26,0,0
BRDA:251,26,1,0
BRDA:251,27,0,0
BRDA:251,27,1,0
BRDA:257,28,0,0
BRDA:257,28,1,0
BRDA:257,29,0,0
BRDA:257,29,1,0
BRDA:266,30,0,0
BRDA:266,30,1,0
BRDA:266,31,0,0
BRDA:266,31,1,0
BRDA:272,32,0,0
BRDA:272,32,1,0
BRDA:278,33,0,0
BRDA:278,33,1,0
BRDA:280,34,0,0
BRDA:280,34,1,0
BRDA:295,35,0,0
BRDA:295,35,1,0
BRDA:301,36,0,0
BRDA:301,36,1,0
BRDA:349,37,0,0
BRDA:349,38,0,0
BRDA:359,39,0,0
BRDA:359,39,1,0
BRDA:395,40,0,0
BRDA:395,40,1,0
BRDA:402,41,0,0
BRDA:402,41,1,0
BRDA:410,42,0,0
BRDA:410,42,1,0
BRDA:410,43,0,0
BRDA:410,43,1,0
BRDA:414,44,0,0
BRDA:414,44,1,0
BRDA:421,45,0,0
BRDA:421,45,1,0
BRDA:421,46,0,0
BRDA:421,46,1,0
BRDA:451,47,0,0
BRDA:451,48,0,0
BRDA:454,49,0,0
BRDA:454,49,1,0
BRDA:462,50,0,0
BRDA:462,50,1,0
BRDA:503,51,0,0
BRDA:503,51,1,0
BRDA:520,52,0,0
BRDA:520,52,1,0
BRDA:528,53,0,0
BRDA:528,53,1,0
BRDA:537,54,0,0
BRDA:537,54,1,0
BRDA:545,55,0,0
BRDA:545,55,1,0
BRDA:545,56,0,0
BRDA:545,56,1,0
BRDA:562,57,0,0
BRDA:562,57,1,0
BRDA:562,58,0,0
BRDA:562,58,1,0
BRDA:564,59,0,0
BRDA:564,59,1,0
BRDA:564,60,0,0
BRDA:564,60,1,0
BRDA:571,61,0,0
BRDA:571,61,1,0
BRDA:571,62,0,0
BRDA:571,62,1,0
BRDA:579,63,0,0
BRDA:579,63,1,0
BRDA:583,64,0,0
BRDA:583,64,1,0
BRDA:613,65,0,0
BRDA:613,65,1,0
BRDA:621,66,0,0
BRDA:621,66,1,0
BRDA:629,67,0,0
BRDA:629,67,1,0
BRDA:629,68,0,0
BRDA:629,68,1,0
BRDA:633,69,0,0
BRDA:633,69,1,0
BRDA:635,70,0,0
BRDA:635,70,1,0
BRDA:640,71,0,0
BRDA:640,71,1,0
BRF:141
BRH:0
end_of_record
TN:
SF:src/controllers/providerController.js
FN:11,(anonymous_0)
FN:88,(anonymous_1)
FN:123,(anonymous_2)
FN:172,(anonymous_3)
FN:212,(anonymous_4)
FN:243,(anonymous_5)
FN:272,(anonymous_6)
FN:291,(anonymous_7)
FNF:8
FNH:0
FNDA:0,(anonymous_0)
FNDA:0,(anonymous_1)
FNDA:0,(anonymous_2)
FNDA:0,(anonymous_3)
FNDA:0,(anonymous_4)
FNDA:0,(anonymous_5)
FNDA:0,(anonymous_6)
FNDA:0,(anonymous_7)
DA:1,0
DA:2,0
DA:3,0
DA:4,0
DA:11,0
DA:12,0
DA:21,0
DA:23,0
DA:26,0
DA:27,0
DA:31,0
DA:32,0
DA:37,0
DA:38,0
DA:39,0
DA:40,0
DA:44,0
DA:47,0
DA:48,0
DA:50,0
DA:51,0
DA:54,0
DA:55,0
DA:57,0
DA:58,0
DA:60,0
DA:63,0
DA:68,0
DA:70,0
DA:79,0
DA:88,0
DA:89,0
DA:90,0
DA:91,0
DA:93,0
DA:94,0
DA:98,0
DA:99,0
DA:102,0
DA:103,0
DA:109,0
DA:114,0
DA:123,0
DA:124,0
DA:133,0
DA:135,0
DA:136,0
DA:137,0
DA:138,0
DA:139,0
DA:140,0
DA:141,0
DA:142,0
DA:144,0
DA:150,0
DA:151,0
DA:157,0
DA:163,0
DA:172,0
DA:173,0
DA:174,0
DA:176,0
DA:177,0
DA:184,0
DA:185,0
DA:193,0
DA:204,0
DA:212,0
DA:213,0
DA:214,0
DA:217,0
DA:227,0
DA:234,0
DA:243,0
DA:244,0
DA:245,0
DA:247,0
DA:248,0
DA:254,0
DA:255,0
DA:257,0
DA:263,0
DA:272,0
DA:273,0
DA:274,0
DA:276,0
DA:282,0
DA:283,0
DA:284,0
DA:291,0
DA:292,0
DA:293,0
DA:302,0
DA:303,0
DA:307,0
DA:308,0
DA:309,0
DA:310,0
DA:314,0
DA:318,0
DA:324,0
DA:328,0
LF:102
LH:0
BRDA:16,0,0,0
BRDA:18,1,0,0
BRDA:19,2,0,0
BRDA:20,3,0,0
BRDA:26,4,0,0
BRDA:26,4,1,0
BRDA:31,5,0,0
BRDA:31,5,1,0
BRDA:37,6,0,0
BRDA:37,6,1,0
BRDA:39,7,0,0
BRDA:39,7,1,0
BRDA:48,8,0,0
BRDA:48,8,1,0
BRDA:48,8,2,0
BRDA:48,8,3,0
BRDA:93,9,0,0
BRDA:93,9,1,0
BRDA:98,10,0,0
BRDA:98,10,1,0
BRDA:98,11,0,0
BRDA:98,11,1,0
BRDA:102,12,0,0
BRDA:102,12,1,0
BRDA:136,13,0,0
BRDA:136,13,1,0
BRDA:137,14,0,0
BRDA:137,14,1,0
BRDA:138,15,0,0
BRDA:138,15,1,0
BRDA:139,16,0,0
BRDA:139,16,1,0
BRDA:140,17,0,0
BRDA:140,17,1,0
BRDA:141,18,0,0
BRDA:141,18,1,0
BRDA:142,19,0,0
BRDA:142,19,1,0
BRDA:150,20,0,0
BRDA:150,20,1,0
BRDA:176,21,0,0
BRDA:176,21,1,0
BRDA:231,22,0,0
BRDA:231,22,1,0
BRDA:247,23,0,0
BRDA:247,23,1,0
BRDA:259,24,0,0
BRDA:259,24,1,0
BRDA:274,25,0,0
BRDA:282,26,0,0
BRDA:282,26,1,0
BRDA:292,27,0,0
BRDA:292,27,1,0
BRDA:302,28,0,0
BRDA:302,28,1,0
BRDA:307,29,0,0
BRDA:307,29,1,0
BRDA:309,30,0,0
BRDA:309,30,1,0
BRF:59
BRH:0
end_of_record
TN:
SF:src/controllers/requestController.js
FN:12,(anonymous_0)
FN:192,(anonymous_1)
FN:251,(anonymous_2)
FN:291,(anonymous_3)
FN:337,(anonymous_4)
FN:458,(anonymous_5)
FN:507,(anonymous_6)
FNF:7
FNH:0
FNDA:0,(anonymous_0)
FNDA:0,(anonymous_1)
FNDA:0,(anonymous_2)
FNDA:0,(anonymous_3)
FNDA:0,(anonymous_4)
FNDA:0,(anonymous_5)
FNDA:0,(anonymous_6)
DA:1,0
DA:2,0
DA:3,0
DA:4,0
DA:5,0
DA:12,0
DA:13,0
DA:25,0
DA:27,0
DA:28,0
DA:30,0
DA:31,0
DA:32,0
DA:39,0
DA:43,0
DA:44,0
DA:51,0
DA:52,0
DA:53,0
DA:58,0
DA:59,0
DA:67,0
DA:68,0
DA:75,0
DA:76,0
DA:83,0
DA:84,0
DA:91,0
DA:94,0
DA:109,0
DA:110,0
DA:113,0
DA:114,0
DA:115,0
DA:116,0
DA:117,0
DA:134,0
DA:139,0
DA:140,0
DA:149,0
DA:150,0
DA:151,0
DA:169,0
DA:172,0
DA:183,0
DA:192,0
DA:193,0
DA:201,0
DA:203,0
DA:206,0
DA:207,0
DA:208,0
DA:209,0
DA:211,0
DA:212,0
DA:213,0
DA:230,0
DA:231,0
DA:232,0
DA:234,0
DA:236,0
DA:237,0
DA:239,0
DA:246,0
DA:248,0
DA:251,0
DA:252,0
DA:253,0
DA:273,0
DA:282,0
DA:291,0
DA:292,0
DA:293,0
DA:295,0
DA:296,0
DA:303,0
DA:304,0
DA:310,0
DA:312,0
DA:313,0
DA:315,0
DA:316,0
DA:323,0
DA:328,0
DA:337,0
DA:338,0
DA:339,0
DA:341,0
DA:343,0
DA:344,0
DA:351,0
DA:352,0
DA:354,0
DA:355,0
DA:362,0
DA:363,0
DA:364,0
DA:365,0
DA:370,0
DA:371,0
DA:372,0
DA:373,0
DA:374,0
DA:379,0
DA:380,0
DA:381,0
DA:386,0
DA:387,0
DA:389,0
DA:390,0
DA:391,0
DA:392,0
DA:397,0
DA:399,0
DA:406,0
DA:409,0
DA:410,0
DA:413,0
DA:414,0
DA:415,0
DA:416,0
DA:417,0
DA:433,0
DA:437,0
DA:438,0
DA:440,0
DA:443,0
DA:449,0
DA:458,0
DA:459,0
DA:460,0
DA:462,0
DA:463,0
DA:469,0
DA:471,0
DA:482,0
DA:483,0
DA:484,0
DA:488,0
DA:492,0
DA:498,0
DA:507,0
DA:508,0
DA:509,0
DA:511,0
DA:513,0
DA:514,0
DA:520,0
DA:521,0
DA:527,0
DA:528,0
DA:534,0
DA:535,0
DA:537,0
DA:540,0
DA:541,0
DA:544,0
DA:545,0
DA:546,0
DA:547,0
DA:548,0
DA:556,0
DA:560,0
DA:566,0
DA:567,0
DA:581,0
DA:584,0
DA:590,0
DA:594,0
LF:169
LH:0
BRDA:30,0,0,0
BRDA:30,0,1,0
BRDA:31,1,0,0
BRDA:31,1,1,0
BRDA:43,2,0,0
BRDA:43,2,1,0
BRDA:51,3,0,0
BRDA:51,3,1,0
BRDA:52,4,0,0
BRDA:52,4,1,0
BRDA:58,5,0,0
BRDA:58,5,1,0
BRDA:67,6,0,0
BRDA:67,6,1,0
BRDA:75,7,0,0
BRDA:75,7,1,0
BRDA:83,8,0,0
BRDA:83,8,1,0
BRDA:103,9,0,0
BRDA:103,9,1,0
BRDA:115,10,0,0
BRDA:115,10,1,0
BRDA:119,11,0,0
BRDA:119,11,1,0
BRDA:120,12,0,0
BRDA:120,12,1,0
BRDA:121,13,0,0
BRDA:121,13,1,0
BRDA:121,14,0,0
BRDA:121,14,1,0
BRDA:122,15,0,0
BRDA:122,15,1,0
BRDA:140,16,0,0
BRDA:140,16,1,0
BRDA:150,17,0,0
BRDA:150,17,1,0
BRDA:157,18,0,0
BRDA:157,18,1,0
BRDA:177,19,0,0
BRDA:177,19,1,0
BRDA:178,20,0,0
BRDA:178,20,1,0
BRDA:198,21,0,0
BRDA:199,22,0,0
BRDA:200,23,0,0
BRDA:206,24,0,0
BRDA:206,24,1,0
BRDA:209,25,0,0
BRDA:209,25,1,0
BRDA:212,26,0,0
BRDA:212,26,1,0
BRDA:230,27,0,0
BRDA:230,27,1,0
BRDA:231,28,0,0
BRDA:231,28,1,0
BRDA:232,29,0,0
BRDA:232,29,1,0
BRDA:237,30,0,0
BRDA:237,30,1,0
BRDA:255,31,0,0
BRDA:255,31,1,0
BRDA:256,32,0,0
BRDA:256,32,1,0
BRDA:257,33,0,0
BRDA:257,33,1,0
BRDA:257,34,0,0
BRDA:257,34,1,0
BRDA:258,35,0,0
BRDA:258,35,1,0
BRDA:295,36,0,0
BRDA:295,36,1,0
BRDA:303,37,0,0
BRDA:303,37,1,0
BRDA:303,38,0,0
BRDA:303,38,1,0
BRDA:310,39,0,0
BRDA:310,39,1,0
BRDA:312,40,0,0
BRDA:312,40,1,0
BRDA:315,41,0,0
BRDA:315,41,1,0
BRDA:315,42,0,0
BRDA:315,42,1,0
BRDA:343,43,0,0
BRDA:343,43,1,0
BRDA:354,44,0,0
BRDA:354,44,1,0
BRDA:354,45,0,0
BRDA:354,45,1,0
BRDA:362,46,0,0
BRDA:362,46,1,0
BRDA:363,47,0,0
BRDA:363,47,1,0
BRDA:364,48,0,0
BRDA:364,48,1,0
BRDA:371,49,0,0
BRDA:371,49,1,0
BRDA:372,50,0,0
BRDA:372,50,1,0
BRDA:373,51,0,0
BRDA:373,51,1,0
BRDA:379,52,0,0
BRDA:379,52,1,0
BRDA:380,53,0,0
BRDA:380,53,1,0
BRDA:386,54,0,0
BRDA:386,54,1,0
BRDA:389,55,0,0
BRDA:389,55,1,0
BRDA:390,56,0,0
BRDA:390,56,1,0
BRDA:391,57,0,0
BRDA:391,57,1,0
BRDA:415,58,0,0
BRDA:415,58,1,0
BRDA:419,59,0,0
BRDA:419,59,1,0
BRDA:420,60,0,0
BRDA:420,60,1,0
BRDA:421,61,0,0
BRDA:421,61,1,0
BRDA:421,62,0,0
BRDA:421,62,1,0
BRDA:422,63,0,0
BRDA:422,63,1,0
BRDA:462,64,0,0
BRDA:462,64,1,0
BRDA:469,65,0,0
BRDA:482,66,0,0
BRDA:482,66,1,0
BRDA:482,67,0,0
BRDA:482,67,1,0
BRDA:513,68,0,0
BRDA:513,68,1,0
BRDA:520,69,0,0
BRDA:520,69,1,0
BRDA:527,70,0,0
BRDA:527,70,1,0
BRDA:535,71,0,0
BRDA:535,71,1,0
BRDA:546,72,0,0
BRDA:546,72,1,0
BRDA:550,73,0,0
BRDA:550,73,1,0
BRDA:551,74,0,0
BRDA:551,74,1,0
BRDA:570,75,0,0
BRDA:570,75,1,0
BRF:148
BRH:0
end_of_record
TN:
SF:src/controllers/reviewController.js
FN:12,(anonymous_0)
FN:87,(anonymous_1)
FN:127,(anonymous_2)
FN:174,(anonymous_3)
FN:206,(anonymous_4)
FN:234,(anonymous_5)
FN:269,(anonymous_6)
FN:290,(anonymous_7)
FN:311,(anonymous_8)
FN:312,(anonymous_9)
FNF:10
FNH:0
FNDA:0,(anonymous_0)
FNDA:0,(anonymous_1)
FNDA:0,(anonymous_2)
FNDA:0,(anonymous_3)
FNDA:0,(anonymous_4)
FNDA:0,(anonymous_5)
FNDA:0,(anonymous_6)
FNDA:0,(anonymous_7)
FNDA:0,(anonymous_8)
FNDA:0,(anonymous_9)
DA:1,0
DA:2,0
DA:3,0
DA:4,0
DA:5,0
DA:12,0
DA:13,0
DA:14,0
DA:17,0
DA:19,0
DA:20,0
DA:26,0
DA:27,0
DA:33,0
DA:34,0
DA:40,0
DA:41,0
DA:48,0
DA:51,0
DA:62,0
DA:63,0
DA:66,0
DA:67,0
DA:69,0
DA:72,0
DA:78,0
DA:87,0
DA:88,0
DA:89,0
DA:90,0
DA:96,0
DA:97,0
DA:100,0
DA:102,0
DA:107,0
DA:109,0
DA:118,0
DA:127,0
DA:128,0
DA:129,0
DA:131,0
DA:134,0
DA:135,0
DA:136,0
DA:137,0
DA:142,0
DA:144,0
DA:146,0
DA:147,0
DA:149,0
DA:154,0
DA:156,0
DA:165,0
DA:174,0
DA:175,0
DA:176,0
DA:178,0
DA:179,0
DA:185,0
DA:186,0
DA:192,0
DA:197,0
DA:206,0
DA:207,0
DA:208,0
DA:210,0
DA:211,0
DA:217,0
DA:219,0
DA:225,0
DA:234,0
DA:235,0
DA:236,0
DA:238,0
DA:240,0
DA:241,0
DA:247,0
DA:250,0
DA:251,0
DA:252,0
DA:255,0
DA:260,0
DA:269,0
DA:270,0
DA:271,0
DA:273,0
DA:275,0
DA:281,0
DA:290,0
DA:291,0
DA:292,0
DA:294,0
DA:295,0
DA:307,0
DA:308,0
DA:311,0
DA:312,0
DA:315,0
DA:324,0
DA:328,0
LF:100
LH:0
BRDA:19,0,0,0
BRDA:19,0,1,0
BRDA:26,1,0,0
BRDA:26,1,1,0
BRDA:33,2,0,0
BRDA:33,2,1,0
BRDA:40,3,0,0
BRDA:40,3,1,0
BRDA:57,4,0,0
BRDA:57,4,1,0
BRDA:58,5,0,0
BRDA:58,5,1,0
BRDA:89,6,0,0
BRDA:89,7,0,0
BRDA:96,8,0,0
BRDA:96,8,1,0
BRDA:129,9,0,0
BRDA:129,10,0,0
BRDA:129,11,0,0
BRDA:134,12,0,0
BRDA:134,12,1,0
BRDA:136,13,0,0
BRDA:136,13,1,0
BRDA:142,14,0,0
BRDA:142,14,1,0
BRDA:147,15,0,0
BRDA:147,15,1,0
BRDA:178,16,0,0
BRDA:178,16,1,0
BRDA:185,17,0,0
BRDA:185,17,1,0
BRDA:210,18,0,0
BRDA:210,18,1,0
BRDA:240,19,0,0
BRDA:240,19,1,0
BRDA:250,20,0,0
BRDA:250,20,1,0
BRDA:271,21,0,0
BRDA:294,22,0,0
BRDA:294,22,1,0
BRF:40
BRH:0
end_of_record
TN:
SF:src/controllers/serviceController.js
FN:11,(anonymous_0)
FN:46,(anonymous_1)
FN:97,(anonymous_2)
FN:132,(anonymous_3)
FN:152,(anonymous_4)
FN:185,(anonymous_5)
FN:223,(anonymous_6)
FN:245,(anonymous_7)
FN:300,(anonymous_8)
FN:328,(anonymous_9)
FN:355,(anonymous_10)
FN:391,(anonymous_11)
FN:429,(anonymous_12)
FN:497,(anonymous_13)
FNF:14
FNH:0
FNDA:0,(anonymous_0)
FNDA:0,(anonymous_1)
FNDA:0,(anonymous_2)
FNDA:0,(anonymous_3)
FNDA:0,(anonymous_4)
FNDA:0,(anonymous_5)
FNDA:0,(anonymous_6)
FNDA:0,(anonymous_7)
FNDA:0,(anonymous_8)
FNDA:0,(anonymous_9)
FNDA:0,(anonymous_10)
FNDA:0,(anonymous_11)
FNDA:0,(anonymous_12)
FNDA:0,(anonymous_13)
DA:1,0
DA:2,0
DA:3,0
DA:4,0
DA:11,0
DA:12,0
DA:24,0
DA:27,0
DA:32,0
DA:43,0
DA:46,0
DA:47,0
DA:49,0
DA:50,0
DA:52,0
DA:54,0
DA:55,0
DA:56,0
DA:57,0
DA:58,0
DA:69,0
DA:73,0
DA:74,0
DA:75,0
DA:77,0
DA:79,0
DA:88,0
DA:97,0
DA:98,0
DA:99,0
DA:100,0
DA:102,0
DA:108,0
DA:113,0
DA:123,0
DA:132,0
DA:133,0
DA:134,0
DA:136,0
DA:138,0
DA:143,0
DA:152,0
DA:153,0
DA:154,0
DA:156,0
DA:157,0
DA:164,0
DA:165,0
DA:171,0
DA:176,0
DA:185,0
DA:186,0
DA:187,0
DA:189,0
DA:192,0
DA:193,0
DA:196,0
DA:198,0
DA:203,0
DA:205,0
DA:214,0
DA:223,0
DA:224,0
DA:240,0
DA:244,0
DA:245,0
DA:247,0
DA:248,0
DA:255,0
DA:280,0
DA:281,0
DA:282,0
DA:285,0
DA:291,0
DA:300,0
DA:301,0
DA:302,0
DA:304,0
DA:305,0
DA:312,0
DA:313,0
DA:314,0
DA:321,0
DA:327,0
DA:328,0
DA:329,0
DA:330,0
DA:334,0
DA:340,0
DA:346,0
DA:355,0
DA:356,0
DA:357,0
DA:359,0
DA:360,0
DA:367,0
DA:368,0
DA:369,0
DA:375,0
DA:377,0
DA:382,0
DA:391,0
DA:392,0
DA:393,0
DA:395,0
DA:396,0
DA:403,0
DA:404,0
DA:405,0
DA:411,0
DA:412,0
DA:414,0
DA:420,0
DA:429,0
DA:430,0
DA:431,0
DA:433,0
DA:451,0
DA:467,0
DA:472,0
DA:488,0
DA:497,0
DA:498,0
DA:499,0
DA:501,0
DA:502,0
DA:509,0
DA:514,0
DA:515,0
DA:522,0
DA:527,0
DA:533,0
DA:537,0
LF:133
LH:0
BRDA:20,0,0,0
BRDA:21,1,0,0
BRDA:22,2,0,0
BRDA:23,3,0,0
BRDA:27,4,0,0
BRDA:27,4,1,0
BRDA:27,5,0,0
BRDA:27,5,1,0
BRDA:34,6,0,0
BRDA:34,6,1,0
BRDA:35,7,0,0
BRDA:35,7,1,0
BRDA:49,8,0,0
BRDA:49,8,1,0
BRDA:49,9,0,0
BRDA:49,9,1,0
BRDA:52,10,0,0
BRDA:52,10,1,0
BRDA:54,11,0,0
BRDA:54,11,1,0
BRDA:55,12,0,0
BRDA:55,12,1,0
BRDA:56,13,0,0
BRDA:56,13,1,0
BRDA:57,14,0,0
BRDA:57,14,1,0
BRDA:59,15,0,0
BRDA:59,15,1,0
BRDA:60,16,0,0
BRDA:60,16,1,0
BRDA:61,17,0,0
BRDA:61,17,1,0
BRDA:63,18,0,0
BRDA:63,18,1,0
BRDA:64,19,0,0
BRDA:64,19,1,0
BRDA:74,20,0,0
BRDA:74,20,1,0
BRDA:75,21,0,0
BRDA:75,21,1,0
BRDA:75,22,0,0
BRDA:75,22,1,0
BRDA:100,23,0,0
BRDA:100,24,0,0
BRDA:100,25,0,0
BRDA:103,26,0,0
BRDA:103,26,1,0
BRDA:109,27,0,0
BRDA:109,27,1,0
BRDA:134,28,0,0
BRDA:156,29,0,0
BRDA:156,29,1,0
BRDA:164,30,0,0
BRDA:164,30,1,0
BRDA:164,31,0,0
BRDA:164,31,1,0
BRDA:164,31,2,0
BRDA:187,32,0,0
BRDA:187,33,0,0
BRDA:192,34,0,0
BRDA:192,34,1,0
BRDA:232,35,0,0
BRDA:235,36,0,0
BRDA:236,37,0,0
BRDA:237,38,0,0
BRDA:238,39,0,0
BRDA:247,40,0,0
BRDA:247,40,1,0
BRDA:272,41,0,0
BRDA:272,41,1,0
BRDA:272,42,0,0
BRDA:272,42,1,0
BRDA:280,43,0,0
BRDA:280,43,1,0
BRDA:304,44,0,0
BRDA:304,44,1,0
BRDA:312,45,0,0
BRDA:312,45,1,0
BRDA:313,46,0,0
BRDA:313,46,1,0
BRDA:329,47,0,0
BRDA:329,47,1,0
BRDA:359,48,0,0
BRDA:359,48,1,0
BRDA:367,49,0,0
BRDA:367,49,1,0
BRDA:368,50,0,0
BRDA:368,50,1,0
BRDA:395,51,0,0
BRDA:395,51,1,0
BRDA:403,52,0,0
BRDA:403,52,1,0
BRDA:404,53,0,0
BRDA:404,53,1,0
BRDA:416,54,0,0
BRDA:416,54,1,0
BRDA:475,55,0,0
BRDA:475,55,1,0
BRDA:501,56,0,0
BRDA:501,56,1,0
BRDA:501,57,0,0
BRDA:501,57,1,0
BRDA:514,58,0,0
BRDA:514,58,1,0
BRF:104
BRH:0
end_of_record
TN:
SF:src/controllers/uploadController.js
FN:8,(anonymous_0)
FN:18,(anonymous_1)
FN:36,(anonymous_2)
FN:50,(anonymous_3)
FN:81,(anonymous_4)
FN:130,(anonymous_5)
FN:165,(anonymous_6)
FN:206,(anonymous_7)
FN:228,(anonymous_8)
FN:266,(anonymous_9)
FNF:10
FNH:0
FNDA:0,(anonymous_0)
FNDA:0,(anonymous_1)
FNDA:0,(anonymous_2)
FNDA:0,(anonymous_3)
FNDA:0,(anonymous_4)
FNDA:0,(anonymous_5)
FNDA:0,(anonymous_6)
FNDA:0,(anonymous_7)
FNDA:0,(anonymous_8)
FNDA:0,(anonymous_9)
DA:1,0
DA:2,0
DA:3,0
DA:4,0
DA:5,0
DA:8,0
DA:9,0
DA:10,0
DA:12,0
DA:17,0
DA:19,0
DA:21,0
DA:22,0
DA:23,0
DA:24,0
DA:26,0
DA:29,0
DA:30,0
DA:31,0
DA:33,0
DA:38,0
DA:39,0
DA:40,0
DA:45,0
DA:46,0
DA:47,0
DA:50,0
DA:51,0
DA:54,0
DA:55,0
DA:59,0
DA:60,0
DA:63,0
DA:67,0
DA:81,0
DA:82,0
DA:83,0
DA:84,0
DA:90,0
DA:93,0
DA:99,0
DA:100,0
DA:106,0
DA:114,0
DA:115,0
DA:116,0
DA:118,0
DA:121,0
DA:130,0
DA:131,0
DA:132,0
DA:133,0
DA:140,0
DA:141,0
DA:148,0
DA:149,0
DA:150,0
DA:157,0
DA:158,0
DA:165,0
DA:166,0
DA:167,0
DA:177,0
DA:178,0
DA:180,0
DA:188,0
DA:189,0
DA:190,0
DA:191,0
DA:193,0
DA:197,0
DA:206,0
DA:207,0
DA:208,0
DA:211,0
DA:212,0
DA:219,0
DA:220,0
DA:221,0
DA:228,0
DA:229,0
DA:230,0
DA:236,0
DA:239,0
DA:240,0
DA:241,0
DA:243,0
DA:248,0
DA:249,0
DA:251,0
DA:257,0
DA:266,0
DA:267,0
DA:269,0
DA:270,0
DA:277,0
DA:278,0
DA:279,0
DA:285,0
DA:291,0
DA:295,0
LF:101
LH:0
BRDA:21,0,0,0
BRDA:21,0,1,0
BRDA:23,1,0,0
BRDA:23,1,1,0
BRDA:54,2,0,0
BRDA:54,2,1,0
BRDA:59,3,0,0
BRDA:59,3,1,0
BRDA:83,4,0,0
BRDA:83,4,1,0
BRDA:99,5,0,0
BRDA:99,5,1,0
BRDA:114,6,0,0
BRDA:114,6,1,0
BRDA:132,7,0,0
BRDA:132,7,1,0
BRDA:132,8,0,0
BRDA:132,8,1,0
BRDA:140,9,0,0
BRDA:140,9,1,0
BRDA:149,10,0,0
BRDA:149,10,1,0
BRDA:157,11,0,0
BRDA:157,11,1,0
BRDA:171,12,0,0
BRDA:171,12,1,0
BRDA:188,13,0,0
BRDA:188,13,1,0
BRDA:211,14,0,0
BRDA:211,14,1,0
BRDA:220,15,0,0
BRDA:220,15,1,0
BRDA:229,16,0,0
BRDA:229,16,1,0
BRDA:269,17,0,0
BRDA:269,17,1,0
BRDA:278,18,0,0
BRDA:278,18,1,0
BRF:38
BRH:0
end_of_record
TN:
SF:src/controllers/webhookController.js
FN:12,(anonymous_0)
FN:54,(anonymous_1)
FN:120,(anonymous_2)
FN:155,(anonymous_3)
FN:197,(anonymous_4)
FN:235,(anonymous_5)
FN:338,(anonymous_6)
FN:354,(anonymous_7)
FNF:8
FNH:0
FNDA:0,(anonymous_0)
FNDA:0,(anonymous_1)
FNDA:0,(anonymous_2)
FNDA:0,(anonymous_3)
FNDA:0,(anonymous_4)
FNDA:0,(anonymous_5)
FNDA:0,(anonymous_6)
FNDA:0,(anonymous_7)
DA:1,0
DA:2,0
DA:3,0
DA:4,0
DA:5,0
DA:12,0
DA:13,0
DA:14,0
DA:19,0
DA:20,0
DA:27,0
DA:29,0
DA:30,0
DA:33,0
DA:34,0
DA:37,0
DA:38,0
DA:41,0
DA:44,0
DA:46,0
DA:47,0
DA:54,0
DA:55,0
DA:57,0
DA:61,0
DA:62,0
DA:63,0
DA:67,0
DA:68,0
DA:69,0
DA:70,0
DA:73,0
DA:74,0
DA:75,0
DA:76,0
DA:77,0
DA:80,0
DA:81,0
DA:82,0
DA:83,0
DA:90,0
DA:94,0
DA:108,0
DA:109,0
DA:111,0
DA:113,0
DA:120,0
DA:121,0
DA:122,0
DA:126,0
DA:127,0
DA:128,0
DA:132,0
DA:133,0
DA:134,0
DA:135,0
DA:138,0
DA:146,0
DA:148,0
DA:155,0
DA:156,0
DA:157,0
DA:161,0
DA:162,0
DA:163,0
DA:167,0
DA:168,0
DA:169,0
DA:172,0
DA:178,0
DA:186,0
DA:188,0
DA:197,0
DA:198,0
DA:199,0
DA:202,0
DA:205,0
DA:206,0
DA:207,0
DA:210,0
DA:211,0
DA:214,0
DA:215,0
DA:216,0
DA:220,0
DA:224,0
DA:225,0
DA:226,0
DA:230,0
DA:231,0
DA:234,0
DA:235,0
DA:238,0
DA:239,0
DA:240,0
DA:241,0
DA:244,0
DA:245,0
DA:246,0
DA:247,0
DA:248,0
DA:249,0
DA:252,0
DA:253,0
DA:255,0
DA:264,0
DA:265,0
DA:272,0
DA:276,0
DA:290,0
DA:291,0
DA:293,0
DA:296,0
DA:297,0
DA:298,0
DA:299,0
DA:302,0
DA:303,0
DA:304,0
DA:313,0
DA:321,0
DA:325,0
DA:327,0
DA:329,0
DA:338,0
DA:339,0
DA:340,0
DA:342,0
DA:344,0
DA:345,0
DA:354,0
DA:355,0
DA:356,0
DA:358,0
DA:359,0
DA:362,0
DA:365,0
DA:366,0
DA:367,0
DA:371,0
DA:375,0
DA:376,0
DA:377,0
DA:381,0
DA:382,0
DA:383,0
DA:384,0
DA:387,0
DA:395,0
DA:396,0
DA:397,0
DA:398,0
DA:399,0
DA:402,0
DA:411,0
DA:412,0
DA:414,0
DA:415,0
DA:419,0
LF:159
LH:0
BRDA:19,0,0,0
BRDA:19,0,1,0
BRDA:27,1,0,0
BRDA:27,1,1,0
BRDA:27,1,2,0
BRDA:27,1,3,0
BRDA:61,2,0,0
BRDA:61,2,1,0
BRDA:68,3,0,0
BRDA:68,3,1,0
BRDA:75,4,0,0
BRDA:75,4,1,0
BRDA:81,5,0,0
BRDA:81,5,1,0
BRDA:126,6,0,0
BRDA:126,6,1,0
BRDA:133,7,0,0
BRDA:133,7,1,0
BRDA:134,8,0,0
BRDA:134,8,1,0
BRDA:161,9,0,0
BRDA:161,9,1,0
BRDA:205,10,0,0
BRDA:205,10,1,0
BRDA:205,11,0,0
BRDA:205,11,1,0
BRDA:214,12,0,0
BRDA:214,12,1,0
BRDA:214,13,0,0
BRDA:214,13,1,0
BRDA:224,14,0,0
BRDA:224,14,1,0
BRDA:230,15,0,0
BRDA:230,15,1,0
BRDA:231,16,0,0
BRDA:231,16,1,0
BRDA:246,17,0,0
BRDA:246,17,1,0
BRDA:253,18,0,0
BRDA:253,18,1,0
BRDA:297,19,0,0
BRDA:297,19,1,0
BRDA:303,20,0,0
BRDA:303,20,1,0
BRDA:358,21,0,0
BRDA:358,21,1,0
BRDA:365,22,0,0
BRDA:365,22,1,0
BRDA:375,23,0,0
BRDA:375,23,1,0
BRDA:381,24,0,0
BRDA:381,24,1,0
BRDA:396,25,0,0
BRDA:396,25,1,0
BRF:54
BRH:0
end_of_record
TN:
SF:src/middleware/auth.js
FN:7,(anonymous_0)
FN:63,(anonymous_1)
FN:64,(anonymous_2)
FN:86,(anonymous_3)
FNF:4
FNH:0
FNDA:0,(anonymous_0)
FNDA:0,(anonymous_1)
FNDA:0,(anonymous_2)
FNDA:0,(anonymous_3)
DA:1,0
DA:2,0
DA:7,0
DA:8,0
DA:12,0
DA:13,0
DA:17,0
DA:18,0
DA:24,0
DA:26,0
DA:29,0
DA:31,0
DA:32,0
DA:39,0
DA:40,0
DA:46,0
DA:47,0
DA:49,0
DA:55,0
DA:63,0
DA:64,0
DA:65,0
DA:66,0
DA:72,0
DA:73,0
DA:79,0
DA:86,0
DA:87,0
DA:90,0
DA:91,0
DA:94,0
DA:95,0
DA:96,0
DA:97,0
DA:98,0
DA:99,0
DA:103,0
DA:107,0
DA:109,0
DA:113,0
LF:40
LH:0
BRDA:12,0,0,0
BRDA:12,0,1,0
BRDA:12,1,0,0
BRDA:12,1,1,0
BRDA:17,2,0,0
BRDA:17,2,1,0
BRDA:31,3,0,0
BRDA:31,3,1,0
BRDA:39,4,0,0
BRDA:39,4,1,0
BRDA:65,5,0,0
BRDA:65,5,1,0
BRDA:72,6,0,0
BRDA:72,6,1,0
BRDA:90,7,0,0
BRDA:90,7,1,0
BRDA:90,8,0,0
BRDA:90,8,1,0
BRDA:94,9,0,0
BRDA:94,9,1,0
BRDA:98,10,0,0
BRDA:98,10,1,0
BRDA:98,11,0,0
BRDA:98,11,1,0
BRF:24
BRH:0
end_of_record
TN:
SF:src/middleware/csrf.js
FN:20,(anonymous_0)
FN:35,(anonymous_1)
FNF:2
FNH:0
FNDA:0,(anonymous_0)
FNDA:0,(anonymous_1)
DA:1,0
DA:2,0
DA:9,0
DA:20,0
DA:21,0
DA:22,0
DA:26,0
DA:35,0
DA:36,0
DA:41,0
DA:44,0
LF:11
LH:0
BRDA:21,0,0,0
BRDA:21,0,1,0
BRF:2
BRH:0
end_of_record
TN:
SF:src/middleware/errorHandler.js
FN:5,(anonymous_0)
FN:26,(anonymous_1)
FNF:2
FNH:0
FNDA:0,(anonymous_0)
FNDA:0,(anonymous_1)
DA:5,0
DA:6,0
DA:7,0
DA:10,0
DA:13,0
DA:14,0
DA:15,0
DA:19,0
DA:20,0
DA:21,0
DA:25,0
DA:26,0
DA:27,0
DA:31,0
DA:32,0
DA:33,0
DA:36,0
DA:37,0
DA:38,0
DA:41,0
DA:48,0
LF:21
LH:0
BRDA:13,0,0,0
BRDA:13,0,1,0
BRDA:19,1,0,0
BRDA:19,1,1,0
BRDA:25,2,0,0
BRDA:25,2,1,0
BRDA:31,3,0,0
BRDA:31,3,1,0
BRDA:36,4,0,0
BRDA:36,4,1,0
BRDA:41,5,0,0
BRDA:41,5,1,0
BRDA:43,6,0,0
BRDA:43,6,1,0
BRDA:44,7,0,0
BRDA:44,7,1,0
BRF:16
BRH:0
end_of_record
TN:
SF:src/middleware/multerErrorHandler.js
FN:5,(anonymous_0)
FNF:1
FNH:0
FNDA:0,(anonymous_0)
DA:5,0
DA:7,0
DA:8,0
DA:9,0
DA:14,0
DA:15,0
DA:20,0
DA:21,0
DA:29,0
DA:30,0
DA:37,0
DA:40,0
LF:12
LH:0
BRDA:7,0,0,0
BRDA:7,0,1,0
BRDA:7,1,0,0
BRDA:7,1,1,0
BRDA:8,2,0,0
BRDA:8,2,1,0
BRDA:14,3,0,0
BRDA:14,3,1,0
BRDA:20,4,0,0
BRDA:20,4,1,0
BRDA:29,5,0,0
BRDA:29,5,1,0
BRDA:29,6,0,0
BRDA:29,6,1,0
BRF:14
BRH:0
end_of_record
TN:
SF:src/middleware/rateLimiter.js
FN:16,(anonymous_0)
FN:34,(anonymous_1)
FN:68,(anonymous_2)
FN:75,(anonymous_3)
FN:93,(anonymous_4)
FN:115,(anonymous_5)
FNF:6
FNH:0
FNDA:0,(anonymous_0)
FNDA:0,(anonymous_1)
FNDA:0,(anonymous_2)
FNDA:0,(anonymous_3)
FNDA:0,(anonymous_4)
FNDA:0,(anonymous_5)
DA:1,0
DA:2,0
DA:7,0
DA:18,0
DA:25,0
DA:36,0
DA:37,0
DA:44,0
DA:59,0
DA:70,0
DA:71,0
DA:73,0
DA:77,0
DA:84,0
DA:95,0
DA:96,0
DA:98,0
DA:106,0
DA:117,0
DA:118,0
DA:122,0
LF:21
LH:0
BRDA:8,0,0,0
BRDA:8,0,1,0
BRDA:9,1,0,0
BRDA:9,1,1,0
BRDA:27,2,0,0
BRDA:27,2,1,0
BRDA:37,3,0,0
BRDA:37,3,1,0
BRDA:70,4,0,0
BRDA:70,4,1,0
BRDA:70,5,0,0
BRDA:70,5,1,0
BRDA:95,6,0,0
BRDA:95,6,1,0
BRDA:95,7,0,0
BRDA:95,7,1,0
BRDA:118,8,0,0
BRDA:118,8,1,0
BRF:18
BRH:0
end_of_record
TN:
SF:src/middleware/sanitize.js
FN:7,sanitizeRequestBody
FN:17,(anonymous_1)
FN:22,(anonymous_2)
FN:30,(anonymous_3)
FNF:4
FNH:0
FNDA:0,sanitizeRequestBody
FNDA:0,(anonymous_1)
FNDA:0,(anonymous_2)
FNDA:0,(anonymous_3)
DA:1,0
DA:8,0
DA:9,0
DA:12,0
DA:17,0
DA:18,0
DA:19,0
DA:21,0
DA:22,0
DA:24,0
DA:25,0
DA:27,0
DA:30,0
DA:31,0
DA:32,0
DA:33,0
DA:34,0
DA:36,0
DA:39,0
DA:42,0
DA:43,0
DA:46,0
LF:22
LH:0
BRDA:8,0,0,0
BRDA:8,0,1,0
BRDA:8,1,0,0
BRDA:8,1,1,0
BRDA:18,2,0,0
BRDA:18,2,1,0
BRDA:21,3,0,0
BRDA:21,3,1,0
BRDA:24,4,0,0
BRDA:24,4,1,0
BRDA:24,5,0,0
BRDA:24,5,1,0
BRDA:33,6,0,0
BRDA:33,6,1,0
BRDA:33,7,0,0
BRDA:33,7,1,0
BRF:16
BRH:0
end_of_record
TN:
SF:src/middleware/validation.js
FN:8,(anonymous_0)
FN:9,(anonymous_1)
FN:13,(anonymous_2)
FNF:3
FNH:0
FNDA:0,(anonymous_0)
FNDA:0,(anonymous_1)
FNDA:0,(anonymous_2)
DA:1,0
DA:8,0
DA:9,0
DA:10,0
DA:12,0
DA:13,0
DA:18,0
DA:25,0
DA:30,0
DA:192,0
LF:10
LH:0
BRDA:8,0,0,0
BRDA:12,1,0,0
BRDA:12,1,1,0
BRF:3
BRH:0
end_of_record
TN:
SF:src/models/Complaint.js
FN:114,(anonymous_0)
FN:131,(anonymous_1)
FN:165,(anonymous_2)
FN:185,(anonymous_3)
FN:195,(anonymous_4)
FN:214,(anonymous_5)
FN:219,(anonymous_6)
FN:227,(anonymous_7)
FN:235,(anonymous_8)
FN:276,(anonymous_9)
FN:284,(anonymous_10)
FN:289,(anonymous_11)
FNF:12
FNH:0
FNDA:0,(anonymous_0)
FNDA:0,(anonymous_1)
FNDA:0,(anonymous_2)
FNDA:0,(anonymous_3)
FNDA:0,(anonymous_4)
FNDA:0,(anonymous_5)
FNDA:0,(anonymous_6)
FNDA:0,(anonymous_7)
FNDA:0,(anonymous_8)
FNDA:0,(anonymous_9)
FNDA:0,(anonymous_10)
FNDA:0,(anonymous_11)
DA:1,0
DA:3,0
DA:107,0
DA:108,0
DA:109,0
DA:110,0
DA:111,0
DA:114,0
DA:115,0
DA:131,0
DA:132,0
DA:133,0
DA:139,0
DA:140,0
DA:145,0
DA:146,0
DA:147,0
DA:149,0
DA:150,0
DA:152,0
DA:153,0
DA:155,0
DA:156,0
DA:158,0
DA:159,0
DA:165,0
DA:166,0
DA:167,0
DA:174,0
DA:175,0
DA:176,0
DA:177,0
DA:181,0
DA:185,0
DA:186,0
DA:191,0
DA:195,0
DA:196,0
DA:197,0
DA:200,0
DA:201,0
DA:203,0
DA:204,0
DA:206,0
DA:207,0
DA:210,0
DA:214,0
DA:215,0
DA:219,0
DA:220,0
DA:227,0
DA:228,0
DA:235,0
DA:236,0
DA:276,0
DA:277,0
DA:284,0
DA:285,0
DA:289,0
DA:290,0
DA:291,0
DA:294,0
LF:62
LH:0
BRDA:132,0,0,0
BRDA:132,0,1,0
BRDA:132,1,0,0
BRDA:132,1,1,0
BRDA:139,2,0,0
BRDA:139,2,1,0
BRDA:145,3,0,0
BRDA:145,3,1,0
BRDA:145,4,0,0
BRDA:145,4,1,0
BRDA:147,5,0,0
BRDA:147,5,1,0
BRDA:147,5,2,0
BRDA:147,5,3,0
BRDA:174,6,0,0
BRDA:174,6,1,0
BRDA:176,7,0,0
BRDA:176,7,1,0
BRDA:196,8,0,0
BRDA:196,8,1,0
BRDA:201,9,0,0
BRDA:201,9,1,0
BRDA:215,10,0,0
BRDA:215,10,1,0
BRDA:215,10,2,0
BRDA:219,11,0,0
BRDA:235,12,0,0
BRDA:290,13,0,0
BRDA:290,13,1,0
BRF:29
BRH:0
end_of_record
TN:
SF:src/models/Message.js
FN:57,(anonymous_0)
FN:68,(anonymous_1)
FN:75,(anonymous_2)
FN:76,(anonymous_3)
FN:80,(anonymous_4)
FN:98,(anonymous_5)
FN:106,(anonymous_6)
FN:124,(anonymous_7)
FN:210,(anonymous_8)
FN:221,(anonymous_9)
FNF:10
FNH:1
FNDA:6,(anonymous_0)
FNDA:0,(anonymous_1)
FNDA:0,(anonymous_2)
FNDA:0,(anonymous_3)
FNDA:0,(anonymous_4)
FNDA:0,(anonymous_5)
FNDA:0,(anonymous_6)
FNDA:0,(anonymous_7)
FNDA:0,(anonymous_8)
FNDA:0,(anonymous_9)
DA:1,1
DA:3,1
DA:52,1
DA:53,1
DA:54,1
DA:57,1
DA:58,6
DA:68,1
DA:69,0
DA:70,0
DA:71,0
DA:75,1
DA:76,0
DA:80,1
DA:84,0
DA:86,0
DA:88,0
DA:98,1
DA:99,0
DA:106,1
DA:107,0
DA:124,1
DA:128,0
DA:130,0
DA:132,0
DA:210,1
DA:211,0
DA:221,1
DA:222,0
DA:244,1
LF:30
LH:16
BRDA:80,0,0,0
BRDA:82,1,0,0
BRDA:83,2,0,0
BRDA:124,3,0,0
BRDA:126,4,0,0
BRDA:127,5,0,0
BRF:6
BRH:0
end_of_record
TN:
SF:src/models/Notification.js
FN:81,(anonymous_0)
FN:95,(anonymous_1)
FN:102,(anonymous_2)
FN:107,(anonymous_3)
FN:143,(anonymous_4)
FN:154,(anonymous_5)
FN:159,(anonymous_6)
FN:188,(anonymous_7)
FN:195,(anonymous_8)
FN:236,(anonymous_9)
FN:250,(anonymous_10)
FN:272,(anonymous_11)
FN:287,(anonymous_12)
FNF:13
FNH:0
FNDA:0,(anonymous_0)
FNDA:0,(anonymous_1)
FNDA:0,(anonymous_2)
FNDA:0,(anonymous_3)
FNDA:0,(anonymous_4)
FNDA:0,(anonymous_5)
FNDA:0,(anonymous_6)
FNDA:0,(anonymous_7)
FNDA:0,(anonymous_8)
FNDA:0,(anonymous_9)
FNDA:0,(anonymous_10)
FNDA:0,(anonymous_11)
FNDA:0,(anonymous_12)
DA:1,0
DA:3,0
DA:75,0
DA:76,0
DA:77,0
DA:78,0
DA:81,0
DA:82,0
DA:95,0
DA:96,0
DA:97,0
DA:98,0
DA:102,0
DA:103,0
DA:107,0
DA:118,0
DA:130,0
DA:133,0
DA:134,0
DA:135,0
DA:136,0
DA:139,0
DA:143,0
DA:144,0
DA:154,0
DA:155,0
DA:159,0
DA:167,0
DA:169,0
DA:171,0
DA:172,0
DA:174,0
DA:175,0
DA:176,0
DA:178,0
DA:188,0
DA:189,0
DA:195,0
DA:196,0
DA:236,0
DA:237,0
DA:250,0
DA:251,0
DA:259,0
DA:272,0
DA:273,0
DA:287,0
DA:288,0
DA:300,0
LF:49
LH:0
BRDA:103,0,0,0
BRDA:103,0,1,0
BRDA:111,1,0,0
BRDA:112,2,0,0
BRDA:113,3,0,0
BRDA:114,4,0,0
BRDA:115,5,0,0
BRDA:116,6,0,0
BRDA:135,7,0,0
BRDA:135,7,1,0
BRDA:159,8,0,0
BRDA:163,9,0,0
BRDA:164,10,0,0
BRDA:165,11,0,0
BRDA:166,12,0,0
BRDA:171,13,0,0
BRDA:171,13,1,0
BRDA:172,14,0,0
BRDA:172,14,1,0
BRDA:195,15,0,0
BRDA:262,16,0,0
BRDA:262,16,1,0
BRDA:264,17,0,0
BRDA:264,17,1,0
BRF:24
BRH:0
end_of_record
TN:
SF:src/models/Payment.js
FN:87,(anonymous_0)
FNF:1
FNH:0
FNDA:0,(anonymous_0)
DA:1,0
DA:3,0
DA:79,0
DA:80,0
DA:81,0
DA:82,0
DA:83,0
DA:84,0
DA:87,0
DA:89,0
DA:90,0
DA:94,0
DA:95,0
DA:98,0
DA:101,0
LF:15
LH:0
BRDA:89,0,0,0
BRDA:89,0,1,0
BRDA:94,1,0,0
BRDA:94,1,1,0
BRDA:94,2,0,0
BRDA:94,2,1,0
BRF:6
BRH:0
end_of_record
TN:
SF:src/models/Payout.js
FN:92,(anonymous_0)
FN:120,(anonymous_1)
FN:137,(anonymous_2)
FNF:3
FNH:0
FNDA:0,(anonymous_0)
FNDA:0,(anonymous_1)
FNDA:0,(anonymous_2)
DA:1,0
DA:3,0
DA:87,0
DA:88,0
DA:89,0
DA:92,0
DA:94,0
DA:95,0
DA:99,0
DA:100,0
DA:101,0
DA:102,0
DA:103,0
DA:107,0
DA:108,0
DA:112,0
DA:113,0
DA:116,0
DA:120,0
DA:121,0
DA:124,0
DA:133,0
DA:134,0
DA:137,0
DA:138,0
DA:139,0
DA:141,0
DA:161,0
LF:28
LH:0
BRDA:94,0,0,0
BRDA:94,0,1,0
BRDA:94,1,0,0
BRDA:94,1,1,0
BRDA:99,2,0,0
BRDA:99,2,1,0
BRDA:99,3,0,0
BRDA:99,3,1,0
BRDA:107,4,0,0
BRDA:107,4,1,0
BRDA:107,5,0,0
BRDA:107,5,1,0
BRDA:112,6,0,0
BRDA:112,6,1,0
BRDA:112,7,0,0
BRDA:112,7,1,0
BRDA:133,8,0,0
BRDA:133,8,1,0
BRF:18
BRH:0
end_of_record
TN:
SF:src/models/Provider.js
FN:179,(anonymous_0)
FN:187,(anonymous_1)
FN:205,(anonymous_2)
FN:214,(anonymous_3)
FN:222,(anonymous_4)
FN:363,toRadians
FNF:6
FNH:1
FNDA:45,(anonymous_0)
FNDA:0,(anonymous_1)
FNDA:0,(anonymous_2)
FNDA:0,(anonymous_3)
FNDA:0,(anonymous_4)
FNDA:0,toRadians
DA:1,3
DA:3,3
DA:164,3
DA:165,3
DA:166,3
DA:167,3
DA:168,3
DA:171,3
DA:179,3
DA:180,45
DA:187,3
DA:188,0
DA:190,0
DA:191,0
DA:192,0
DA:194,0
DA:198,0
DA:199,0
DA:201,0
DA:205,3
DA:206,0
DA:207,0
DA:208,0
DA:210,0
DA:214,3
DA:215,0
DA:222,3
DA:233,0
DA:236,0
DA:241,0
DA:242,0
DA:246,0
DA:247,0
DA:251,0
DA:252,0
DA:255,0
DA:258,0
DA:259,0
DA:300,0
DA:301,0
DA:313,0
DA:322,0
DA:327,0
DA:328,0
DA:330,0
DA:331,0
DA:333,0
DA:335,0
DA:337,0
DA:338,0
DA:339,0
DA:341,0
DA:342,0
DA:343,0
DA:345,0
DA:346,0
DA:347,0
DA:349,0
DA:352,0
DA:355,0
DA:356,0
DA:357,0
DA:359,0
DA:364,0
DA:367,3
LF:65
LH:15
BRDA:188,0,0,0
BRDA:188,0,1,0
BRDA:188,1,0,0
BRDA:188,1,1,0
BRDA:214,2,0,0
BRDA:227,3,0,0
BRDA:228,4,0,0
BRDA:229,5,0,0
BRDA:230,6,0,0
BRDA:231,7,0,0
BRDA:241,8,0,0
BRDA:241,8,1,0
BRDA:246,9,0,0
BRDA:246,9,1,0
BRDA:251,10,0,0
BRDA:251,10,1,0
BRDA:258,11,0,0
BRDA:258,11,1,0
BRDA:258,12,0,0
BRDA:258,12,1,0
BRDA:300,13,0,0
BRDA:300,13,1,0
BRDA:328,14,0,0
BRDA:328,14,1,0
BRDA:328,14,2,0
BRDA:328,14,3,0
BRDA:328,14,4,0
BRDA:330,15,0,0
BRDA:330,15,1,0
BRDA:330,16,0,0
BRDA:330,16,1,0
BRF:31
BRH:0
end_of_record
TN:
SF:src/models/Review.js
FN:80,(anonymous_0)
FN:91,(anonymous_1)
FN:99,(anonymous_2)
FN:116,(anonymous_3)
FN:122,(anonymous_4)
FN:128,(anonymous_5)
FN:145,(anonymous_6)
FNF:7
FNH:3
FNDA:27,(anonymous_0)
FNDA:22,(anonymous_1)
FNDA:51,(anonymous_2)
FNDA:0,(anonymous_3)
FNDA:0,(anonymous_4)
FNDA:0,(anonymous_5)
FNDA:0,(anonymous_6)
DA:1,1
DA:3,1
DA:70,1
DA:71,1
DA:72,1
DA:73,1
DA:74,1
DA:77,1
DA:80,1
DA:81,27
DA:91,1
DA:92,22
DA:93,22
DA:94,22
DA:96,22
DA:98,22
DA:99,51
DA:100,22
DA:102,22
DA:111,0
DA:116,1
DA:117,0
DA:118,0
DA:122,1
DA:123,0
DA:124,0
DA:128,1
DA:129,0
DA:145,1
DA:146,0
DA:153,1
LF:31
LH:24
BRDA:96,0,0,22
BRDA:96,0,1,0
BRDA:145,1,0,0
BRF:3
BRH:1
end_of_record
TN:
SF:src/models/Service.js
FN:33,(anonymous_0)
FN:40,(anonymous_1)
FN:45,(anonymous_2)
FN:85,(anonymous_3)
FN:187,(anonymous_4)
FN:212,(anonymous_5)
FN:232,(anonymous_6)
FN:240,(anonymous_7)
FN:267,(anonymous_8)
FN:280,(anonymous_9)
FN:290,(anonymous_10)
FN:377,(anonymous_11)
FNF:12
FNH:0
FNDA:0,(anonymous_0)
FNDA:0,(anonymous_1)
FNDA:0,(anonymous_2)
FNDA:0,(anonymous_3)
FNDA:0,(anonymous_4)
FNDA:0,(anonymous_5)
FNDA:0,(anonymous_6)
FNDA:0,(anonymous_7)
FNDA:0,(anonymous_8)
FNDA:0,(anonymous_9)
FNDA:0,(anonymous_10)
FNDA:0,(anonymous_11)
DA:1,0
DA:3,0
DA:34,0
DA:41,0
DA:46,0
DA:86,0
DA:167,0
DA:168,0
DA:169,0
DA:170,0
DA:171,0
DA:187,0
DA:188,0
DA:189,0
DA:192,0
DA:193,0
DA:196,0
DA:197,0
DA:200,0
DA:204,0
DA:212,0
DA:214,0
DA:215,0
DA:219,0
DA:220,0
DA:223,0
DA:224,0
DA:232,0
DA:233,0
DA:240,0
DA:241,0
DA:242,0
DA:243,0
DA:244,0
DA:246,0
DA:247,0
DA:248,0
DA:251,0
DA:254,0
DA:256,0
DA:263,0
DA:267,0
DA:269,0
DA:270,0
DA:271,0
DA:274,0
DA:276,0
DA:280,0
DA:281,0
DA:282,0
DA:283,0
DA:286,0
DA:290,0
DA:300,0
DA:302,0
DA:305,0
DA:306,0
DA:310,0
DA:311,0
DA:315,0
DA:316,0
DA:317,0
DA:318,0
DA:325,0
DA:326,0
DA:337,0
DA:338,0
DA:342,0
DA:348,0
DA:349,0
DA:351,0
DA:352,0
DA:354,0
DA:355,0
DA:357,0
DA:358,0
DA:360,0
DA:361,0
DA:364,0
DA:365,0
DA:368,0
DA:370,0
DA:377,0
DA:378,0
DA:398,0
LF:85
LH:0
BRDA:34,0,0,0
BRDA:34,0,1,0
BRDA:34,0,2,0
BRDA:46,1,0,0
BRDA:46,1,1,0
BRDA:188,2,0,0
BRDA:188,2,1,0
BRDA:192,3,0,0
BRDA:192,3,1,0
BRDA:196,4,0,0
BRDA:196,4,1,0
BRDA:214,5,0,0
BRDA:214,5,1,0
BRDA:214,6,0,0
BRDA:214,6,1,0
BRDA:219,7,0,0
BRDA:219,7,1,0
BRDA:219,8,0,0
BRDA:219,8,1,0
BRDA:223,9,0,0
BRDA:223,9,1,0
BRDA:223,10,0,0
BRDA:223,10,1,0
BRDA:251,11,0,0
BRDA:251,11,1,0
BRDA:280,12,0,0
BRDA:282,13,0,0
BRDA:282,13,1,0
BRDA:282,14,0,0
BRDA:282,14,1,0
BRDA:290,15,0,0
BRDA:296,16,0,0
BRDA:297,17,0,0
BRDA:298,18,0,0
BRDA:299,19,0,0
BRDA:305,20,0,0
BRDA:305,20,1,0
BRDA:310,21,0,0
BRDA:310,21,1,0
BRDA:310,22,0,0
BRDA:310,22,1,0
BRDA:315,23,0,0
BRDA:315,23,1,0
BRDA:315,24,0,0
BRDA:315,24,1,0
BRDA:316,25,0,0
BRDA:316,25,1,0
BRDA:317,26,0,0
BRDA:317,26,1,0
BRDA:325,27,0,0
BRDA:325,27,1,0
BRDA:337,28,0,0
BRDA:337,28,1,0
BRDA:337,29,0,0
BRDA:337,29,1,0
BRDA:337,29,2,0
BRDA:349,30,0,0
BRDA:349,30,1,0
BRDA:349,30,2,0
BRDA:349,30,3,0
BRDA:349,30,4,0
BRDA:349,30,5,0
BRDA:377,31,0,0
BRF:63
BRH:0
end_of_record
TN:
SF:src/models/ServiceRequest.js
FN:139,(anonymous_0)
FN:165,(anonymous_1)
FN:176,(anonymous_2)
FN:205,(anonymous_3)
FN:210,(anonymous_4)
FN:215,(anonymous_5)
FN:220,(anonymous_6)
FN:225,(anonymous_7)
FN:233,(anonymous_8)
FN:241,(anonymous_9)
FN:263,(anonymous_10)
FN:288,(anonymous_11)
FNF:12
FNH:2
FNDA:67,(anonymous_0)
FNDA:22,(anonymous_1)
FNDA:0,(anonymous_2)
FNDA:0,(anonymous_3)
FNDA:0,(anonymous_4)
FNDA:0,(anonymous_5)
FNDA:0,(anonymous_6)
FNDA:0,(anonymous_7)
FNDA:0,(anonymous_8)
FNDA:0,(anonymous_9)
FNDA:0,(anonymous_10)
FNDA:0,(anonymous_11)
DA:1,3
DA:3,3
DA:124,3
DA:125,3
DA:126,3
DA:127,3
DA:128,3
DA:131,3
DA:139,3
DA:140,67
DA:141,9
DA:147,9
DA:149,4
DA:150,4
DA:152,1
DA:153,1
DA:155,3
DA:156,3
DA:158,1
DA:159,1
DA:165,3
DA:166,22
DA:176,3
DA:177,0
DA:178,0
DA:186,0
DA:188,0
DA:189,0
DA:191,0
DA:192,0
DA:194,0
DA:195,0
DA:197,0
DA:198,0
DA:201,0
DA:205,3
DA:206,0
DA:210,3
DA:211,0
DA:215,3
DA:216,0
DA:220,3
DA:221,0
DA:225,3
DA:226,0
DA:227,0
DA:229,0
DA:233,3
DA:234,0
DA:241,3
DA:242,0
DA:247,0
DA:248,0
DA:259,0
DA:263,3
DA:264,0
DA:288,3
DA:289,0
DA:292,3
LF:59
LH:33
BRDA:140,0,0,9
BRDA:140,0,1,58
BRDA:140,1,0,67
BRDA:140,1,1,41
BRDA:147,2,0,4
BRDA:147,2,1,1
BRDA:147,2,2,3
BRDA:147,2,3,1
BRDA:186,3,0,0
BRDA:186,3,1,0
BRDA:186,3,2,0
BRDA:186,3,3,0
BRDA:226,4,0,0
BRDA:226,4,1,0
BRDA:226,5,0,0
BRDA:226,5,1,0
BRDA:233,6,0,0
BRDA:241,7,0,0
BRDA:247,8,0,0
BRDA:247,8,1,0
BRDA:247,9,0,0
BRDA:247,9,1,0
BRDA:247,9,2,0
BRDA:263,10,0,0
BRF:24
BRH:8
end_of_record
TN:
SF:src/models/User.js
FN:72,(anonymous_0)
FN:77,(anonymous_1)
FN:91,(anonymous_2)
FN:97,(anonymous_3)
FN:112,(anonymous_4)
FN:145,(anonymous_5)
FN:190,(anonymous_6)
FNF:7
FNH:2
FNDA:0,(anonymous_0)
FNDA:114,(anonymous_1)
FNDA:5,(anonymous_2)
FNDA:0,(anonymous_3)
FNDA:0,(anonymous_4)
FNDA:0,(anonymous_5)
FNDA:0,(anonymous_6)
DA:1,4
DA:2,4
DA:3,4
DA:5,4
DA:68,4
DA:69,4
DA:72,4
DA:73,0
DA:77,4
DA:79,114
DA:81,103
DA:83,103
DA:84,103
DA:86,0
DA:91,4
DA:92,5
DA:93,4
DA:97,4
DA:98,0
DA:112,4
DA:114,0
DA:115,0
DA:125,0
DA:132,0
DA:133,0
DA:135,0
DA:136,0
DA:141,0
DA:145,4
DA:147,0
DA:149,0
DA:150,0
DA:154,0
DA:155,0
DA:159,0
DA:161,0
DA:163,0
DA:164,0
DA:168,0
DA:169,0
DA:179,0
DA:186,0
DA:190,4
DA:191,0
DA:194,4
LF:45
LH:20
BRDA:73,0,0,0
BRDA:73,0,1,0
BRDA:79,1,0,11
BRDA:79,1,1,103
BRDA:92,2,0,1
BRDA:92,2,1,4
BRDA:106,3,0,0
BRDA:106,3,1,0
BRDA:114,4,0,0
BRDA:114,4,1,0
BRDA:114,5,0,0
BRDA:114,5,1,0
BRDA:135,6,0,0
BRDA:135,6,1,0
BRDA:135,7,0,0
BRDA:135,7,1,0
BRDA:149,8,0,0
BRDA:149,8,1,0
BRDA:154,9,0,0
BRDA:154,9,1,0
BRDA:161,10,0,0
BRDA:161,10,1,0
BRDA:168,11,0,0
BRDA:168,11,1,0
BRDA:190,12,0,0
BRF:25
BRH:4
end_of_record
TN:
SF:src/routes/admin.js
FNF:0
FNH:0
DA:1,0
DA:2,0
DA:3,0
DA:4,0
DA:7,0
DA:8,0
DA:13,0
DA:18,0
DA:19,0
DA:20,0
DA:25,0
DA:26,0
DA:27,0
DA:32,0
DA:37,0
DA:42,0
DA:44,0
LF:17
LH:0
BRF:0
BRH:0
end_of_record
TN:
SF:src/routes/auth.js
FNF:0
FNH:0
DA:1,0
DA:2,0
DA:17,0
DA:20,0
DA:21,0
DA:22,0
DA:23,0
DA:26,0
DA:29,0
DA:32,0
DA:33,0
DA:34,0
DA:35,0
DA:36,0
DA:39,0
DA:41,0
DA:42,0
DA:43,0
DA:44,0
DA:45,0
DA:46,0
DA:48,0
LF:22
LH:0
BRF:0
BRH:0
end_of_record
TN:
SF:src/routes/complaints.js
FNF:0
FNH:0
DA:1,0
DA:2,0
DA:17,0
DA:20,0
DA:23,0
DA:26,0
DA:31,0
DA:32,0
DA:33,0
DA:35,0
DA:39,0
DA:40,0
DA:41,0
DA:42,0
DA:43,0
DA:45,0
LF:16
LH:0
BRF:0
BRH:0
end_of_record
TN:
SF:src/routes/messages.js
FNF:0
FNH:0
DA:1,0
DA:2,0
DA:12,0
DA:15,0
DA:18,0
DA:21,0
DA:24,0
DA:27,0
DA:30,0
DA:33,0
DA:36,0
DA:38,0
LF:12
LH:0
BRF:0
BRH:0
end_of_record
TN:
SF:src/routes/notifications.js
FNF:0
FNH:0
DA:1,0
DA:2,0
DA:17,0
DA:20,0
DA:23,0
DA:26,0
DA:29,0
DA:30,0
DA:31,0
DA:33,0
DA:36,0
DA:39,0
DA:40,0
DA:41,0
DA:42,0
DA:43,0
DA:45,0
LF:17
LH:0
BRF:0
BRH:0
end_of_record
TN:
SF:src/routes/payments.js
FNF:0
FNH:0
DA:1,0
DA:2,0
DA:13,0
DA:16,0
DA:19,0
DA:22,0
DA:23,0
DA:24,0
DA:25,0
DA:28,0
DA:31,0
DA:32,0
DA:34,0
LF:13
LH:0
BRF:0
BRH:0
end_of_record
TN:
SF:src/routes/providers.js
FNF:0
FNH:0
DA:1,0
DA:2,0
DA:12,0
DA:15,0
DA:18,0
DA:19,0
DA:20,0
DA:23,0
DA:24,0
DA:26,0
DA:27,0
DA:28,0
DA:30,0
LF:13
LH:0
BRF:0
BRH:0
end_of_record
TN:
SF:src/routes/requests.js
FNF:0
FNH:0
DA:1,0
DA:2,0
DA:12,0
DA:15,0
DA:18,0
DA:21,0
DA:25,0
DA:27,0
DA:30,0
DA:31,0
DA:33,0
LF:11
LH:0
BRF:0
BRH:0
end_of_record
TN:
SF:src/routes/reviews.js
FNF:0
FNH:0
DA:1,0
DA:2,0
DA:14,0
DA:17,0
DA:20,0
DA:21,0
DA:22,0
DA:23,0
DA:26,0
DA:28,0
DA:32,0
DA:33,0
DA:35,0
LF:13
LH:0
BRF:0
BRH:0
end_of_record
TN:
SF:src/routes/services.js
FNF:0
FNH:0
DA:1,0
DA:2,0
DA:17,0
DA:20,0
DA:23,0
DA:24,0
DA:25,0
DA:26,0
DA:29,0
DA:32,0
DA:33,0
DA:34,0
DA:36,0
DA:39,0
DA:43,0
DA:45,0
LF:16
LH:0
BRF:0
BRH:0
end_of_record
TN:
SF:src/routes/upload.js
FNF:0
FNH:0
DA:1,0
DA:2,0
DA:3,0
DA:4,0
DA:11,0
DA:18,0
DA:25,0
DA:32,0
DA:39,0
DA:41,0
LF:10
LH:0
BRF:0
BRH:0
end_of_record
TN:
SF:src/routes/users.js
FN:1,(anonymous_0)
FNF:1
FNH:0
FNDA:0,(anonymous_0)
DA:1,0
LF:1
LH:0
BRF:0
BRH:0
end_of_record
TN:
SF:src/routes/webhooks.js
FNF:0
FNH:0
DA:1,0
DA:2,0
DA:10,0
DA:16,0
DA:19,0
DA:20,0
DA:21,0
DA:23,0
LF:8
LH:0
BRF:0
BRH:0
end_of_record
TN:
SF:src/services/mpesaService.js
FN:20,(anonymous_0)
FN:50,(anonymous_1)
FN:58,(anonymous_2)
FN:98,(anonymous_3)
FN:178,(anonymous_4)
FN:232,(anonymous_5)
FN:279,(anonymous_6)
FNF:7
FNH:0
FNDA:0,(anonymous_0)
FNDA:0,(anonymous_1)
FNDA:0,(anonymous_2)
FNDA:0,(anonymous_3)
FNDA:0,(anonymous_4)
FNDA:0,(anonymous_5)
FNDA:0,(anonymous_6)
DA:1,0
DA:4,0
DA:5,0
DA:8,0
DA:20,0
DA:21,0
DA:24,0
DA:27,0
DA:28,0
DA:32,0
DA:33,0
DA:37,0
DA:38,0
DA:42,0
DA:50,0
DA:51,0
DA:58,0
DA:59,0
DA:60,0
DA:61,0
DA:63,0
DA:64,0
DA:67,0
DA:69,0
DA:78,0
DA:79,0
DA:81,0
DA:82,0
DA:83,0
DA:84,0
DA:86,0
DA:98,0
DA:99,0
DA:101,0
DA:103,0
DA:104,0
DA:111,0
DA:112,0
DA:115,0
DA:116,0
DA:117,0
DA:122,0
DA:124,0
DA:125,0
DA:126,0
DA:127,0
DA:128,0
DA:130,0
DA:149,0
DA:151,0
DA:160,0
DA:161,0
DA:162,0
DA:163,0
DA:165,0
DA:178,0
DA:179,0
DA:180,0
DA:181,0
DA:183,0
DA:184,0
DA:185,0
DA:189,0
DA:201,0
DA:204,0
DA:212,0
DA:213,0
DA:214,0
DA:216,0
DA:232,0
DA:233,0
DA:234,0
DA:235,0
DA:237,0
DA:255,0
DA:262,0
DA:263,0
DA:264,0
DA:266,0
DA:279,0
DA:280,0
DA:281,0
DA:283,0
DA:289,0
DA:294,0
DA:295,0
DA:302,0
LF:87
LH:0
BRDA:21,0,0,0
BRDA:21,0,1,0
BRDA:27,1,0,0
BRDA:27,1,1,0
BRDA:27,2,0,0
BRDA:27,2,1,0
BRDA:32,3,0,0
BRDA:32,3,1,0
BRDA:32,4,0,0
BRDA:32,4,1,0
BRDA:37,5,0,0
BRDA:37,5,1,0
BRDA:37,6,0,0
BRDA:37,6,1,0
BRDA:37,6,2,0
BRDA:63,7,0,0
BRDA:63,7,1,0
BRDA:63,8,0,0
BRDA:63,8,1,0
BRDA:63,8,2,0
BRDA:82,9,0,0
BRDA:82,9,1,0
BRDA:98,10,0,0
BRDA:103,11,0,0
BRDA:103,11,1,0
BRDA:122,12,0,0
BRDA:122,12,1,0
BRDA:161,13,0,0
BRDA:161,13,1,0
BRDA:167,14,0,0
BRDA:167,14,1,0
BRDA:168,15,0,0
BRDA:168,15,1,0
BRDA:205,16,0,0
BRDA:205,16,1,0
BRDA:213,17,0,0
BRDA:213,17,1,0
BRDA:218,18,0,0
BRDA:218,18,1,0
BRDA:232,19,0,0
BRDA:232,20,0,0
BRDA:246,21,0,0
BRDA:246,21,1,0
BRDA:247,22,0,0
BRDA:247,22,1,0
BRDA:263,23,0,0
BRDA:263,23,1,0
BRDA:268,24,0,0
BRDA:268,24,1,0
BRDA:269,25,0,0
BRDA:269,25,1,0
BRF:51
BRH:0
end_of_record
TN:
SF:src/services/stripeService.js
FN:10,(anonymous_0)
FN:45,(anonymous_1)
FN:74,(anonymous_2)
FN:101,(anonymous_3)
FN:136,(anonymous_4)
FN:154,(anonymous_5)
FNF:6
FNH:0
FNDA:0,(anonymous_0)
FNDA:0,(anonymous_1)
FNDA:0,(anonymous_2)
FNDA:0,(anonymous_3)
FNDA:0,(anonymous_4)
FNDA:0,(anonymous_5)
DA:1,0
DA:10,0
DA:11,0
DA:12,0
DA:22,0
DA:31,0
DA:45,0
DA:46,0
DA:47,0
DA:52,0
DA:61,0
DA:74,0
DA:75,0
DA:76,0
DA:78,0
DA:87,0
DA:101,0
DA:102,0
DA:103,0
DA:107,0
DA:108,0
DA:111,0
DA:113,0
DA:122,0
DA:136,0
DA:137,0
DA:138,0
DA:143,0
DA:145,0
DA:146,0
DA:154,0
DA:155,0
DA:156,0
DA:158,0
DA:165,0
DA:173,0
LF:36
LH:0
BRDA:10,0,0,0
BRDA:10,1,0,0
BRDA:49,2,0,0
BRDA:49,2,1,0
BRDA:56,3,0,0
BRDA:56,3,1,0
BRDA:84,4,0,0
BRDA:84,4,1,0
BRDA:101,5,0,0
BRDA:107,6,0,0
BRDA:107,6,1,0
BRDA:160,7,0,0
BRDA:160,7,1,0
BRDA:161,8,0,0
BRDA:161,8,1,0
BRDA:162,9,0,0
BRDA:162,9,1,0
BRF:17
BRH:0
end_of_record
TN:
SF:src/utils/auth.js
FN:10,(anonymous_0)
FN:19,(anonymous_1)
FN:28,(anonymous_2)
FN:37,(anonymous_3)
FN:46,(anonymous_4)
FN:62,(anonymous_5)
FNF:6
FNH:0
FNDA:0,(anonymous_0)
FNDA:0,(anonymous_1)
FNDA:0,(anonymous_2)
FNDA:0,(anonymous_3)
FNDA:0,(anonymous_4)
FNDA:0,(anonymous_5)
DA:1,1
DA:2,1
DA:10,1
DA:11,0
DA:19,1
DA:20,0
DA:28,1
DA:29,0
DA:37,1
DA:38,0
DA:46,1
DA:47,0
DA:62,1
DA:64,0
DA:67,0
DA:69,0
DA:90,1
LF:17
LH:9
BRDA:10,0,0,0
BRDA:10,1,0,0
BRDA:10,1,1,0
BRDA:28,2,0,0
BRDA:46,3,0,0
BRDA:62,4,0,0
BRF:6
BRH:0
end_of_record
TN:
SF:src/utils/email.js
FN:7,(anonymous_0)
FN:15,(anonymous_1)
FN:19,(anonymous_2)
FN:47,(anonymous_3)
FN:71,(anonymous_4)
FN:116,(anonymous_5)
FN:164,(anonymous_6)
FN:206,(anonymous_7)
FNF:8
FNH:2
FNDA:1,(anonymous_0)
FNDA:1,(anonymous_1)
FNDA:0,(anonymous_2)
FNDA:0,(anonymous_3)
FNDA:0,(anonymous_4)
FNDA:0,(anonymous_5)
FNDA:0,(anonymous_6)
FNDA:0,(anonymous_7)
DA:1,1
DA:8,1
DA:16,1
DA:18,0
DA:20,0
DA:21,0
DA:22,0
DA:23,0
DA:24,0
DA:25,0
DA:31,1
DA:48,0
DA:56,0
DA:57,0
DA:58,0
DA:59,0
DA:61,0
DA:62,0
DA:72,0
DA:73,0
DA:87,0
DA:103,0
DA:117,0
DA:118,0
DA:134,0
DA:151,0
DA:165,0
DA:166,0
DA:178,0
DA:193,0
DA:207,0
DA:208,0
DA:209,0
DA:210,0
DA:212,0
DA:230,0
DA:252,0
DA:261,1
LF:38
LH:5
BRDA:16,0,0,0
BRDA:16,0,1,1
BRDA:49,1,0,0
BRDA:49,1,1,0
BRDA:208,2,0,0
BRDA:208,2,1,0
BRDA:209,3,0,0
BRDA:209,3,1,0
BRDA:210,4,0,0
BRDA:210,4,1,0
BRF:10
BRH:1
end_of_record
TN:
SF:src/utils/sanitize.js
FN:7,sanitizeInput
FN:17,escapeHtml
FN:26,sanitizeObject
FN:31,(anonymous_3)
FNF:4
FNH:0
FNDA:0,sanitizeInput
FNDA:0,escapeHtml
FNDA:0,sanitizeObject
FNDA:0,(anonymous_3)
DA:1,0
DA:8,0
DA:11,0
DA:18,0
DA:20,0
DA:27,0
DA:29,0
DA:31,0
DA:32,0
DA:33,0
DA:37,0
DA:40,0
LF:12
LH:0
BRDA:8,0,0,0
BRDA:8,0,1,0
BRDA:8,1,0,0
BRDA:8,1,1,0
BRDA:18,2,0,0
BRDA:18,2,1,0
BRDA:18,3,0,0
BRDA:18,3,1,0
BRDA:26,4,0,0
BRDA:27,5,0,0
BRDA:27,5,1,0
BRDA:27,6,0,0
BRDA:27,6,1,0
BRDA:32,7,0,0
BRDA:32,7,1,0
BRDA:32,8,0,0
BRDA:32,8,1,0
BRF:17
BRH:0
end_of_record
TN:
SF:src/utils/security.js
FN:5,escapeRegex
FN:15,makeSafeRegex
FNF:2
FNH:0
FNDA:0,escapeRegex
FNDA:0,makeSafeRegex
DA:6,0
DA:7,0
DA:16,0
DA:18,0
DA:19,0
DA:21,0
DA:22,0
DA:24,0
DA:28,0
LF:9
LH:0
BRDA:6,0,0,0
BRDA:6,0,1,0
BRDA:15,1,0,0
BRDA:16,2,0,0
BRDA:16,2,1,0
BRDA:16,3,0,0
BRDA:16,3,1,0
BRDA:19,4,0,0
BRDA:19,4,1,0
BRF:9
BRH:0
end_of_record
